kernel_name = _Z11mult_matrixPA400_iS0_S0_ 
kernel_launch_uid = 1 

Kernel Average Power Data:
kernel_avg_power = 65.1315
gpu_avg_IBP, = 0.000804246
gpu_avg_ICP, = 0.00712279
gpu_avg_DCP, = 6.24003
gpu_avg_TCP, = 0
gpu_avg_CCP, = 0.000499847
gpu_avg_SHRDP, = 0
gpu_avg_RFP, = 0.473262
gpu_avg_SPP, = 0.0130506
gpu_avg_SFUP, = 0.309889
gpu_avg_FPUP, = 0
gpu_avg_SCHEDP, = 0.0118638
gpu_avg_L2CP, = 30.2974
gpu_avg_MCP, = 3.0627
gpu_avg_NOCP, = 13.8399
gpu_avg_DRAMP, = 0.565969
gpu_avg_PIPEP, = 0.266163
gpu_avg_IDLE_COREP, = 0.21911
gpu_avg_CONST_DYNAMICP = 9.82366
gpu_avg_TOT_INST, = 158.95
gpu_avg_FP_INT, = 154.385
gpu_avg_IC_H, = 79.4548
gpu_avg_IC_M, = 0.0219114
gpu_avg_DC_RH, = 558.419
gpu_avg_DC_RM, = 579.94
gpu_avg_DC_WH, = 4.074
gpu_avg_DC_WM, = 1095.79
gpu_avg_TC_H, = 0
gpu_avg_TC_M, = 0
gpu_avg_CC_H, = 0.270567
gpu_avg_CC_M, = 0.00824898
gpu_avg_SHRD_ACC, = 0
gpu_avg_REG_RD, = 8368.47
gpu_avg_REG_WR, = 23081.5
gpu_avg_NON_REG_OPs, = 2623.55
gpu_avg_SP_ACC, = 3459.24
gpu_avg_SFU_ACC, = 4577.89
gpu_avg_FPU_ACC, = 0
gpu_avg_MEM_RD, = 15.4704
gpu_avg_MEM_WR, = 0
gpu_avg_MEM_PRE, = 2.06895
gpu_avg_L2_RH, = 2304.3
gpu_avg_L2_RM, = 3.82567
gpu_avg_L2_WH, = 1095.59
gpu_avg_L2_WM, = 0.117256
gpu_avg_NOC_A, = 5099.44
gpu_avg_PIPE_A, = 0.0104534
gpu_avg_IDLE_CORE_N, = 0.137805
gpu_avg_CONST_DYNAMICN = 0

Kernel Maximum Power Data:
kernel_max_power = 144.195
gpu_max_IBP, = 0.00237808
gpu_max_ICP, = 0.0571367
gpu_max_DCP, = 22.4815
gpu_max_TCP, = 0
gpu_max_CCP, = 0
gpu_max_SHRDP, = 0
gpu_max_RFP, = 0.930653
gpu_max_SPP, = 0
gpu_max_SFUP, = 1.02568
gpu_max_FPUP, = 0
gpu_max_SCHEDP, = 0.0361174
gpu_max_L2CP, = 81.4458
gpu_max_MCP, = 7.04876
gpu_max_NOCP, = 20.5152
gpu_max_DRAMP, = 0
gpu_max_PIPEP, = 0.828357
gpu_max_IDLE_COREP, = 0
gpu_max_CONST_DYNAMICP = 9.82366
gpu_max_TOT_INST, = 470
gpu_max_FP_INT, = 470
gpu_max_IC_H, = 233
gpu_max_IC_M, = 12
gpu_max_DC_RH, = 3825
gpu_max_DC_RM, = 18
gpu_max_DC_WH, = 0
gpu_max_DC_WM, = 3452
gpu_max_TC_H, = 0
gpu_max_TC_M, = 0
gpu_max_CC_H, = 0
gpu_max_CC_M, = 0
gpu_max_SHRD_ACC, = 0
gpu_max_REG_RD, = 27392
gpu_max_REG_WR, = 5824
gpu_max_NON_REG_OPs, = 8128
gpu_max_SP_ACC, = 0
gpu_max_SFU_ACC, = 15152
gpu_max_FPU_ACC, = 0
gpu_max_MEM_RD, = 0
gpu_max_MEM_WR, = 0
gpu_max_MEM_PRE, = 0
gpu_max_L2_RH, = 94
gpu_max_L2_RM, = 1
gpu_max_L2_WH, = 4181
gpu_max_L2_WM, = 0
gpu_max_NOC_A, = 7559
gpu_max_PIPE_A, = 0.0325334
gpu_max_IDLE_CORE_N, = 0
gpu_max_CONST_DYNAMICN = 0

Kernel Minimum Power Data:
kernel_min_power = 18.9142
gpu_min_IBP, = 0.00972483
gpu_min_ICP, = 1.50049
gpu_min_DCP, = 0
gpu_min_TCP, = 0
gpu_min_CCP, = 0.616134
gpu_min_SHRDP, = 0
gpu_min_RFP, = 2.1436
gpu_min_SPP, = 1.28646
gpu_min_SFUP, = 0.641184
gpu_min_FPUP, = 0
gpu_min_SCHEDP, = 0.144854
gpu_min_L2CP, = 0.243763
gpu_min_MCP, = 1.31557
gpu_min_NOCP, = 0.244261
gpu_min_DRAMP, = 0.143166
gpu_min_PIPEP, = 0.753668
gpu_min_IDLE_COREP, = 0.0476996
gpu_min_CONST_DYNAMICP = 9.82366
gpu_min_TOT_INST, = 1922
gpu_min_FP_INT, = 1885
gpu_min_IC_H, = 481
gpu_min_IC_M, = 480
gpu_min_DC_RH, = 0
gpu_min_DC_RM, = 0
gpu_min_DC_WH, = 0
gpu_min_DC_WM, = 0
gpu_min_TC_H, = 0
gpu_min_TC_M, = 0
gpu_min_CC_H, = 0
gpu_min_CC_M, = 480
gpu_min_SHRD_ACC, = 0
gpu_min_REG_RD, = 11840
gpu_min_REG_WR, = 13024
gpu_min_NON_REG_OPs, = 25792
gpu_min_SP_ACC, = 340992
gpu_min_SFU_ACC, = 9472
gpu_min_FPU_ACC, = 0
gpu_min_MEM_RD, = 4
gpu_min_MEM_WR, = 0
gpu_min_MEM_PRE, = 0
gpu_min_L2_RH, = 62
gpu_min_L2_RM, = 2
gpu_min_L2_WH, = 0
gpu_min_L2_WM, = 0
gpu_min_NOC_A, = 90
gpu_min_PIPE_A, = 0.0296
gpu_min_IDLE_CORE_N, = 0.0299997
gpu_min_CONST_DYNAMICN = 0

Accumulative Power Statistics Over Previous Kernels:
gpu_tot_avg_power = 65.1315
gpu_tot_max_power = 144.195
gpu_tot_min_power = 18.9142


