kernel_name = _Z11mult_matrixPA300_iS0_S0_ 
kernel_launch_uid = 1 

Kernel Average Power Data:
kernel_avg_power = 67.592
gpu_avg_IBP, = 0.00111418
gpu_avg_ICP, = 0.00992347
gpu_avg_DCP, = 6.7832
gpu_avg_TCP, = 0
gpu_avg_CCP, = 0.00074784
gpu_avg_SHRDP, = 0
gpu_avg_RFP, = 0.586334
gpu_avg_SPP, = 0.0436364
gpu_avg_SFUP, = 0.339151
gpu_avg_FPUP, = 0
gpu_avg_SCHEDP, = 0.0153986
gpu_avg_L2CP, = 31.4339
gpu_avg_MCP, = 3.16585
gpu_avg_NOCP, = 13.7927
gpu_avg_DRAMP, = 0.0334603
gpu_avg_PIPEP, = 0.357297
gpu_avg_IDLE_COREP, = 1.20567
gpu_avg_CONST_DYNAMICP = 9.82366
gpu_avg_TOT_INST, = 220.204
gpu_avg_FP_INT, = 200.384
gpu_avg_IC_H, = 110.057
gpu_avg_IC_M, = 0.0492219
gpu_avg_DC_RH, = 679.256
gpu_avg_DC_RM, = 544.297
gpu_avg_DC_WH, = 5.29227
gpu_avg_DC_WM, = 1174.98
gpu_avg_TC_H, = 0
gpu_avg_TC_M, = 0
gpu_avg_CC_H, = 0.398671
gpu_avg_CC_M, = 0.0209827
gpu_avg_SHRD_ACC, = 0
gpu_avg_REG_RD, = 10183.6
gpu_avg_REG_WR, = 23498.7
gpu_avg_NON_REG_OPs, = 3851.29
gpu_avg_SP_ACC, = 11566.4
gpu_avg_SFU_ACC, = 5010.17
gpu_avg_FPU_ACC, = 0
gpu_avg_MEM_RD, = 0.915894
gpu_avg_MEM_WR, = 0
gpu_avg_MEM_PRE, = 0.114618
gpu_avg_L2_RH, = 2176.28
gpu_avg_L2_RM, = 0.228974
gpu_avg_L2_WH, = 1180.27
gpu_avg_L2_WM, = 0
gpu_avg_NOC_A, = 5082.04
gpu_avg_PIPE_A, = 0.0140327
gpu_avg_IDLE_CORE_N, = 0.75828
gpu_avg_CONST_DYNAMICN = 0

Kernel Maximum Power Data:
kernel_max_power = 141.63
gpu_max_IBP, = 0.00407816
gpu_max_ICP, = 0.0358785
gpu_max_DCP, = 22.6728
gpu_max_TCP, = 0
gpu_max_CCP, = 0
gpu_max_SHRDP, = 0
gpu_max_RFP, = 1.51356
gpu_max_SPP, = 0.169499
gpu_max_SFUP, = 1.09229
gpu_max_FPUP, = 0
gpu_max_SCHEDP, = 0.054714
gpu_max_L2CP, = 75.026
gpu_max_MCP, = 7.47893
gpu_max_NOCP, = 21.3267
gpu_max_DRAMP, = 1.15718
gpu_max_PIPEP, = 1.27479
gpu_max_IDLE_COREP, = 0
gpu_max_CONST_DYNAMICP = 9.82366
gpu_max_TOT_INST, = 806
gpu_max_FP_INT, = 712
gpu_max_IC_H, = 404
gpu_max_IC_M, = 0
gpu_max_DC_RH, = 3579
gpu_max_DC_RM, = 35
gpu_max_DC_WH, = 3
gpu_max_DC_WM, = 3868
gpu_max_TC_H, = 0
gpu_max_TC_M, = 0
gpu_max_CC_H, = 0
gpu_max_CC_M, = 0
gpu_max_SHRD_ACC, = 0
gpu_max_REG_RD, = 35232
gpu_max_REG_WR, = 13440
gpu_max_NON_REG_OPs, = 14048
gpu_max_SP_ACC, = 44928
gpu_max_SFU_ACC, = 16136
gpu_max_FPU_ACC, = 0
gpu_max_MEM_RD, = 32
gpu_max_MEM_WR, = 0
gpu_max_MEM_PRE, = 2
gpu_max_L2_RH, = 128
gpu_max_L2_RM, = 8
gpu_max_L2_WH, = 3843
gpu_max_L2_WM, = 0
gpu_max_NOC_A, = 7858
gpu_max_PIPE_A, = 0.0500667
gpu_max_IDLE_CORE_N, = 0
gpu_max_CONST_DYNAMICN = 0

Kernel Minimum Power Data:
kernel_min_power = 18.9142
gpu_min_IBP, = 0.00972483
gpu_min_ICP, = 1.50049
gpu_min_DCP, = 0
gpu_min_TCP, = 0
gpu_min_CCP, = 0.616134
gpu_min_SHRDP, = 0
gpu_min_RFP, = 2.1436
gpu_min_SPP, = 1.28646
gpu_min_SFUP, = 0.641184
gpu_min_FPUP, = 0
gpu_min_SCHEDP, = 0.144854
gpu_min_L2CP, = 0.243763
gpu_min_MCP, = 1.31557
gpu_min_NOCP, = 0.244261
gpu_min_DRAMP, = 0.143166
gpu_min_PIPEP, = 0.753668
gpu_min_IDLE_COREP, = 0.0476996
gpu_min_CONST_DYNAMICP = 9.82366
gpu_min_TOT_INST, = 1922
gpu_min_FP_INT, = 1885
gpu_min_IC_H, = 481
gpu_min_IC_M, = 480
gpu_min_DC_RH, = 0
gpu_min_DC_RM, = 0
gpu_min_DC_WH, = 0
gpu_min_DC_WM, = 0
gpu_min_TC_H, = 0
gpu_min_TC_M, = 0
gpu_min_CC_H, = 0
gpu_min_CC_M, = 480
gpu_min_SHRD_ACC, = 0
gpu_min_REG_RD, = 11840
gpu_min_REG_WR, = 13024
gpu_min_NON_REG_OPs, = 25792
gpu_min_SP_ACC, = 340992
gpu_min_SFU_ACC, = 9472
gpu_min_FPU_ACC, = 0
gpu_min_MEM_RD, = 4
gpu_min_MEM_WR, = 0
gpu_min_MEM_PRE, = 0
gpu_min_L2_RH, = 62
gpu_min_L2_RM, = 2
gpu_min_L2_WH, = 0
gpu_min_L2_WM, = 0
gpu_min_NOC_A, = 90
gpu_min_PIPE_A, = 0.0296
gpu_min_IDLE_CORE_N, = 0.0299997
gpu_min_CONST_DYNAMICN = 0

Accumulative Power Statistics Over Previous Kernels:
gpu_tot_avg_power = 67.592
gpu_tot_max_power = 141.63
gpu_tot_min_power = 18.9142


