kernel_name = _Z11mult_matrixPA50_iS0_S0_ 
kernel_launch_uid = 1 

Kernel Average Power Data:
kernel_avg_power = 51.4019
gpu_avg_IBP, = 0.000913237
gpu_avg_ICP, = 0.0117613
gpu_avg_DCP, = 3.6782
gpu_avg_TCP, = 0
gpu_avg_CCP, = 0.00295859
gpu_avg_SHRDP, = 0
gpu_avg_RFP, = 0.346689
gpu_avg_SPP, = 0.0680222
gpu_avg_SFUP, = 0.206306
gpu_avg_FPUP, = 0
gpu_avg_SCHEDP, = 0.0120024
gpu_avg_L2CP, = 11.5463
gpu_avg_MCP, = 2.14698
gpu_avg_NOCP, = 3.31245
gpu_avg_DRAMP, = 0.0568379
gpu_avg_PIPEP, = 0.286869
gpu_avg_IDLE_COREP, = 19.9019
gpu_avg_CONST_DYNAMICP = 9.82366
gpu_avg_TOT_INST, = 180.491
gpu_avg_FP_INT, = 156.189
gpu_avg_IC_H, = 89.0425
gpu_avg_IC_M, = 1.26887
gpu_avg_DC_RH, = 616.297
gpu_avg_DC_RM, = 8.42453
gpu_avg_DC_WH, = 18.1462
gpu_avg_DC_WM, = 571.024
gpu_avg_TC_H, = 0
gpu_avg_TC_M, = 0
gpu_avg_CC_H, = 1.20755
gpu_avg_CC_M, = 0.603774
gpu_avg_SHRD_ACC, = 0
gpu_avg_REG_RD, = 7224.45
gpu_avg_REG_WR, = 3194.57
gpu_avg_NON_REG_OPs, = 3320.6
gpu_avg_SP_ACC, = 18030.2
gpu_avg_SFU_ACC, = 3047.7
gpu_avg_FPU_ACC, = 0
gpu_avg_MEM_RD, = 1.58491
gpu_avg_MEM_WR, = 0
gpu_avg_MEM_PRE, = 0.0188679
gpu_avg_L2_RH, = 32.3774
gpu_avg_L2_RM, = 0.391509
gpu_avg_L2_WH, = 588.868
gpu_avg_L2_WM, = 0
gpu_avg_NOC_A, = 1220.5
gpu_avg_PIPE_A, = 0.0112667
gpu_avg_IDLE_CORE_N, = 12.5169
gpu_avg_CONST_DYNAMICN = 0

Kernel Maximum Power Data:
kernel_max_power = 65.0732
gpu_max_IBP, = 0.00151792
gpu_max_ICP, = 0.0133212
gpu_max_DCP, = 6.15116
gpu_max_TCP, = 0
gpu_max_CCP, = 0
gpu_max_SHRDP, = 0
gpu_max_RFP, = 0.575389
gpu_max_SPP, = 0.075333
gpu_max_SFUP, = 0.343337
gpu_max_FPUP, = 0
gpu_max_SCHEDP, = 0.0195188
gpu_max_L2CP, = 21.6411
gpu_max_MCP, = 2.79636
gpu_max_NOCP, = 5.65872
gpu_max_DRAMP, = 0
gpu_max_PIPEP, = 0.483773
gpu_max_IDLE_COREP, = 17.49
gpu_max_CONST_DYNAMICP = 9.82366
gpu_max_TOT_INST, = 300
gpu_max_FP_INT, = 254
gpu_max_IC_H, = 150
gpu_max_IC_M, = 0
gpu_max_DC_RH, = 1038
gpu_max_DC_RM, = 0
gpu_max_DC_WH, = 0
gpu_max_DC_WM, = 962
gpu_max_TC_H, = 0
gpu_max_TC_M, = 0
gpu_max_CC_H, = 0
gpu_max_CC_M, = 0
gpu_max_SHRD_ACC, = 0
gpu_max_REG_RD, = 12384
gpu_max_REG_WR, = 4320
gpu_max_NON_REG_OPs, = 5568
gpu_max_SP_ACC, = 19968
gpu_max_SFU_ACC, = 5072
gpu_max_FPU_ACC, = 0
gpu_max_MEM_RD, = 0
gpu_max_MEM_WR, = 0
gpu_max_MEM_PRE, = 0
gpu_max_L2_RH, = 0
gpu_max_L2_RM, = 0
gpu_max_L2_WH, = 1116
gpu_max_L2_WM, = 0
gpu_max_NOC_A, = 2085
gpu_max_PIPE_A, = 0.019
gpu_max_IDLE_CORE_N, = 11
gpu_max_CONST_DYNAMICN = 0

Kernel Minimum Power Data:
kernel_min_power = 30.5323
gpu_min_IBP, = 0.0024894
gpu_min_ICP, = 0.399219
gpu_min_DCP, = 0
gpu_min_TCP, = 0
gpu_min_CCP, = 0.164302
gpu_min_SHRDP, = 0
gpu_min_RFP, = 0.524582
gpu_min_SPP, = 0.278152
gpu_min_SFUP, = 0.138634
gpu_min_FPUP, = 0
gpu_min_SCHEDP, = 0.0371932
gpu_min_L2CP, = 0.0709727
gpu_min_MCP, = 1.21915
gpu_min_NOCP, = 0.0651363
gpu_min_DRAMP, = 0.143166
gpu_min_PIPEP, = 0.162955
gpu_min_IDLE_COREP, = 17.5027
gpu_min_CONST_DYNAMICP = 9.82366
gpu_min_TOT_INST, = 492
gpu_min_FP_INT, = 484
gpu_min_IC_H, = 118
gpu_min_IC_M, = 128
gpu_min_DC_RH, = 0
gpu_min_DC_RM, = 0
gpu_min_DC_WH, = 0
gpu_min_DC_WM, = 0
gpu_min_TC_H, = 0
gpu_min_TC_M, = 0
gpu_min_CC_H, = 0
gpu_min_CC_M, = 128
gpu_min_SHRD_ACC, = 0
gpu_min_REG_RD, = 2560
gpu_min_REG_WR, = 2816
gpu_min_NON_REG_OPs, = 6400
gpu_min_SP_ACC, = 73728
gpu_min_SFU_ACC, = 2048
gpu_min_FPU_ACC, = 0
gpu_min_MEM_RD, = 4
gpu_min_MEM_WR, = 0
gpu_min_MEM_PRE, = 0
gpu_min_L2_RH, = 18
gpu_min_L2_RM, = 2
gpu_min_L2_WH, = 0
gpu_min_L2_WM, = 0
gpu_min_NOC_A, = 24
gpu_min_PIPE_A, = 0.0064
gpu_min_IDLE_CORE_N, = 11.008
gpu_min_CONST_DYNAMICN = 0

Accumulative Power Statistics Over Previous Kernels:
gpu_tot_avg_power = 51.4019
gpu_tot_max_power = 65.0732
gpu_tot_min_power = 30.5323


