kernel_name = _Z11mult_matrixPA200_iS0_S0_ 
kernel_launch_uid = 1 

Kernel Average Power Data:
kernel_avg_power = 69.2899
gpu_avg_IBP, = 0.00108439
gpu_avg_ICP, = 0.0100478
gpu_avg_DCP, = 7.31821
gpu_avg_TCP, = 0
gpu_avg_CCP, = 0.00128933
gpu_avg_SHRDP, = 0
gpu_avg_RFP, = 0.555059
gpu_avg_SPP, = 0.031703
gpu_avg_SFUP, = 0.376742
gpu_avg_FPUP, = 0
gpu_avg_SCHEDP, = 0.0156082
gpu_avg_L2CP, = 31.3907
gpu_avg_MCP, = 3.27535
gpu_avg_NOCP, = 12.9699
gpu_avg_DRAMP, = 0.0280847
gpu_avg_PIPEP, = 0.354838
gpu_avg_IDLE_COREP, = 3.13757
gpu_avg_CONST_DYNAMICP = 9.82366
gpu_avg_TOT_INST, = 214.317
gpu_avg_FP_INT, = 203.112
gpu_avg_IC_H, = 106.992
gpu_avg_IC_M, = 0.179788
gpu_avg_DC_RH, = 843.675
gpu_avg_DC_RM, = 455.919
gpu_avg_DC_WH, = 7.76195
gpu_avg_DC_WM, = 1241.85
gpu_avg_TC_H, = 0
gpu_avg_TC_M, = 0
gpu_avg_CC_H, = 0.659794
gpu_avg_CC_M, = 0.0749766
gpu_avg_SHRD_ACC, = 0
gpu_avg_REG_RD, = 10687.1
gpu_avg_REG_WR, = 21140.8
gpu_avg_NON_REG_OPs, = 3627.11
gpu_avg_SP_ACC, = 8403.29
gpu_avg_SFU_ACC, = 5565.48
gpu_avg_FPU_ACC, = 0
gpu_avg_MEM_RD, = 0.784442
gpu_avg_MEM_WR, = 0
gpu_avg_MEM_PRE, = 0.00140581
gpu_avg_L2_RH, = 1822.94
gpu_avg_L2_RM, = 0.196189
gpu_avg_L2_WH, = 1249.6
gpu_avg_L2_WM, = 0
gpu_avg_NOC_A, = 4778.87
gpu_avg_PIPE_A, = 0.0139362
gpu_avg_IDLE_CORE_N, = 1.97332
gpu_avg_CONST_DYNAMICN = 0

Kernel Maximum Power Data:
kernel_max_power = 136.67
gpu_max_IBP, = 0.00349123
gpu_max_ICP, = 0.107381
gpu_max_DCP, = 21.8771
gpu_max_TCP, = 0
gpu_max_CCP, = 0
gpu_max_SHRDP, = 0
gpu_max_RFP, = 1.27026
gpu_max_SPP, = 0.0507049
gpu_max_SFUP, = 1.21305
gpu_max_FPUP, = 0
gpu_max_SCHEDP, = 0.050718
gpu_max_L2CP, = 72.1513
gpu_max_MCP, = 7.36807
gpu_max_NOCP, = 21.4461
gpu_max_DRAMP, = 0.149091
gpu_max_PIPEP, = 1.15936
gpu_max_IDLE_COREP, = 0
gpu_max_CONST_DYNAMICP = 9.82366
gpu_max_TOT_INST, = 690
gpu_max_FP_INT, = 660
gpu_max_IC_H, = 320
gpu_max_IC_M, = 26
gpu_max_DC_RH, = 3313
gpu_max_DC_RM, = 35
gpu_max_DC_WH, = 38
gpu_max_DC_WM, = 3931
gpu_max_TC_H, = 0
gpu_max_TC_M, = 0
gpu_max_CC_H, = 0
gpu_max_CC_M, = 0
gpu_max_SHRD_ACC, = 0
gpu_max_REG_RD, = 35424
gpu_max_REG_WR, = 10528
gpu_max_NON_REG_OPs, = 11072
gpu_max_SP_ACC, = 13440
gpu_max_SFU_ACC, = 17920
gpu_max_FPU_ACC, = 0
gpu_max_MEM_RD, = 4
gpu_max_MEM_WR, = 0
gpu_max_MEM_PRE, = 1
gpu_max_L2_RH, = 132
gpu_max_L2_RM, = 1
gpu_max_L2_WH, = 3694
gpu_max_L2_WM, = 0
gpu_max_NOC_A, = 7902
gpu_max_PIPE_A, = 0.0455334
gpu_max_IDLE_CORE_N, = 0
gpu_max_CONST_DYNAMICN = 0

Kernel Minimum Power Data:
kernel_min_power = 18.9142
gpu_min_IBP, = 0.00972483
gpu_min_ICP, = 1.50049
gpu_min_DCP, = 0
gpu_min_TCP, = 0
gpu_min_CCP, = 0.616134
gpu_min_SHRDP, = 0
gpu_min_RFP, = 2.1436
gpu_min_SPP, = 1.28646
gpu_min_SFUP, = 0.641184
gpu_min_FPUP, = 0
gpu_min_SCHEDP, = 0.144854
gpu_min_L2CP, = 0.243763
gpu_min_MCP, = 1.31557
gpu_min_NOCP, = 0.244261
gpu_min_DRAMP, = 0.143166
gpu_min_PIPEP, = 0.753668
gpu_min_IDLE_COREP, = 0.0476996
gpu_min_CONST_DYNAMICP = 9.82366
gpu_min_TOT_INST, = 1922
gpu_min_FP_INT, = 1885
gpu_min_IC_H, = 481
gpu_min_IC_M, = 480
gpu_min_DC_RH, = 0
gpu_min_DC_RM, = 0
gpu_min_DC_WH, = 0
gpu_min_DC_WM, = 0
gpu_min_TC_H, = 0
gpu_min_TC_M, = 0
gpu_min_CC_H, = 0
gpu_min_CC_M, = 480
gpu_min_SHRD_ACC, = 0
gpu_min_REG_RD, = 11840
gpu_min_REG_WR, = 13024
gpu_min_NON_REG_OPs, = 25792
gpu_min_SP_ACC, = 340992
gpu_min_SFU_ACC, = 9472
gpu_min_FPU_ACC, = 0
gpu_min_MEM_RD, = 4
gpu_min_MEM_WR, = 0
gpu_min_MEM_PRE, = 0
gpu_min_L2_RH, = 62
gpu_min_L2_RM, = 2
gpu_min_L2_WH, = 0
gpu_min_L2_WM, = 0
gpu_min_NOC_A, = 90
gpu_min_PIPE_A, = 0.0296
gpu_min_IDLE_CORE_N, = 0.0299997
gpu_min_CONST_DYNAMICN = 0

Accumulative Power Statistics Over Previous Kernels:
gpu_tot_avg_power = 69.2899
gpu_tot_max_power = 136.67
gpu_tot_min_power = 18.9142


