kernel_name = _Z11mult_matrixPA100_iS0_S0_ 
kernel_launch_uid = 1 

Kernel Average Power Data:
kernel_avg_power = 100.178
gpu_avg_IBP, = 0.0027364
gpu_avg_ICP, = 0.0316873
gpu_avg_DCP, = 14.4375
gpu_avg_TCP, = 0
gpu_avg_CCP, = 0.00586003
gpu_avg_SHRDP, = 0
gpu_avg_RFP, = 1.04796
gpu_avg_SPP, = 0.133889
gpu_avg_SFUP, = 0.789528
gpu_avg_FPUP, = 0
gpu_avg_SCHEDP, = 0.0378829
gpu_avg_L2CP, = 46.3427
gpu_avg_MCP, = 5.0307
gpu_avg_NOCP, = 13.7785
gpu_avg_DRAMP, = 0.105838
gpu_avg_PIPEP, = 0.879736
gpu_avg_IDLE_COREP, = 7.72985
gpu_avg_CONST_DYNAMICP = 9.82366
gpu_avg_TOT_INST, = 540.817
gpu_avg_FP_INT, = 492.974
gpu_avg_IC_H, = 267.94
gpu_avg_IC_M, = 2.59861
gpu_avg_DC_RH, = 2348.82
gpu_avg_DC_RM, = 87.2993
gpu_avg_DC_WH, = 27.9536
gpu_avg_DC_WM, = 2292.01
gpu_avg_TC_H, = 0
gpu_avg_TC_M, = 0
gpu_avg_CC_H, = 2.45012
gpu_avg_CC_M, = 1.11369
gpu_avg_SHRD_ACC, = 0
gpu_avg_REG_RD, = 24612.9
gpu_avg_REG_WR, = 11000.1
gpu_avg_NON_REG_OPs, = 9505.26
gpu_avg_SP_ACC, = 35489
gpu_avg_SFU_ACC, = 11663.4
gpu_avg_FPU_ACC, = 0
gpu_avg_MEM_RD, = 2.95592
gpu_avg_MEM_WR, = 0
gpu_avg_MEM_PRE, = 0.00696056
gpu_avg_L2_RH, = 346.868
gpu_avg_L2_RM, = 0.737819
gpu_avg_L2_WH, = 2319.57
gpu_avg_L2_WM, = 0
gpu_avg_NOC_A, = 5076.79
gpu_avg_PIPE_A, = 0.0345513
gpu_avg_IDLE_CORE_N, = 4.86154
gpu_avg_CONST_DYNAMICN = 0

Kernel Maximum Power Data:
kernel_max_power = 137.026
gpu_max_IBP, = 0.00691161
gpu_max_ICP, = 0.0608336
gpu_max_DCP, = 21.8122
gpu_max_TCP, = 0
gpu_max_CCP, = 0
gpu_max_SHRDP, = 0
gpu_max_RFP, = 2.59631
gpu_max_SPP, = 0.16298
gpu_max_SFUP, = 1.86506
gpu_max_FPUP, = 0
gpu_max_SCHEDP, = 0.0955958
gpu_max_L2CP, = 71.2442
gpu_max_MCP, = 7.0714
gpu_max_NOCP, = 20.043
gpu_max_DRAMP, = 0
gpu_max_PIPEP, = 2.24403
gpu_max_IDLE_COREP, = 0
gpu_max_CONST_DYNAMICP = 9.82366
gpu_max_TOT_INST, = 1366
gpu_max_FP_INT, = 1244
gpu_max_IC_H, = 685
gpu_max_IC_M, = 0
gpu_max_DC_RH, = 3527
gpu_max_DC_RM, = 49
gpu_max_DC_WH, = 0
gpu_max_DC_WM, = 3584
gpu_max_TC_H, = 0
gpu_max_TC_M, = 0
gpu_max_CC_H, = 0
gpu_max_CC_M, = 0
gpu_max_SHRD_ACC, = 0
gpu_max_REG_RD, = 65120
gpu_max_REG_WR, = 19648
gpu_max_NON_REG_OPs, = 23840
gpu_max_SP_ACC, = 43200
gpu_max_SFU_ACC, = 27552
gpu_max_FPU_ACC, = 0
gpu_max_MEM_RD, = 0
gpu_max_MEM_WR, = 0
gpu_max_MEM_PRE, = 0
gpu_max_L2_RH, = 222
gpu_max_L2_RM, = 0
gpu_max_L2_WH, = 3629
gpu_max_L2_WM, = 0
gpu_max_NOC_A, = 7385
gpu_max_PIPE_A, = 0.0881334
gpu_max_IDLE_CORE_N, = 0
gpu_max_CONST_DYNAMICN = 0

Kernel Minimum Power Data:
kernel_min_power = 18.9315
gpu_min_IBP, = 0.00972483
gpu_min_ICP, = 1.5096
gpu_min_DCP, = 0
gpu_min_TCP, = 0
gpu_min_CCP, = 0.616134
gpu_min_SHRDP, = 0
gpu_min_RFP, = 2.1436
gpu_min_SPP, = 1.28646
gpu_min_SFUP, = 0.641184
gpu_min_FPUP, = 0
gpu_min_SCHEDP, = 0.144854
gpu_min_L2CP, = 0.243763
gpu_min_MCP, = 1.31557
gpu_min_NOCP, = 0.252403
gpu_min_DRAMP, = 0.143166
gpu_min_PIPEP, = 0.753668
gpu_min_IDLE_COREP, = 0.0476996
gpu_min_CONST_DYNAMICP = 9.82366
gpu_min_TOT_INST, = 1922
gpu_min_FP_INT, = 1885
gpu_min_IC_H, = 481
gpu_min_IC_M, = 483
gpu_min_DC_RH, = 0
gpu_min_DC_RM, = 0
gpu_min_DC_WH, = 0
gpu_min_DC_WM, = 0
gpu_min_TC_H, = 0
gpu_min_TC_M, = 0
gpu_min_CC_H, = 0
gpu_min_CC_M, = 480
gpu_min_SHRD_ACC, = 0
gpu_min_REG_RD, = 11840
gpu_min_REG_WR, = 13024
gpu_min_NON_REG_OPs, = 25792
gpu_min_SP_ACC, = 340992
gpu_min_SFU_ACC, = 9472
gpu_min_FPU_ACC, = 0
gpu_min_MEM_RD, = 4
gpu_min_MEM_WR, = 0
gpu_min_MEM_PRE, = 0
gpu_min_L2_RH, = 62
gpu_min_L2_RM, = 2
gpu_min_L2_WH, = 0
gpu_min_L2_WM, = 0
gpu_min_NOC_A, = 93
gpu_min_PIPE_A, = 0.0296
gpu_min_IDLE_CORE_N, = 0.0299997
gpu_min_CONST_DYNAMICN = 0

Accumulative Power Statistics Over Previous Kernels:
gpu_tot_avg_power = 100.178
gpu_tot_max_power = 137.026
gpu_tot_min_power = 18.9315


