kernel_name = _Z20needle_cuda_shared_1PiS_iiii 
kernel_launch_uid = 1 

Kernel Average Power Data:
kernel_avg_power = 33.5994
gpu_avg_IBP, = 8.09559e-05
gpu_avg_ICP, = 0.00374305
gpu_avg_DCP, = 0.00392808
gpu_avg_TCP, = 0
gpu_avg_CCP, = 0.000429429
gpu_avg_SHRDP, = 0.050196
gpu_avg_RFP, = 0.0249482
gpu_avg_SPP, = 0.00378274
gpu_avg_SFUP, = 0.00269266
gpu_avg_FPUP, = 0
gpu_avg_SCHEDP, = 0.00108864
gpu_avg_L2CP, = 0.0350469
gpu_avg_MCP, = 1.18536
gpu_avg_NOCP, = 0.0285725
gpu_avg_DRAMP, = 0.148631
gpu_avg_PIPEP, = 0.0271592
gpu_avg_IDLE_COREP, = 22.2601
gpu_avg_CONST_DYNAMICP = 9.82366
gpu_avg_TOT_INST, = 16
gpu_avg_FP_INT, = 14.1667
gpu_avg_IC_H, = 7
gpu_avg_IC_M, = 1.02778
gpu_avg_DC_RH, = 0.444444
gpu_avg_DC_RM, = 0.527778
gpu_avg_DC_WH, = 0.25
gpu_avg_DC_WM, = 0.361111
gpu_avg_TC_H, = 0
gpu_avg_TC_M, = 0
gpu_avg_CC_H, = 0.138889
gpu_avg_CC_M, = 0.138889
gpu_avg_SHRD_ACC, = 16.9167
gpu_avg_REG_RD, = 690.667
gpu_avg_REG_WR, = 391.111
gpu_avg_NON_REG_OPs, = 197.333
gpu_avg_SP_ACC, = 1002.67
gpu_avg_SFU_ACC, = 39.7778
gpu_avg_FPU_ACC, = 0
gpu_avg_MEM_RD, = 4.13889
gpu_avg_MEM_WR, = 0
gpu_avg_MEM_PRE, = 0.0833333
gpu_avg_L2_RH, = 2.02778
gpu_avg_L2_RM, = 1.05556
gpu_avg_L2_WH, = 1.38889
gpu_avg_L2_WM, = 0
gpu_avg_NOC_A, = 10.5278
gpu_avg_PIPE_A, = 0.00106667
gpu_avg_IDLE_CORE_N, = 14.0001
gpu_avg_CONST_DYNAMICN = 0

Kernel Maximum Power Data:
kernel_max_power = 34.1654
gpu_max_IBP, = 8.09559e-05
gpu_max_ICP, = 0.00365869
gpu_max_DCP, = 0.0132509
gpu_max_TCP, = 0
gpu_max_CCP, = 0
gpu_max_SHRDP, = 0.0148362
gpu_max_RFP, = 0.0233452
gpu_max_SPP, = 0
gpu_max_SFUP, = 0
gpu_max_FPUP, = 0
gpu_max_SCHEDP, = 0.00122953
gpu_max_L2CP, = 0.523861
gpu_max_MCP, = 1.18998
gpu_max_NOCP, = 0.141129
gpu_max_DRAMP, = 0.143166
gpu_max_PIPEP, = 0.0271592
gpu_max_IDLE_COREP, = 22.26
gpu_max_CONST_DYNAMICP = 9.82366
gpu_max_TOT_INST, = 16
gpu_max_FP_INT, = 16
gpu_max_IC_H, = 7
gpu_max_IC_M, = 1
gpu_max_DC_RH, = 0
gpu_max_DC_RM, = 0
gpu_max_DC_WH, = 3
gpu_max_DC_WM, = 5
gpu_max_TC_H, = 0
gpu_max_TC_M, = 0
gpu_max_CC_H, = 0
gpu_max_CC_M, = 0
gpu_max_SHRD_ACC, = 5
gpu_max_REG_RD, = 864
gpu_max_REG_WR, = 320
gpu_max_NON_REG_OPs, = 160
gpu_max_SP_ACC, = 0
gpu_max_SFU_ACC, = 0
gpu_max_FPU_ACC, = 0
gpu_max_MEM_RD, = 4
gpu_max_MEM_WR, = 0
gpu_max_MEM_PRE, = 0
gpu_max_L2_RH, = 0
gpu_max_L2_RM, = 2
gpu_max_L2_WH, = 27
gpu_max_L2_WM, = 0
gpu_max_NOC_A, = 52
gpu_max_PIPE_A, = 0.00106667
gpu_max_IDLE_CORE_N, = 14
gpu_max_CONST_DYNAMICN = 0

Kernel Minimum Power Data:
kernel_min_power = 33.3784
gpu_min_IBP, = 5.05975e-05
gpu_min_ICP, = 0.000444041
gpu_min_DCP, = 0.0123675
gpu_min_TCP, = 0
gpu_min_CCP, = 0
gpu_min_SHRDP, = 0.00890175
gpu_min_RFP, = 0.0133483
gpu_min_SPP, = 0
gpu_min_SFUP, = 0
gpu_min_FPUP, = 0
gpu_min_SCHEDP, = 0.00069161
gpu_min_L2CP, = 0.0353435
gpu_min_MCP, = 1.17842
gpu_min_NOCP, = 0.0298541
gpu_min_DRAMP, = 0
gpu_min_PIPEP, = 0.015277
gpu_min_IDLE_COREP, = 22.26
gpu_min_CONST_DYNAMICP = 9.82366
gpu_min_TOT_INST, = 10
gpu_min_FP_INT, = 9
gpu_min_IC_H, = 5
gpu_min_IC_M, = 0
gpu_min_DC_RH, = 2
gpu_min_DC_RM, = 2
gpu_min_DC_WH, = 0
gpu_min_DC_WM, = 0
gpu_min_TC_H, = 0
gpu_min_TC_M, = 0
gpu_min_CC_H, = 0
gpu_min_CC_M, = 0
gpu_min_SHRD_ACC, = 3
gpu_min_REG_RD, = 480
gpu_min_REG_WR, = 160
gpu_min_NON_REG_OPs, = 96
gpu_min_SP_ACC, = 0
gpu_min_SFU_ACC, = 0
gpu_min_FPU_ACC, = 0
gpu_min_MEM_RD, = 0
gpu_min_MEM_WR, = 0
gpu_min_MEM_PRE, = 0
gpu_min_L2_RH, = 9
gpu_min_L2_RM, = 0
gpu_min_L2_WH, = 0
gpu_min_L2_WM, = 0
gpu_min_NOC_A, = 11
gpu_min_PIPE_A, = 0.0006
gpu_min_IDLE_CORE_N, = 14
gpu_min_CONST_DYNAMICN = 0

Accumulative Power Statistics Over Previous Kernels:
gpu_tot_avg_power = 33.5994
gpu_tot_max_power = 34.1654
gpu_tot_min_power = 33.3784


