kernel_name = _Z20needle_cuda_shared_1PiS_iiii 
kernel_launch_uid = 1 

Kernel Average Power Data:
kernel_avg_power = 33.599
gpu_avg_IBP, = 7.72277e-05
gpu_avg_ICP, = 0.00354838
gpu_avg_DCP, = 0.00256882
gpu_avg_TCP, = 0
gpu_avg_CCP, = 0.000406827
gpu_avg_SHRDP, = 0.0476321
gpu_avg_RFP, = 0.0238604
gpu_avg_SPP, = 0.00358365
gpu_avg_SFUP, = 0.00255094
gpu_avg_FPUP, = 0
gpu_avg_SCHEDP, = 0.00103741
gpu_avg_L2CP, = 0.0437954
gpu_avg_MCP, = 1.1846
gpu_avg_NOCP, = 0.034068
gpu_avg_DRAMP, = 0.141594
gpu_avg_PIPEP, = 0.0259084
gpu_avg_IDLE_COREP, = 22.2601
gpu_avg_CONST_DYNAMICP = 9.82366
gpu_avg_TOT_INST, = 15.2632
gpu_avg_FP_INT, = 13.5
gpu_avg_IC_H, = 6.65789
gpu_avg_IC_M, = 0.973684
gpu_avg_DC_RH, = 0.0263158
gpu_avg_DC_RM, = 0.894737
gpu_avg_DC_WH, = 0.421053
gpu_avg_DC_WM, = 0.0263158
gpu_avg_TC_H, = 0
gpu_avg_TC_M, = 0
gpu_avg_CC_H, = 0.131579
gpu_avg_CC_M, = 0.131579
gpu_avg_SHRD_ACC, = 16.0526
gpu_avg_REG_RD, = 658.526
gpu_avg_REG_WR, = 384.842
gpu_avg_NON_REG_OPs, = 187.789
gpu_avg_SP_ACC, = 949.895
gpu_avg_SFU_ACC, = 37.6842
gpu_avg_FPU_ACC, = 0
gpu_avg_MEM_RD, = 3.94737
gpu_avg_MEM_WR, = 0
gpu_avg_MEM_PRE, = 0.0526316
gpu_avg_L2_RH, = 3.57895
gpu_avg_L2_RM, = 1
gpu_avg_L2_WH, = 1.52632
gpu_avg_L2_WM, = 0
gpu_avg_NOC_A, = 12.5526
gpu_avg_PIPE_A, = 0.00101754
gpu_avg_IDLE_CORE_N, = 14.0001
gpu_avg_CONST_DYNAMICN = 0

Kernel Maximum Power Data:
kernel_max_power = 34.0712
gpu_max_IBP, = 9.10754e-05
gpu_max_ICP, = 0.00365869
gpu_max_DCP, = 0.00105531
gpu_max_TCP, = 0
gpu_max_CCP, = 0
gpu_max_SHRDP, = 0.0148362
gpu_max_RFP, = 0.03068
gpu_max_SPP, = 0.00869226
gpu_max_SFUP, = 0
gpu_max_FPUP, = 0
gpu_max_SCHEDP, = 0.00138322
gpu_max_L2CP, = 0.310409
gpu_max_MCP, = 1.192
gpu_max_NOCP, = 0.111275
gpu_max_DRAMP, = 0.286332
gpu_max_PIPEP, = 0.0271592
gpu_max_IDLE_COREP, = 22.26
gpu_max_CONST_DYNAMICP = 9.82366
gpu_max_TOT_INST, = 18
gpu_max_FP_INT, = 18
gpu_max_IC_H, = 7
gpu_max_IC_M, = 1
gpu_max_DC_RH, = 0
gpu_max_DC_RM, = 0
gpu_max_DC_WH, = 4
gpu_max_DC_WM, = 0
gpu_max_TC_H, = 0
gpu_max_TC_M, = 0
gpu_max_CC_H, = 0
gpu_max_CC_M, = 0
gpu_max_SHRD_ACC, = 5
gpu_max_REG_RD, = 832
gpu_max_REG_WR, = 384
gpu_max_NON_REG_OPs, = 256
gpu_max_SP_ACC, = 2304
gpu_max_SFU_ACC, = 0
gpu_max_FPU_ACC, = 0
gpu_max_MEM_RD, = 8
gpu_max_MEM_WR, = 0
gpu_max_MEM_PRE, = 0
gpu_max_L2_RH, = 0
gpu_max_L2_RM, = 1
gpu_max_L2_WH, = 16
gpu_max_L2_WM, = 0
gpu_max_NOC_A, = 41
gpu_max_PIPE_A, = 0.00106667
gpu_max_IDLE_CORE_N, = 14
gpu_max_CONST_DYNAMICN = 0

Kernel Minimum Power Data:
kernel_min_power = 33.3622
gpu_min_IBP, = 2.0239e-05
gpu_min_ICP, = 0.00321465
gpu_min_DCP, = 0.00770167
gpu_min_TCP, = 0
gpu_min_CCP, = 0
gpu_min_SHRDP, = 0.0059345
gpu_min_RFP, = 0.00907762
gpu_min_SPP, = 0
gpu_min_SFUP, = 0
gpu_min_FPUP, = 0
gpu_min_SCHEDP, = 0.000307382
gpu_min_L2CP, = 0.0315593
gpu_min_MCP, = 1.17798
gpu_min_NOCP, = 0.0325681
gpu_min_DRAMP, = 0
gpu_min_PIPEP, = 0.0101847
gpu_min_IDLE_COREP, = 22.26
gpu_min_CONST_DYNAMICP = 9.82366
gpu_min_TOT_INST, = 4
gpu_min_FP_INT, = 4
gpu_min_IC_H, = 2
gpu_min_IC_M, = 1
gpu_min_DC_RH, = 0
gpu_min_DC_RM, = 3
gpu_min_DC_WH, = 0
gpu_min_DC_WM, = 0
gpu_min_TC_H, = 0
gpu_min_TC_M, = 0
gpu_min_CC_H, = 0
gpu_min_CC_M, = 0
gpu_min_SHRD_ACC, = 2
gpu_min_REG_RD, = 320
gpu_min_REG_WR, = 128
gpu_min_NON_REG_OPs, = 64
gpu_min_SP_ACC, = 0
gpu_min_SFU_ACC, = 0
gpu_min_FPU_ACC, = 0
gpu_min_MEM_RD, = 0
gpu_min_MEM_WR, = 0
gpu_min_MEM_PRE, = 0
gpu_min_L2_RH, = 8
gpu_min_L2_RM, = 1
gpu_min_L2_WH, = 0
gpu_min_L2_WM, = 0
gpu_min_NOC_A, = 12
gpu_min_PIPE_A, = 0.0004
gpu_min_IDLE_CORE_N, = 14
gpu_min_CONST_DYNAMICN = 0

Accumulative Power Statistics Over Previous Kernels:
gpu_tot_avg_power = 33.599
gpu_tot_max_power = 34.0712
gpu_tot_min_power = 33.3622


kernel_name = _Z20needle_cuda_shared_1PiS_iiii 
kernel_launch_uid = 2 

Kernel Average Power Data:
kernel_avg_power = 32.2224
gpu_avg_IBP, = 0.00020239
gpu_avg_ICP, = 0.00929921
gpu_avg_DCP, = 0.0115985
gpu_avg_TCP, = 0
gpu_avg_CCP, = 0.00106617
gpu_avg_SHRDP, = 0.124829
gpu_avg_RFP, = 0.0627896
gpu_avg_SPP, = 0.00939164
gpu_avg_SFUP, = 0.00668522
gpu_avg_FPUP, = 0
gpu_avg_SCHEDP, = 0.00271874
gpu_avg_L2CP, = 0.152137
gpu_avg_MCP, = 1.1796
gpu_avg_NOCP, = 0.0972365
gpu_avg_DRAMP, = 0
gpu_avg_PIPEP, = 0.0678979
gpu_avg_IDLE_COREP, = 20.6733
gpu_avg_CONST_DYNAMICP = 9.82366
gpu_avg_TOT_INST, = 40
gpu_avg_FP_INT, = 35.3793
gpu_avg_IC_H, = 17.4483
gpu_avg_IC_M, = 2.55172
gpu_avg_DC_RH, = 0.0689655
gpu_avg_DC_RM, = 3.31034
gpu_avg_DC_WH, = 1.03448
gpu_avg_DC_WM, = 1.03448
gpu_avg_TC_H, = 0
gpu_avg_TC_M, = 0
gpu_avg_CC_H, = 0.344828
gpu_avg_CC_M, = 0.344828
gpu_avg_SHRD_ACC, = 42.069
gpu_avg_REG_RD, = 1725.79
gpu_avg_REG_WR, = 1039.45
gpu_avg_NON_REG_OPs, = 492.138
gpu_avg_SP_ACC, = 2489.38
gpu_avg_SFU_ACC, = 98.7586
gpu_avg_FPU_ACC, = 0
gpu_avg_MEM_RD, = 0
gpu_avg_MEM_WR, = 0
gpu_avg_MEM_PRE, = 0
gpu_avg_L2_RH, = 23.5862
gpu_avg_L2_RM, = 0
gpu_avg_L2_WH, = 3.06897
gpu_avg_L2_WM, = 0
gpu_avg_NOC_A, = 35.8276
gpu_avg_PIPE_A, = 0.00266667
gpu_avg_IDLE_CORE_N, = 13.0021
gpu_avg_CONST_DYNAMICN = 0

Kernel Maximum Power Data:
kernel_max_power = 33.2183
gpu_max_IBP, = 0.00020239
gpu_max_ICP, = 0.00749499
gpu_max_DCP, = 0.0330684
gpu_max_TCP, = 0
gpu_max_CCP, = 0
gpu_max_SHRDP, = 0.035607
gpu_max_RFP, = 0.0557679
gpu_max_SPP, = 0
gpu_max_SFUP, = 0
gpu_max_FPUP, = 0
gpu_max_SCHEDP, = 0.00292013
gpu_max_L2CP, = 1.03242
gpu_max_MCP, = 1.19071
gpu_max_NOCP, = 0.298541
gpu_max_DRAMP, = 0
gpu_max_PIPEP, = 0.067898
gpu_max_IDLE_COREP, = 20.67
gpu_max_CONST_DYNAMICP = 9.82366
gpu_max_TOT_INST, = 40
gpu_max_FP_INT, = 38
gpu_max_IC_H, = 16
gpu_max_IC_M, = 2
gpu_max_DC_RH, = 0
gpu_max_DC_RM, = 0
gpu_max_DC_WH, = 12
gpu_max_DC_WM, = 12
gpu_max_TC_H, = 0
gpu_max_TC_M, = 0
gpu_max_CC_H, = 0
gpu_max_CC_M, = 0
gpu_max_SHRD_ACC, = 12
gpu_max_REG_RD, = 2048
gpu_max_REG_WR, = 768
gpu_max_NON_REG_OPs, = 384
gpu_max_SP_ACC, = 0
gpu_max_SFU_ACC, = 0
gpu_max_FPU_ACC, = 0
gpu_max_MEM_RD, = 0
gpu_max_MEM_WR, = 0
gpu_max_MEM_PRE, = 0
gpu_max_L2_RH, = 16
gpu_max_L2_RM, = 0
gpu_max_L2_WH, = 50
gpu_max_L2_WM, = 0
gpu_max_NOC_A, = 110
gpu_max_PIPE_A, = 0.00266667
gpu_max_IDLE_CORE_N, = 13
gpu_max_CONST_DYNAMICN = 0

Kernel Minimum Power Data:
kernel_min_power = 31.996
gpu_min_IBP, = 0.000242868
gpu_min_ICP, = 0.0141019
gpu_min_DCP, = 0
gpu_min_TCP, = 0
gpu_min_CCP, = 0.0072331
gpu_min_SHRDP, = 0.047476
gpu_min_RFP, = 0.0795926
gpu_min_SPP, = 0.0173845
gpu_min_SFUP, = 0
gpu_min_FPUP, = 0
gpu_min_SCHEDP, = 0.0033812
gpu_min_L2CP, = 0.0314165
gpu_min_MCP, = 1.17732
gpu_min_NOCP, = 0.0325681
gpu_min_DRAMP, = 0
gpu_min_PIPEP, = 0.0916622
gpu_min_IDLE_COREP, = 20.67
gpu_min_CONST_DYNAMICP = 9.82366
gpu_min_TOT_INST, = 48
gpu_min_FP_INT, = 44
gpu_min_IC_H, = 22
gpu_min_IC_M, = 4
gpu_min_DC_RH, = 0
gpu_min_DC_RM, = 0
gpu_min_DC_WH, = 0
gpu_min_DC_WM, = 0
gpu_min_TC_H, = 0
gpu_min_TC_M, = 0
gpu_min_CC_H, = 4
gpu_min_CC_M, = 0
gpu_min_SHRD_ACC, = 16
gpu_min_REG_RD, = 2048
gpu_min_REG_WR, = 1344
gpu_min_NON_REG_OPs, = 640
gpu_min_SP_ACC, = 4608
gpu_min_SFU_ACC, = 0
gpu_min_FPU_ACC, = 0
gpu_min_MEM_RD, = 0
gpu_min_MEM_WR, = 0
gpu_min_MEM_PRE, = 0
gpu_min_L2_RH, = 8
gpu_min_L2_RM, = 0
gpu_min_L2_WH, = 0
gpu_min_L2_WM, = 0
gpu_min_NOC_A, = 12
gpu_min_PIPE_A, = 0.0036
gpu_min_IDLE_CORE_N, = 13
gpu_min_CONST_DYNAMICN = 0

Accumulative Power Statistics Over Previous Kernels:
gpu_tot_avg_power = 33.0031
gpu_tot_max_power = 34.0712
gpu_tot_min_power = 31.996


kernel_name = _Z20needle_cuda_shared_1PiS_iiii 
kernel_launch_uid = 3 

Kernel Average Power Data:
kernel_avg_power = 30.9016
gpu_avg_IBP, = 0.000303585
gpu_avg_ICP, = 0.0139488
gpu_avg_DCP, = 0.0100981
gpu_avg_TCP, = 0
gpu_avg_CCP, = 0.00159925
gpu_avg_SHRDP, = 0.187244
gpu_avg_RFP, = 0.093796
gpu_avg_SPP, = 0.0140875
gpu_avg_SFUP, = 0.0100278
gpu_avg_FPUP, = 0
gpu_avg_SCHEDP, = 0.00407811
gpu_avg_L2CP, = 0.237886
gpu_avg_MCP, = 1.17878
gpu_avg_NOCP, = 0.134671
gpu_avg_DRAMP, = 0
gpu_avg_PIPEP, = 0.101847
gpu_avg_IDLE_COREP, = 19.0895
gpu_avg_CONST_DYNAMICP = 9.82366
gpu_avg_TOT_INST, = 60
gpu_avg_FP_INT, = 53.069
gpu_avg_IC_H, = 26.1724
gpu_avg_IC_M, = 3.82759
gpu_avg_DC_RH, = 0.103448
gpu_avg_DC_RM, = 3.51724
gpu_avg_DC_WH, = 1.65517
gpu_avg_DC_WM, = 0.103448
gpu_avg_TC_H, = 0
gpu_avg_TC_M, = 0
gpu_avg_CC_H, = 0.517241
gpu_avg_CC_M, = 0.517241
gpu_avg_SHRD_ACC, = 63.1034
gpu_avg_REG_RD, = 2588.69
gpu_avg_REG_WR, = 1512.83
gpu_avg_NON_REG_OPs, = 738.207
gpu_avg_SP_ACC, = 3734.07
gpu_avg_SFU_ACC, = 148.138
gpu_avg_FPU_ACC, = 0
gpu_avg_MEM_RD, = 0
gpu_avg_MEM_WR, = 0
gpu_avg_MEM_PRE, = 0
gpu_avg_L2_RH, = 29.5862
gpu_avg_L2_RM, = 0
gpu_avg_L2_WH, = 6.27586
gpu_avg_L2_WM, = 0
gpu_avg_NOC_A, = 49.6207
gpu_avg_PIPE_A, = 0.004
gpu_avg_IDLE_CORE_N, = 12.006
gpu_avg_CONST_DYNAMICN = 0

Kernel Maximum Power Data:
kernel_max_power = 32.9254
gpu_max_IBP, = 0.000303585
gpu_max_ICP, = 0.0112425
gpu_max_DCP, = 0.013016
gpu_max_TCP, = 0
gpu_max_CCP, = 0
gpu_max_SHRDP, = 0.0534105
gpu_max_RFP, = 0.0836519
gpu_max_SPP, = 0
gpu_max_SFUP, = 0
gpu_max_FPUP, = 0
gpu_max_SCHEDP, = 0.00438019
gpu_max_L2CP, = 2.01402
gpu_max_MCP, = 1.18073
gpu_max_NOCP, = 0.559087
gpu_max_DRAMP, = 0
gpu_max_PIPEP, = 0.101847
gpu_max_IDLE_COREP, = 19.08
gpu_max_CONST_DYNAMICP = 9.82366
gpu_max_TOT_INST, = 60
gpu_max_FP_INT, = 57
gpu_max_IC_H, = 24
gpu_max_IC_M, = 3
gpu_max_DC_RH, = 0
gpu_max_DC_RM, = 0
gpu_max_DC_WH, = 21
gpu_max_DC_WM, = 3
gpu_max_TC_H, = 0
gpu_max_TC_M, = 0
gpu_max_CC_H, = 0
gpu_max_CC_M, = 0
gpu_max_SHRD_ACC, = 18
gpu_max_REG_RD, = 3072
gpu_max_REG_WR, = 1152
gpu_max_NON_REG_OPs, = 576
gpu_max_SP_ACC, = 0
gpu_max_SFU_ACC, = 0
gpu_max_FPU_ACC, = 0
gpu_max_MEM_RD, = 0
gpu_max_MEM_WR, = 0
gpu_max_MEM_PRE, = 0
gpu_max_L2_RH, = 24
gpu_max_L2_RM, = 0
gpu_max_L2_WH, = 99
gpu_max_L2_WM, = 0
gpu_max_NOC_A, = 206
gpu_max_PIPE_A, = 0.004
gpu_max_IDLE_CORE_N, = 12
gpu_max_CONST_DYNAMICN = 0

Kernel Minimum Power Data:
kernel_min_power = 30.3774
gpu_min_IBP, = 0.000121434
gpu_min_ICP, = 0.000799274
gpu_min_DCP, = 0.0154033
gpu_min_TCP, = 0
gpu_min_CCP, = 0
gpu_min_SHRDP, = 0.00890175
gpu_min_RFP, = 0.0364063
gpu_min_SPP, = 0
gpu_min_SFUP, = 0.0227447
gpu_min_FPUP, = 0
gpu_min_SCHEDP, = 0.00184429
gpu_min_L2CP, = 0.0942494
gpu_min_MCP, = 1.17962
gpu_min_NOCP, = 0.0814204
gpu_min_DRAMP, = 0
gpu_min_PIPEP, = 0.0322515
gpu_min_IDLE_COREP, = 19.08
gpu_min_CONST_DYNAMICP = 9.82366
gpu_min_TOT_INST, = 24
gpu_min_FP_INT, = 24
gpu_min_IC_H, = 9
gpu_min_IC_M, = 0
gpu_min_DC_RH, = 0
gpu_min_DC_RM, = 6
gpu_min_DC_WH, = 0
gpu_min_DC_WM, = 0
gpu_min_TC_H, = 0
gpu_min_TC_M, = 0
gpu_min_CC_H, = 0
gpu_min_CC_M, = 0
gpu_min_SHRD_ACC, = 3
gpu_min_REG_RD, = 1056
gpu_min_REG_WR, = 512
gpu_min_NON_REG_OPs, = 288
gpu_min_SP_ACC, = 0
gpu_min_SFU_ACC, = 336
gpu_min_FPU_ACC, = 0
gpu_min_MEM_RD, = 0
gpu_min_MEM_WR, = 0
gpu_min_MEM_PRE, = 0
gpu_min_L2_RH, = 24
gpu_min_L2_RM, = 0
gpu_min_L2_WH, = 0
gpu_min_L2_WM, = 0
gpu_min_NOC_A, = 30
gpu_min_PIPE_A, = 0.00126667
gpu_min_IDLE_CORE_N, = 12
gpu_min_CONST_DYNAMICN = 0

Accumulative Power Statistics Over Previous Kernels:
gpu_tot_avg_power = 32.3683
gpu_tot_max_power = 34.0712
gpu_tot_min_power = 30.3774


kernel_name = _Z20needle_cuda_shared_1PiS_iiii 
kernel_launch_uid = 4 

Kernel Average Power Data:
kernel_avg_power = 29.6036
gpu_avg_IBP, = 0.00040478
gpu_avg_ICP, = 0.0185984
gpu_avg_DCP, = 0.0231698
gpu_avg_TCP, = 0
gpu_avg_CCP, = 0.00213234
gpu_avg_SHRDP, = 0.249658
gpu_avg_RFP, = 0.125579
gpu_avg_SPP, = 0.0187833
gpu_avg_SFUP, = 0.0133704
gpu_avg_FPUP, = 0
gpu_avg_SCHEDP, = 0.00543748
gpu_avg_L2CP, = 0.306279
gpu_avg_MCP, = 1.18286
gpu_avg_NOCP, = 0.193631
gpu_avg_DRAMP, = 0
gpu_avg_PIPEP, = 0.135796
gpu_avg_IDLE_COREP, = 17.5043
gpu_avg_CONST_DYNAMICP = 9.82366
gpu_avg_TOT_INST, = 80
gpu_avg_FP_INT, = 70.7586
gpu_avg_IC_H, = 34.8966
gpu_avg_IC_M, = 5.10345
gpu_avg_DC_RH, = 0.137931
gpu_avg_DC_RM, = 6.62069
gpu_avg_DC_WH, = 1.96552
gpu_avg_DC_WM, = 2.06897
gpu_avg_TC_H, = 0
gpu_avg_TC_M, = 0
gpu_avg_CC_H, = 0.689655
gpu_avg_CC_M, = 0.689655
gpu_avg_SHRD_ACC, = 84.1379
gpu_avg_REG_RD, = 3451.59
gpu_avg_REG_WR, = 2078.9
gpu_avg_NON_REG_OPs, = 984.276
gpu_avg_SP_ACC, = 4978.76
gpu_avg_SFU_ACC, = 197.517
gpu_avg_FPU_ACC, = 0
gpu_avg_MEM_RD, = 0
gpu_avg_MEM_WR, = 0
gpu_avg_MEM_PRE, = 0
gpu_avg_L2_RH, = 47.1724
gpu_avg_L2_RM, = 0
gpu_avg_L2_WH, = 6.24138
gpu_avg_L2_WM, = 0
gpu_avg_NOC_A, = 71.3448
gpu_avg_PIPE_A, = 0.00533333
gpu_avg_IDLE_CORE_N, = 11.009
gpu_avg_CONST_DYNAMICN = 0

Kernel Maximum Power Data:
kernel_max_power = 32.1512
gpu_max_IBP, = 0.000414899
gpu_max_ICP, = 0.0181158
gpu_max_DCP, = 0.0791239
gpu_max_TCP, = 0
gpu_max_CCP, = 0
gpu_max_SHRDP, = 0.0741812
gpu_max_RFP, = 0.117147
gpu_max_SPP, = 0
gpu_max_SFUP, = 0
gpu_max_FPUP, = 0
gpu_max_SCHEDP, = 0.00599395
gpu_max_L2CP, = 2.51084
gpu_max_MCP, = 1.21093
gpu_max_NOCP, = 0.673075
gpu_max_DRAMP, = 0
gpu_max_PIPEP, = 0.147678
gpu_max_IDLE_COREP, = 17.49
gpu_max_CONST_DYNAMICP = 9.82366
gpu_max_TOT_INST, = 82
gpu_max_FP_INT, = 78
gpu_max_IC_H, = 33
gpu_max_IC_M, = 5
gpu_max_DC_RH, = 0
gpu_max_DC_RM, = 0
gpu_max_DC_WH, = 26
gpu_max_DC_WM, = 29
gpu_max_TC_H, = 0
gpu_max_TC_M, = 0
gpu_max_CC_H, = 0
gpu_max_CC_M, = 0
gpu_max_SHRD_ACC, = 25
gpu_max_REG_RD, = 4256
gpu_max_REG_WR, = 1728
gpu_max_NON_REG_OPs, = 800
gpu_max_SP_ACC, = 0
gpu_max_SFU_ACC, = 0
gpu_max_FPU_ACC, = 0
gpu_max_MEM_RD, = 0
gpu_max_MEM_WR, = 0
gpu_max_MEM_PRE, = 0
gpu_max_L2_RH, = 32
gpu_max_L2_RM, = 0
gpu_max_L2_WH, = 123
gpu_max_L2_WM, = 0
gpu_max_NOC_A, = 248
gpu_max_PIPE_A, = 0.0058
gpu_max_IDLE_CORE_N, = 11
gpu_max_CONST_DYNAMICN = 0

Kernel Minimum Power Data:
kernel_min_power = 29.0418
gpu_min_IBP, = 0.000161912
gpu_min_ICP, = 0.0010657
gpu_min_DCP, = 0.0410756
gpu_min_TCP, = 0
gpu_min_CCP, = 0
gpu_min_SHRDP, = 0.011869
gpu_min_RFP, = 0.0497932
gpu_min_SPP, = 0
gpu_min_SFUP, = 0.0303263
gpu_min_FPUP, = 0
gpu_min_SCHEDP, = 0.00245906
gpu_min_L2CP, = 0.188499
gpu_min_MCP, = 1.1851
gpu_min_NOCP, = 0.173697
gpu_min_DRAMP, = 0
gpu_min_PIPEP, = 0.0441337
gpu_min_IDLE_COREP, = 17.49
gpu_min_CONST_DYNAMICP = 9.82366
gpu_min_TOT_INST, = 32
gpu_min_FP_INT, = 32
gpu_min_IC_H, = 12
gpu_min_IC_M, = 0
gpu_min_DC_RH, = 0
gpu_min_DC_RM, = 16
gpu_min_DC_WH, = 0
gpu_min_DC_WM, = 0
gpu_min_TC_H, = 0
gpu_min_TC_M, = 0
gpu_min_CC_H, = 0
gpu_min_CC_M, = 0
gpu_min_SHRD_ACC, = 4
gpu_min_REG_RD, = 1408
gpu_min_REG_WR, = 832
gpu_min_NON_REG_OPs, = 384
gpu_min_SP_ACC, = 0
gpu_min_SFU_ACC, = 448
gpu_min_FPU_ACC, = 0
gpu_min_MEM_RD, = 0
gpu_min_MEM_WR, = 0
gpu_min_MEM_PRE, = 0
gpu_min_L2_RH, = 48
gpu_min_L2_RM, = 0
gpu_min_L2_WH, = 0
gpu_min_L2_WM, = 0
gpu_min_NOC_A, = 64
gpu_min_PIPE_A, = 0.00173333
gpu_min_IDLE_CORE_N, = 11
gpu_min_CONST_DYNAMICN = 0

Accumulative Power Statistics Over Previous Kernels:
gpu_tot_avg_power = 31.7269
gpu_tot_max_power = 34.0712
gpu_tot_min_power = 29.0418


kernel_name = _Z20needle_cuda_shared_1PiS_iiii 
kernel_launch_uid = 5 

Kernel Average Power Data:
kernel_avg_power = 28.277
gpu_avg_IBP, = 0.000505277
gpu_avg_ICP, = 0.023245
gpu_avg_DCP, = 0.0164774
gpu_avg_TCP, = 0
gpu_avg_CCP, = 0.00266542
gpu_avg_SHRDP, = 0.31197
gpu_avg_RFP, = 0.156139
gpu_avg_SPP, = 0.0234791
gpu_avg_SFUP, = 0.0167131
gpu_avg_FPUP, = 0
gpu_avg_SCHEDP, = 0.0067889
gpu_avg_L2CP, = 0.392911
gpu_avg_MCP, = 1.18024
gpu_avg_NOCP, = 0.223766
gpu_avg_DRAMP, = 0
gpu_avg_PIPEP, = 0.169335
gpu_avg_IDLE_COREP, = 15.9291
gpu_avg_CONST_DYNAMICP = 9.82366
gpu_avg_TOT_INST, = 99.8621
gpu_avg_FP_INT, = 88.3448
gpu_avg_IC_H, = 43.5862
gpu_avg_IC_M, = 6.37931
gpu_avg_DC_RH, = 0.172414
gpu_avg_DC_RM, = 5.86207
gpu_avg_DC_WH, = 2.72414
gpu_avg_DC_WM, = 0.0344828
gpu_avg_TC_H, = 0
gpu_avg_TC_M, = 0
gpu_avg_CC_H, = 0.862069
gpu_avg_CC_M, = 0.862069
gpu_avg_SHRD_ACC, = 105.138
gpu_avg_REG_RD, = 4306.76
gpu_avg_REG_WR, = 2518.07
gpu_avg_NON_REG_OPs, = 1229.24
gpu_avg_SP_ACC, = 6223.45
gpu_avg_SFU_ACC, = 246.897
gpu_avg_FPU_ACC, = 0
gpu_avg_MEM_RD, = 0
gpu_avg_MEM_WR, = 0
gpu_avg_MEM_PRE, = 0
gpu_avg_L2_RH, = 49.3103
gpu_avg_L2_RM, = 0
gpu_avg_L2_WH, = 10.2759
gpu_avg_L2_WM, = 0
gpu_avg_NOC_A, = 82.4483
gpu_avg_PIPE_A, = 0.00665057
gpu_avg_IDLE_CORE_N, = 10.0183
gpu_avg_CONST_DYNAMICN = 0

Kernel Maximum Power Data:
kernel_max_power = 32.6031
gpu_max_IBP, = 0.000536333
gpu_max_ICP, = 0.0312408
gpu_max_DCP, = 0.0135727
gpu_max_TCP, = 0
gpu_max_CCP, = 0
gpu_max_SHRDP, = 0.103854
gpu_max_RFP, = 0.159184
gpu_max_SPP, = 0
gpu_max_SFUP, = 0
gpu_max_FPUP, = 0
gpu_max_SCHEDP, = 0.00783824
gpu_max_L2CP, = 4.0742
gpu_max_MCP, = 1.17935
gpu_max_NOCP, = 1.11275
gpu_max_DRAMP, = 0
gpu_max_PIPEP, = 0.196904
gpu_max_IDLE_COREP, = 15.9
gpu_max_CONST_DYNAMICP = 9.82366
gpu_max_TOT_INST, = 106
gpu_max_FP_INT, = 102
gpu_max_IC_H, = 44
gpu_max_IC_M, = 9
gpu_max_DC_RH, = 0
gpu_max_DC_RM, = 0
gpu_max_DC_WH, = 42
gpu_max_DC_WM, = 1
gpu_max_TC_H, = 0
gpu_max_TC_M, = 0
gpu_max_CC_H, = 0
gpu_max_CC_M, = 0
gpu_max_SHRD_ACC, = 35
gpu_max_REG_RD, = 5760
gpu_max_REG_WR, = 2368
gpu_max_NON_REG_OPs, = 1088
gpu_max_SP_ACC, = 0
gpu_max_SFU_ACC, = 0
gpu_max_FPU_ACC, = 0
gpu_max_MEM_RD, = 0
gpu_max_MEM_WR, = 0
gpu_max_MEM_PRE, = 0
gpu_max_L2_RH, = 40
gpu_max_L2_RM, = 0
gpu_max_L2_WH, = 202
gpu_max_L2_WM, = 0
gpu_max_NOC_A, = 410
gpu_max_PIPE_A, = 0.00773333
gpu_max_IDLE_CORE_N, = 10
gpu_max_CONST_DYNAMICN = 0

Kernel Minimum Power Data:
kernel_min_power = 27.3878
gpu_min_IBP, = 0.000151792
gpu_min_ICP, = 0.00133212
gpu_min_DCP, = 0.0256722
gpu_min_TCP, = 0
gpu_min_CCP, = 0
gpu_min_SHRDP, = 0.0296725
gpu_min_RFP, = 0.0453881
gpu_min_SPP, = 0
gpu_min_SFUP, = 0
gpu_min_FPUP, = 0
gpu_min_SCHEDP, = 0.00230537
gpu_min_L2CP, = 0.188499
gpu_min_MCP, = 1.18181
gpu_min_NOCP, = 0.138415
gpu_min_DRAMP, = 0
gpu_min_PIPEP, = 0.0509235
gpu_min_IDLE_COREP, = 15.9
gpu_min_CONST_DYNAMICP = 9.82366
gpu_min_TOT_INST, = 30
gpu_min_FP_INT, = 30
gpu_min_IC_H, = 15
gpu_min_IC_M, = 0
gpu_min_DC_RH, = 0
gpu_min_DC_RM, = 10
gpu_min_DC_WH, = 0
gpu_min_DC_WM, = 0
gpu_min_TC_H, = 0
gpu_min_TC_M, = 0
gpu_min_CC_H, = 0
gpu_min_CC_M, = 0
gpu_min_SHRD_ACC, = 10
gpu_min_REG_RD, = 1600
gpu_min_REG_WR, = 640
gpu_min_NON_REG_OPs, = 320
gpu_min_SP_ACC, = 0
gpu_min_SFU_ACC, = 0
gpu_min_FPU_ACC, = 0
gpu_min_MEM_RD, = 0
gpu_min_MEM_WR, = 0
gpu_min_MEM_PRE, = 0
gpu_min_L2_RH, = 48
gpu_min_L2_RM, = 0
gpu_min_L2_WH, = 0
gpu_min_L2_WM, = 0
gpu_min_NOC_A, = 51
gpu_min_PIPE_A, = 0.002
gpu_min_IDLE_CORE_N, = 10
gpu_min_CONST_DYNAMICN = 0

Accumulative Power Statistics Over Previous Kernels:
gpu_tot_avg_power = 31.0772
gpu_tot_max_power = 34.0712
gpu_tot_min_power = 27.3878


kernel_name = _Z20needle_cuda_shared_1PiS_iiii 
kernel_launch_uid = 6 

Kernel Average Power Data:
kernel_avg_power = 27.0055
gpu_avg_IBP, = 0.000606821
gpu_avg_ICP, = 0.0278946
gpu_avg_DCP, = 0.0351302
gpu_avg_TCP, = 0
gpu_avg_CCP, = 0.00374126
gpu_avg_SHRDP, = 0.374385
gpu_avg_RFP, = 0.187967
gpu_avg_SPP, = 0.0281749
gpu_avg_SFUP, = 0.0200557
gpu_avg_FPUP, = 0
gpu_avg_SCHEDP, = 0.00815357
gpu_avg_L2CP, = 0.458924
gpu_avg_MCP, = 1.18626
gpu_avg_NOCP, = 0.289276
gpu_avg_DRAMP, = 0
gpu_avg_PIPEP, = 0.203518
gpu_avg_IDLE_COREP, = 14.3577
gpu_avg_CONST_DYNAMICP = 9.82366
gpu_avg_TOT_INST, = 119.931
gpu_avg_FP_INT, = 106.103
gpu_avg_IC_H, = 52.3103
gpu_avg_IC_M, = 7.65517
gpu_avg_DC_RH, = 0.206897
gpu_avg_DC_RM, = 9.93103
gpu_avg_DC_WH, = 3.06897
gpu_avg_DC_WM, = 3.24138
gpu_avg_TC_H, = 0
gpu_avg_TC_M, = 0
gpu_avg_CC_H, = 2.06897
gpu_avg_CC_M, = 0
gpu_avg_SHRD_ACC, = 126.172
gpu_avg_REG_RD, = 5174.07
gpu_avg_REG_WR, = 3084.14
gpu_avg_NON_REG_OPs, = 1475.31
gpu_avg_SP_ACC, = 7468.14
gpu_avg_SFU_ACC, = 296.276
gpu_avg_FPU_ACC, = 0
gpu_avg_MEM_RD, = 0
gpu_avg_MEM_WR, = 0
gpu_avg_MEM_PRE, = 0
gpu_avg_L2_RH, = 70.2069
gpu_avg_L2_RM, = 0
gpu_avg_L2_WH, = 9.44828
gpu_avg_L2_WM, = 0
gpu_avg_NOC_A, = 106.586
gpu_avg_PIPE_A, = 0.0079931
gpu_avg_IDLE_CORE_N, = 9.03
gpu_avg_CONST_DYNAMICN = 0

Kernel Maximum Power Data:
kernel_max_power = 30.7403
gpu_max_IBP, = 0.000647648
gpu_max_ICP, = 0.0320401
gpu_max_DCP, = 0.13371
gpu_max_TCP, = 0
gpu_max_CCP, = 0
gpu_max_SHRDP, = 0.121657
gpu_max_RFP, = 0.190956
gpu_max_SPP, = 0
gpu_max_SFUP, = 0
gpu_max_FPUP, = 0
gpu_max_SCHEDP, = 0.00952884
gpu_max_L2CP, = 3.6439
gpu_max_MCP, = 1.2348
gpu_max_NOCP, = 1.0069
gpu_max_DRAMP, = 0
gpu_max_PIPEP, = 0.23255
gpu_max_IDLE_COREP, = 14.31
gpu_max_CONST_DYNAMICP = 9.82366
gpu_max_TOT_INST, = 128
gpu_max_FP_INT, = 124
gpu_max_IC_H, = 53
gpu_max_IC_M, = 9
gpu_max_DC_RH, = 0
gpu_max_DC_RM, = 0
gpu_max_DC_WH, = 44
gpu_max_DC_WM, = 49
gpu_max_TC_H, = 0
gpu_max_TC_M, = 0
gpu_max_CC_H, = 0
gpu_max_CC_M, = 0
gpu_max_SHRD_ACC, = 41
gpu_max_REG_RD, = 6880
gpu_max_REG_WR, = 2816
gpu_max_NON_REG_OPs, = 1312
gpu_max_SP_ACC, = 0
gpu_max_SFU_ACC, = 0
gpu_max_FPU_ACC, = 0
gpu_max_MEM_RD, = 0
gpu_max_MEM_WR, = 0
gpu_max_MEM_PRE, = 0
gpu_max_L2_RH, = 44
gpu_max_L2_RM, = 0
gpu_max_L2_WH, = 179
gpu_max_L2_WM, = 0
gpu_max_NOC_A, = 371
gpu_max_PIPE_A, = 0.00913333
gpu_max_IDLE_CORE_N, = 9
gpu_max_CONST_DYNAMICN = 0

Kernel Minimum Power Data:
kernel_min_power = 26.1724
gpu_min_IBP, = 0.000242868
gpu_min_ICP, = 0.00767261
gpu_min_DCP, = 0.0616134
gpu_min_TCP, = 0
gpu_min_CCP, = 0
gpu_min_SHRDP, = 0.0178035
gpu_min_RFP, = 0.0800905
gpu_min_SPP, = 0
gpu_min_SFUP, = 0.053071
gpu_min_FPUP, = 0
gpu_min_SCHEDP, = 0.00368858
gpu_min_L2CP, = 0.282748
gpu_min_MCP, = 1.18949
gpu_min_NOCP, = 0.265973
gpu_min_DRAMP, = 0
gpu_min_PIPEP, = 0.0763852
gpu_min_IDLE_COREP, = 14.31
gpu_min_CONST_DYNAMICP = 9.82366
gpu_min_TOT_INST, = 48
gpu_min_FP_INT, = 48
gpu_min_IC_H, = 18
gpu_min_IC_M, = 2
gpu_min_DC_RH, = 0
gpu_min_DC_RM, = 24
gpu_min_DC_WH, = 0
gpu_min_DC_WM, = 0
gpu_min_TC_H, = 0
gpu_min_TC_M, = 0
gpu_min_CC_H, = 0
gpu_min_CC_M, = 0
gpu_min_SHRD_ACC, = 6
gpu_min_REG_RD, = 2304
gpu_min_REG_WR, = 1376
gpu_min_NON_REG_OPs, = 608
gpu_min_SP_ACC, = 0
gpu_min_SFU_ACC, = 784
gpu_min_FPU_ACC, = 0
gpu_min_MEM_RD, = 0
gpu_min_MEM_WR, = 0
gpu_min_MEM_PRE, = 0
gpu_min_L2_RH, = 72
gpu_min_L2_RM, = 0
gpu_min_L2_WH, = 0
gpu_min_L2_WM, = 0
gpu_min_NOC_A, = 98
gpu_min_PIPE_A, = 0.003
gpu_min_IDLE_CORE_N, = 9
gpu_min_CONST_DYNAMICN = 0

Accumulative Power Statistics Over Previous Kernels:
gpu_tot_avg_power = 30.432
gpu_tot_max_power = 34.0712
gpu_tot_min_power = 26.1724


kernel_name = _Z20needle_cuda_shared_1PiS_iiii 
kernel_launch_uid = 7 

Kernel Average Power Data:
kernel_avg_power = 25.6908
gpu_avg_IBP, = 0.000709411
gpu_avg_ICP, = 0.0325534
gpu_avg_DCP, = 0.0233227
gpu_avg_TCP, = 0
gpu_avg_CCP, = 0.0043648
gpu_avg_SHRDP, = 0.437106
gpu_avg_RFP, = 0.218815
gpu_avg_SPP, = 0.0328707
gpu_avg_SFUP, = 0.0233983
gpu_avg_FPUP, = 0
gpu_avg_SCHEDP, = 0.00952619
gpu_avg_L2CP, = 0.561961
gpu_avg_MCP, = 1.18188
gpu_avg_NOCP, = 0.314919
gpu_avg_DRAMP, = 0
gpu_avg_PIPEP, = 0.237935
gpu_avg_IDLE_COREP, = 12.7878
gpu_avg_CONST_DYNAMICP = 9.82366
gpu_avg_TOT_INST, = 140.207
gpu_avg_FP_INT, = 123.966
gpu_avg_IC_H, = 61.1379
gpu_avg_IC_M, = 8.93103
gpu_avg_DC_RH, = 0.241379
gpu_avg_DC_RM, = 8.2069
gpu_avg_DC_WH, = 3.93103
gpu_avg_DC_WM, = 0.137931
gpu_avg_TC_H, = 0
gpu_avg_TC_M, = 0
gpu_avg_CC_H, = 2.41379
gpu_avg_CC_M, = 0
gpu_avg_SHRD_ACC, = 147.31
gpu_avg_REG_RD, = 6049.1
gpu_avg_REG_WR, = 3494.62
gpu_avg_NON_REG_OPs, = 1724.69
gpu_avg_SP_ACC, = 8712.83
gpu_avg_SFU_ACC, = 345.655
gpu_avg_FPU_ACC, = 0
gpu_avg_MEM_RD, = 0
gpu_avg_MEM_WR, = 0
gpu_avg_MEM_PRE, = 0
gpu_avg_L2_RH, = 68.6897
gpu_avg_L2_RM, = 0
gpu_avg_L2_WH, = 15.069
gpu_avg_L2_WM, = 0
gpu_avg_NOC_A, = 116.034
gpu_avg_PIPE_A, = 0.00934482
gpu_avg_IDLE_CORE_N, = 8.04262
gpu_avg_CONST_DYNAMICN = 0

Kernel Maximum Power Data:
kernel_max_power = 31.4629
gpu_max_IBP, = 0.000728604
gpu_max_ICP, = 0.0324842
gpu_max_DCP, = 0.0236866
gpu_max_TCP, = 0
gpu_max_CCP, = 0
gpu_max_SHRDP, = 0.130559
gpu_max_RFP, = 0.204955
gpu_max_SPP, = 0
gpu_max_SFUP, = 0
gpu_max_FPUP, = 0
gpu_max_SCHEDP, = 0.0105278
gpu_max_L2CP, = 5.6108
gpu_max_MCP, = 1.18326
gpu_max_NOCP, = 1.47099
gpu_max_DRAMP, = 0
gpu_max_PIPEP, = 0.251222
gpu_max_IDLE_COREP, = 12.72
gpu_max_CONST_DYNAMICP = 9.82366
gpu_max_TOT_INST, = 144
gpu_max_FP_INT, = 137
gpu_max_IC_H, = 58
gpu_max_IC_M, = 9
gpu_max_DC_RH, = 0
gpu_max_DC_RM, = 0
gpu_max_DC_WH, = 52
gpu_max_DC_WM, = 4
gpu_max_TC_H, = 0
gpu_max_TC_M, = 0
gpu_max_CC_H, = 0
gpu_max_CC_M, = 0
gpu_max_SHRD_ACC, = 44
gpu_max_REG_RD, = 7424
gpu_max_REG_WR, = 2976
gpu_max_NON_REG_OPs, = 1408
gpu_max_SP_ACC, = 0
gpu_max_SFU_ACC, = 0
gpu_max_FPU_ACC, = 0
gpu_max_MEM_RD, = 0
gpu_max_MEM_WR, = 0
gpu_max_MEM_PRE, = 0
gpu_max_L2_RH, = 56
gpu_max_L2_RM, = 0
gpu_max_L2_WH, = 278
gpu_max_L2_WM, = 0
gpu_max_NOC_A, = 542
gpu_max_PIPE_A, = 0.00986666
gpu_max_IDLE_CORE_N, = 8
gpu_max_CONST_DYNAMICN = 0

Kernel Minimum Power Data:
kernel_min_power = 24.4018
gpu_min_IBP, = 0.000212509
gpu_min_ICP, = 0.00186497
gpu_min_DCP, = 0.0385084
gpu_min_TCP, = 0
gpu_min_CCP, = 0
gpu_min_SHRDP, = 0.0415415
gpu_min_RFP, = 0.0635433
gpu_min_SPP, = 0
gpu_min_SFUP, = 0
gpu_min_FPUP, = 0
gpu_min_SCHEDP, = 0.00322751
gpu_min_L2CP, = 0.255259
gpu_min_MCP, = 1.18455
gpu_min_NOCP, = 0.198123
gpu_min_DRAMP, = 0
gpu_min_PIPEP, = 0.0712928
gpu_min_IDLE_COREP, = 12.72
gpu_min_CONST_DYNAMICP = 9.82366
gpu_min_TOT_INST, = 42
gpu_min_FP_INT, = 42
gpu_min_IC_H, = 21
gpu_min_IC_M, = 0
gpu_min_DC_RH, = 0
gpu_min_DC_RM, = 15
gpu_min_DC_WH, = 0
gpu_min_DC_WM, = 0
gpu_min_TC_H, = 0
gpu_min_TC_M, = 0
gpu_min_CC_H, = 0
gpu_min_CC_M, = 0
gpu_min_SHRD_ACC, = 14
gpu_min_REG_RD, = 2240
gpu_min_REG_WR, = 896
gpu_min_NON_REG_OPs, = 448
gpu_min_SP_ACC, = 0
gpu_min_SFU_ACC, = 0
gpu_min_FPU_ACC, = 0
gpu_min_MEM_RD, = 0
gpu_min_MEM_WR, = 0
gpu_min_MEM_PRE, = 0
gpu_min_L2_RH, = 65
gpu_min_L2_RM, = 0
gpu_min_L2_WH, = 0
gpu_min_L2_WM, = 0
gpu_min_NOC_A, = 73
gpu_min_PIPE_A, = 0.0028
gpu_min_IDLE_CORE_N, = 8
gpu_min_CONST_DYNAMICN = 0

Accumulative Power Statistics Over Previous Kernels:
gpu_tot_avg_power = 29.7834
gpu_tot_max_power = 34.0712
gpu_tot_min_power = 24.4018


kernel_name = _Z20needle_cuda_shared_1PiS_iiii 
kernel_launch_uid = 8 

Kernel Average Power Data:
kernel_avg_power = 24.381
gpu_avg_IBP, = 0.000808862
gpu_avg_ICP, = 0.0371938
gpu_avg_DCP, = 0.0466428
gpu_avg_TCP, = 0
gpu_avg_CCP, = 0.00498834
gpu_avg_SHRDP, = 0.499214
gpu_avg_RFP, = 0.2506
gpu_avg_SPP, = 0.0375666
gpu_avg_SFUP, = 0.0267409
gpu_avg_FPUP, = 0
gpu_avg_SCHEDP, = 0.010867
gpu_avg_L2CP, = 0.608386
gpu_avg_MCP, = 1.18948
gpu_avg_NOCP, = 0.385951
gpu_avg_DRAMP, = 0
gpu_avg_PIPEP, = 0.27124
gpu_avg_IDLE_COREP, = 11.1877
gpu_avg_CONST_DYNAMICP = 9.82366
gpu_avg_TOT_INST, = 159.862
gpu_avg_FP_INT, = 141.414
gpu_avg_IC_H, = 69.7586
gpu_avg_IC_M, = 10.2069
gpu_avg_DC_RH, = 0.275862
gpu_avg_DC_RM, = 13.2414
gpu_avg_DC_WH, = 4.10345
gpu_avg_DC_WM, = 4.24138
gpu_avg_TC_H, = 0
gpu_avg_TC_M, = 0
gpu_avg_CC_H, = 2.75862
gpu_avg_CC_M, = 0
gpu_avg_SHRD_ACC, = 168.241
gpu_avg_REG_RD, = 6895.45
gpu_avg_REG_WR, = 4110.34
gpu_avg_NON_REG_OPs, = 1967.45
gpu_avg_SP_ACC, = 9957.52
gpu_avg_SFU_ACC, = 395.034
gpu_avg_FPU_ACC, = 0
gpu_avg_MEM_RD, = 0
gpu_avg_MEM_WR, = 0
gpu_avg_MEM_PRE, = 0
gpu_avg_L2_RH, = 93.7931
gpu_avg_L2_RM, = 0
gpu_avg_L2_WH, = 12.3793
gpu_avg_L2_WM, = 0
gpu_avg_NOC_A, = 142.207
gpu_avg_PIPE_A, = 0.0106529
gpu_avg_IDLE_CORE_N, = 7.03628
gpu_avg_CONST_DYNAMICN = 0

Kernel Maximum Power Data:
kernel_max_power = 29.2218
gpu_max_IBP, = 0.000860157
gpu_max_ICP, = 0.0426609
gpu_max_DCP, = 0.164551
gpu_max_TCP, = 0
gpu_max_CCP, = 0
gpu_max_SHRDP, = 0.160231
gpu_max_RFP, = 0.249539
gpu_max_SPP, = 0
gpu_max_SFUP, = 0
gpu_max_FPUP, = 0
gpu_max_SCHEDP, = 0.0125258
gpu_max_L2CP, = 4.7502
gpu_max_MCP, = 1.24806
gpu_max_NOCP, = 1.34072
gpu_max_DRAMP, = 0
gpu_max_PIPEP, = 0.298751
gpu_max_IDLE_COREP, = 11.13
gpu_max_CONST_DYNAMICP = 9.82366
gpu_max_TOT_INST, = 170
gpu_max_FP_INT, = 163
gpu_max_IC_H, = 70
gpu_max_IC_M, = 12
gpu_max_DC_RH, = 0
gpu_max_DC_RM, = 0
gpu_max_DC_WH, = 57
gpu_max_DC_WM, = 60
gpu_max_TC_H, = 0
gpu_max_TC_M, = 0
gpu_max_CC_H, = 0
gpu_max_CC_M, = 0
gpu_max_SHRD_ACC, = 54
gpu_max_REG_RD, = 9024
gpu_max_REG_WR, = 3520
gpu_max_NON_REG_OPs, = 1728
gpu_max_SP_ACC, = 0
gpu_max_SFU_ACC, = 0
gpu_max_FPU_ACC, = 0
gpu_max_MEM_RD, = 0
gpu_max_MEM_WR, = 0
gpu_max_MEM_PRE, = 0
gpu_max_L2_RH, = 64
gpu_max_L2_RM, = 0
gpu_max_L2_WH, = 232
gpu_max_L2_WM, = 0
gpu_max_NOC_A, = 494
gpu_max_PIPE_A, = 0.0117333
gpu_max_IDLE_CORE_N, = 7
gpu_max_CONST_DYNAMICN = 0

Kernel Minimum Power Data:
kernel_min_power = 23.3324
gpu_min_IBP, = 0.000323824
gpu_min_ICP, = 0.0021314
gpu_min_DCP, = 0.0821512
gpu_min_TCP, = 0
gpu_min_CCP, = 0
gpu_min_SHRDP, = 0.023738
gpu_min_RFP, = 0.0985137
gpu_min_SPP, = 0
gpu_min_SFUP, = 0.0606525
gpu_min_FPUP, = 0
gpu_min_SCHEDP, = 0.00491811
gpu_min_L2CP, = 0.46732
gpu_min_MCP, = 1.19387
gpu_min_NOCP, = 0.363678
gpu_min_DRAMP, = 0
gpu_min_PIPEP, = 0.0814775
gpu_min_IDLE_COREP, = 11.13
gpu_min_CONST_DYNAMICP = 9.82366
gpu_min_TOT_INST, = 64
gpu_min_FP_INT, = 64
gpu_min_IC_H, = 24
gpu_min_IC_M, = 0
gpu_min_DC_RH, = 0
gpu_min_DC_RM, = 32
gpu_min_DC_WH, = 0
gpu_min_DC_WM, = 0
gpu_min_TC_H, = 0
gpu_min_TC_M, = 0
gpu_min_CC_H, = 0
gpu_min_CC_M, = 0
gpu_min_SHRD_ACC, = 8
gpu_min_REG_RD, = 2816
gpu_min_REG_WR, = 1536
gpu_min_NON_REG_OPs, = 768
gpu_min_SP_ACC, = 0
gpu_min_SFU_ACC, = 896
gpu_min_FPU_ACC, = 0
gpu_min_MEM_RD, = 0
gpu_min_MEM_WR, = 0
gpu_min_MEM_PRE, = 0
gpu_min_L2_RH, = 119
gpu_min_L2_RM, = 0
gpu_min_L2_WH, = 0
gpu_min_L2_WM, = 0
gpu_min_NOC_A, = 134
gpu_min_PIPE_A, = 0.0032
gpu_min_IDLE_CORE_N, = 7
gpu_min_CONST_DYNAMICN = 0

Accumulative Power Statistics Over Previous Kernels:
gpu_tot_avg_power = 29.1333
gpu_tot_max_power = 34.0712
gpu_tot_min_power = 23.3324


kernel_name = _Z20needle_cuda_shared_2PiS_iiii 
kernel_launch_uid = 9 

Kernel Average Power Data:
kernel_avg_power = 25.352
gpu_avg_IBP, = 0.000555448
gpu_avg_ICP, = 0.0249364
gpu_avg_DCP, = 0.0190101
gpu_avg_TCP, = 0
gpu_avg_CCP, = 0.00351609
gpu_avg_SHRDP, = 0.352031
gpu_avg_RFP, = 0.16864
gpu_avg_SPP, = 0.0206575
gpu_avg_SFUP, = 0.014426
gpu_avg_FPUP, = 0
gpu_avg_SCHEDP, = 0.00743267
gpu_avg_L2CP, = 0.413237
gpu_avg_MCP, = 1.18843
gpu_avg_NOCP, = 0.246372
gpu_avg_DRAMP, = 0.139189
gpu_avg_PIPEP, = 0.186672
gpu_avg_IDLE_COREP, = 12.7432
gpu_avg_CONST_DYNAMICP = 9.82366
gpu_avg_TOT_INST, = 109.778
gpu_avg_FP_INT, = 96.7222
gpu_avg_IC_H, = 48.0556
gpu_avg_IC_M, = 6.80556
gpu_avg_DC_RH, = 0.194444
gpu_avg_DC_RM, = 6.61111
gpu_avg_DC_WH, = 3.22222
gpu_avg_DC_WM, = 0.194444
gpu_avg_TC_H, = 0
gpu_avg_TC_M, = 0
gpu_avg_CC_H, = 1.94444
gpu_avg_CC_M, = 0
gpu_avg_SHRD_ACC, = 118.639
gpu_avg_REG_RD, = 4755.56
gpu_avg_REG_WR, = 2716.44
gpu_avg_NON_REG_OPs, = 1313.78
gpu_avg_SP_ACC, = 5475.56
gpu_avg_SFU_ACC, = 213.111
gpu_avg_FPU_ACC, = 0
gpu_avg_MEM_RD, = 3.88889
gpu_avg_MEM_WR, = 0
gpu_avg_MEM_PRE, = 0
gpu_avg_L2_RH, = 49.7778
gpu_avg_L2_RM, = 0.972222
gpu_avg_L2_WH, = 11.2222
gpu_avg_L2_WM, = 0
gpu_avg_NOC_A, = 90.7778
gpu_avg_PIPE_A, = 0.00733148
gpu_avg_IDLE_CORE_N, = 8.01461
gpu_avg_CONST_DYNAMICN = 0

Kernel Maximum Power Data:
kernel_max_power = 28.4582
gpu_max_IBP, = 0.000566692
gpu_max_ICP, = 0.0256108
gpu_max_DCP, = 0.312845
gpu_max_TCP, = 0
gpu_max_CCP, = 0
gpu_max_SHRDP, = 0.0415415
gpu_max_RFP, = 0.243589
gpu_max_SPP, = 0.0608459
gpu_max_SFUP, = 0.159213
gpu_max_FPUP, = 0
gpu_max_SCHEDP, = 0.00753086
gpu_max_L2CP, = 1.85386
gpu_max_MCP, = 1.24889
gpu_max_NOCP, = 1.61484
gpu_max_DRAMP, = 0.143166
gpu_max_PIPEP, = 0.201996
gpu_max_IDLE_COREP, = 12.72
gpu_max_CONST_DYNAMICP = 9.82366
gpu_max_TOT_INST, = 112
gpu_max_FP_INT, = 98
gpu_max_IC_H, = 49
gpu_max_IC_M, = 7
gpu_max_DC_RH, = 7
gpu_max_DC_RM, = 112
gpu_max_DC_WH, = 0
gpu_max_DC_WM, = 0
gpu_max_TC_H, = 0
gpu_max_TC_M, = 0
gpu_max_CC_H, = 0
gpu_max_CC_M, = 0
gpu_max_SHRD_ACC, = 14
gpu_max_REG_RD, = 4256
gpu_max_REG_WR, = 6048
gpu_max_NON_REG_OPs, = 2016
gpu_max_SP_ACC, = 16128
gpu_max_SFU_ACC, = 2352
gpu_max_FPU_ACC, = 0
gpu_max_MEM_RD, = 4
gpu_max_MEM_WR, = 0
gpu_max_MEM_PRE, = 0
gpu_max_L2_RH, = 472
gpu_max_L2_RM, = 2
gpu_max_L2_WH, = 0
gpu_max_L2_WM, = 0
gpu_max_NOC_A, = 595
gpu_max_PIPE_A, = 0.00793333
gpu_max_IDLE_CORE_N, = 8
gpu_max_CONST_DYNAMICN = 0

Kernel Minimum Power Data:
kernel_min_power = 24.3794
gpu_min_IBP, = 0.000212509
gpu_min_ICP, = 0.00186497
gpu_min_DCP, = 0.0385084
gpu_min_TCP, = 0
gpu_min_CCP, = 0
gpu_min_SHRDP, = 0.0415415
gpu_min_RFP, = 0.0635433
gpu_min_SPP, = 0
gpu_min_SFUP, = 0
gpu_min_FPUP, = 0
gpu_min_SCHEDP, = 0.00322751
gpu_min_L2CP, = 0.235623
gpu_min_MCP, = 1.18455
gpu_min_NOCP, = 0.195409
gpu_min_DRAMP, = 0
gpu_min_PIPEP, = 0.0712929
gpu_min_IDLE_COREP, = 12.72
gpu_min_CONST_DYNAMICP = 9.82366
gpu_min_TOT_INST, = 42
gpu_min_FP_INT, = 42
gpu_min_IC_H, = 21
gpu_min_IC_M, = 0
gpu_min_DC_RH, = 0
gpu_min_DC_RM, = 15
gpu_min_DC_WH, = 0
gpu_min_DC_WM, = 0
gpu_min_TC_H, = 0
gpu_min_TC_M, = 0
gpu_min_CC_H, = 0
gpu_min_CC_M, = 0
gpu_min_SHRD_ACC, = 14
gpu_min_REG_RD, = 2240
gpu_min_REG_WR, = 896
gpu_min_NON_REG_OPs, = 448
gpu_min_SP_ACC, = 0
gpu_min_SFU_ACC, = 0
gpu_min_FPU_ACC, = 0
gpu_min_MEM_RD, = 0
gpu_min_MEM_WR, = 0
gpu_min_MEM_PRE, = 0
gpu_min_L2_RH, = 60
gpu_min_L2_RM, = 0
gpu_min_L2_WH, = 0
gpu_min_L2_WM, = 0
gpu_min_NOC_A, = 72
gpu_min_PIPE_A, = 0.0028
gpu_min_IDLE_CORE_N, = 8
gpu_min_CONST_DYNAMICN = 0

Accumulative Power Statistics Over Previous Kernels:
gpu_tot_avg_power = 28.6419
gpu_tot_max_power = 34.0712
gpu_tot_min_power = 23.3324


kernel_name = _Z20needle_cuda_shared_2PiS_iiii 
kernel_launch_uid = 10 

Kernel Average Power Data:
kernel_avg_power = 26.9964
gpu_avg_IBP, = 0.000611507
gpu_avg_ICP, = 0.0274782
gpu_avg_DCP, = 0.0360383
gpu_avg_TCP, = 0
gpu_avg_CCP, = 0.00387487
gpu_avg_SHRDP, = 0.387862
gpu_avg_RFP, = 0.186458
gpu_avg_SPP, = 0.0227655
gpu_avg_SFUP, = 0.0158981
gpu_avg_FPUP, = 0
gpu_avg_SCHEDP, = 0.00818405
gpu_avg_L2CP, = 0.48715
gpu_avg_MCP, = 1.18645
gpu_avg_NOCP, = 0.29796
gpu_avg_DRAMP, = 0
gpu_avg_PIPEP, = 0.205149
gpu_avg_IDLE_COREP, = 14.3068
gpu_avg_CONST_DYNAMICP = 9.82366
gpu_avg_TOT_INST, = 120.857
gpu_avg_FP_INT, = 106.5
gpu_avg_IC_H, = 52.9286
gpu_avg_IC_M, = 7.5
gpu_avg_DC_RH, = 0.214286
gpu_avg_DC_RM, = 10.2857
gpu_avg_DC_WH, = 3.21429
gpu_avg_DC_WM, = 3.21429
gpu_avg_TC_H, = 0
gpu_avg_TC_M, = 0
gpu_avg_CC_H, = 2.14286
gpu_avg_CC_M, = 0
gpu_avg_SHRD_ACC, = 130.714
gpu_avg_REG_RD, = 5232
gpu_avg_REG_WR, = 3085.71
gpu_avg_NON_REG_OPs, = 1446.86
gpu_avg_SP_ACC, = 6034.29
gpu_avg_SFU_ACC, = 234.857
gpu_avg_FPU_ACC, = 0
gpu_avg_MEM_RD, = 0
gpu_avg_MEM_WR, = 0
gpu_avg_MEM_PRE, = 0
gpu_avg_L2_RH, = 71.1429
gpu_avg_L2_RM, = 0
gpu_avg_L2_WH, = 10.7143
gpu_avg_L2_WM, = 0
gpu_avg_NOC_A, = 109.786
gpu_avg_PIPE_A, = 0.00805714
gpu_avg_IDLE_CORE_N, = 8.998
gpu_avg_CONST_DYNAMICN = 0

Kernel Maximum Power Data:
kernel_max_power = 30.0464
gpu_max_IBP, = 0.000728604
gpu_max_ICP, = 0.0235507
gpu_max_DCP, = 0.118495
gpu_max_TCP, = 0
gpu_max_CCP, = 0
gpu_max_SHRDP, = 0.124624
gpu_max_RFP, = 0.200052
gpu_max_SPP, = 0
gpu_max_SFUP, = 0
gpu_max_FPUP, = 0
gpu_max_SCHEDP, = 0.0106047
gpu_max_L2CP, = 3.02337
gpu_max_MCP, = 1.22783
gpu_max_NOCP, = 0.939048
gpu_max_DRAMP, = 0
gpu_max_PIPEP, = 0.244432
gpu_max_IDLE_COREP, = 14.31
gpu_max_CONST_DYNAMICP = 9.82366
gpu_max_TOT_INST, = 144
gpu_max_FP_INT, = 138
gpu_max_IC_H, = 60
gpu_max_IC_M, = 6
gpu_max_DC_RH, = 0
gpu_max_DC_RM, = 0
gpu_max_DC_WH, = 43
gpu_max_DC_WM, = 43
gpu_max_TC_H, = 0
gpu_max_TC_M, = 0
gpu_max_CC_H, = 0
gpu_max_CC_M, = 0
gpu_max_SHRD_ACC, = 42
gpu_max_REG_RD, = 7488
gpu_max_REG_WR, = 2880
gpu_max_NON_REG_OPs, = 1344
gpu_max_SP_ACC, = 0
gpu_max_SFU_ACC, = 0
gpu_max_FPU_ACC, = 0
gpu_max_MEM_RD, = 0
gpu_max_MEM_WR, = 0
gpu_max_MEM_PRE, = 0
gpu_max_L2_RH, = 44
gpu_max_L2_RM, = 0
gpu_max_L2_WH, = 147
gpu_max_L2_WM, = 0
gpu_max_NOC_A, = 346
gpu_max_PIPE_A, = 0.00959999
gpu_max_IDLE_CORE_N, = 9
gpu_max_CONST_DYNAMICN = 0

Kernel Minimum Power Data:
kernel_min_power = 26.1594
gpu_min_IBP, = 0.000121434
gpu_min_ICP, = 0.018755
gpu_min_DCP, = 0.0616134
gpu_min_TCP, = 0
gpu_min_CCP, = 0
gpu_min_SHRDP, = 0.0178035
gpu_min_RFP, = 0.0345106
gpu_min_SPP, = 0
gpu_min_SFUP, = 0
gpu_min_FPUP, = 0
gpu_min_SCHEDP, = 0.00184429
gpu_min_L2CP, = 0.369143
gpu_min_MCP, = 1.18949
gpu_min_NOCP, = 0.298541
gpu_min_DRAMP, = 0
gpu_min_PIPEP, = 0.033949
gpu_min_IDLE_COREP, = 14.31
gpu_min_CONST_DYNAMICP = 9.82366
gpu_min_TOT_INST, = 24
gpu_min_FP_INT, = 24
gpu_min_IC_H, = 6
gpu_min_IC_M, = 6
gpu_min_DC_RH, = 0
gpu_min_DC_RM, = 24
gpu_min_DC_WH, = 0
gpu_min_DC_WM, = 0
gpu_min_TC_H, = 0
gpu_min_TC_M, = 0
gpu_min_CC_H, = 0
gpu_min_CC_M, = 0
gpu_min_SHRD_ACC, = 6
gpu_min_REG_RD, = 1024
gpu_min_REG_WR, = 608
gpu_min_NON_REG_OPs, = 256
gpu_min_SP_ACC, = 0
gpu_min_SFU_ACC, = 0
gpu_min_FPU_ACC, = 0
gpu_min_MEM_RD, = 0
gpu_min_MEM_WR, = 0
gpu_min_MEM_PRE, = 0
gpu_min_L2_RH, = 94
gpu_min_L2_RM, = 0
gpu_min_L2_WH, = 0
gpu_min_L2_WM, = 0
gpu_min_NOC_A, = 110
gpu_min_PIPE_A, = 0.00133333
gpu_min_IDLE_CORE_N, = 9
gpu_min_CONST_DYNAMICN = 0

Accumulative Power Statistics Over Previous Kernels:
gpu_tot_avg_power = 28.4908
gpu_tot_max_power = 34.0712
gpu_tot_min_power = 23.3324


kernel_name = _Z20needle_cuda_shared_2PiS_iiii 
kernel_launch_uid = 11 

Kernel Average Power Data:
kernel_avg_power = 28.3388
gpu_avg_IBP, = 0.000509589
gpu_avg_ICP, = 0.0232144
gpu_avg_DCP, = 0.0174313
gpu_avg_TCP, = 0
gpu_avg_CCP, = 0.00322906
gpu_avg_SHRDP, = 0.323218
gpu_avg_RFP, = 0.154711
gpu_avg_SPP, = 0.0189712
gpu_avg_SFUP, = 0.0132484
gpu_avg_FPUP, = 0
gpu_avg_SCHEDP, = 0.00682004
gpu_avg_L2CP, = 0.424468
gpu_avg_MCP, = 1.18052
gpu_avg_NOCP, = 0.230206
gpu_avg_DRAMP, = 0
gpu_avg_PIPEP, = 0.170957
gpu_avg_IDLE_COREP, = 15.9476
gpu_avg_CONST_DYNAMICP = 9.82366
gpu_avg_TOT_INST, = 100.714
gpu_avg_FP_INT, = 88.75
gpu_avg_IC_H, = 44
gpu_avg_IC_M, = 6.35714
gpu_avg_DC_RH, = 0.178571
gpu_avg_DC_RM, = 6.07143
gpu_avg_DC_WH, = 2.85714
gpu_avg_DC_WM, = 0.178571
gpu_avg_TC_H, = 0
gpu_avg_TC_M, = 0
gpu_avg_CC_H, = 1.78571
gpu_avg_CC_M, = 0
gpu_avg_SHRD_ACC, = 108.929
gpu_avg_REG_RD, = 4360
gpu_avg_REG_WR, = 2491.43
gpu_avg_NON_REG_OPs, = 1205.71
gpu_avg_SP_ACC, = 5028.57
gpu_avg_SFU_ACC, = 195.714
gpu_avg_FPU_ACC, = 0
gpu_avg_MEM_RD, = 0
gpu_avg_MEM_WR, = 0
gpu_avg_MEM_PRE, = 0
gpu_avg_L2_RH, = 49.7143
gpu_avg_L2_RM, = 0
gpu_avg_L2_WH, = 11.8214
gpu_avg_L2_WM, = 0
gpu_avg_NOC_A, = 84.8214
gpu_avg_PIPE_A, = 0.00671428
gpu_avg_IDLE_CORE_N, = 10.0299
gpu_avg_CONST_DYNAMICN = 0

Kernel Maximum Power Data:
kernel_max_power = 31.9564
gpu_max_IBP, = 0.000455377
gpu_max_ICP, = 0.015434
gpu_max_DCP, = 0.0214295
gpu_max_TCP, = 0
gpu_max_CCP, = 0
gpu_max_SHRDP, = 0.0801157
gpu_max_RFP, = 0.128446
gpu_max_SPP, = 0
gpu_max_SFUP, = 0
gpu_max_FPUP, = 0
gpu_max_SCHEDP, = 0.00653187
gpu_max_L2CP, = 3.13506
gpu_max_MCP, = 1.18361
gpu_max_NOCP, = 0.846772
gpu_max_DRAMP, = 0
gpu_max_PIPEP, = 0.162955
gpu_max_IDLE_COREP, = 16.5519
gpu_max_CONST_DYNAMICP = 9.82366
gpu_max_TOT_INST, = 90
gpu_max_FP_INT, = 85
gpu_max_IC_H, = 37
gpu_max_IC_M, = 4
gpu_max_DC_RH, = 0
gpu_max_DC_RM, = 0
gpu_max_DC_WH, = 34
gpu_max_DC_WM, = 5
gpu_max_TC_H, = 0
gpu_max_TC_M, = 0
gpu_max_CC_H, = 0
gpu_max_CC_M, = 0
gpu_max_SHRD_ACC, = 27
gpu_max_REG_RD, = 4768
gpu_max_REG_WR, = 1888
gpu_max_NON_REG_OPs, = 864
gpu_max_SP_ACC, = 0
gpu_max_SFU_ACC, = 0
gpu_max_FPU_ACC, = 0
gpu_max_MEM_RD, = 0
gpu_max_MEM_WR, = 0
gpu_max_MEM_PRE, = 0
gpu_max_L2_RH, = 28
gpu_max_L2_RM, = 0
gpu_max_L2_WH, = 156
gpu_max_L2_WM, = 0
gpu_max_NOC_A, = 312
gpu_max_PIPE_A, = 0.0064
gpu_max_IDLE_CORE_N, = 10.41
gpu_max_CONST_DYNAMICN = 0

Kernel Minimum Power Data:
kernel_min_power = 27.4617
gpu_min_IBP, = 0.000172031
gpu_min_ICP, = 0.00150974
gpu_min_DCP, = 0.0385084
gpu_min_TCP, = 0
gpu_min_CCP, = 0
gpu_min_SHRDP, = 0.035607
gpu_min_RFP, = 0.0544657
gpu_min_SPP, = 0
gpu_min_SFUP, = 0
gpu_min_FPUP, = 0
gpu_min_SCHEDP, = 0.00261275
gpu_min_L2CP, = 0.188499
gpu_min_MCP, = 1.18455
gpu_min_NOCP, = 0.170983
gpu_min_DRAMP, = 0
gpu_min_PIPEP, = 0.0611082
gpu_min_IDLE_COREP, = 15.9
gpu_min_CONST_DYNAMICP = 9.82366
gpu_min_TOT_INST, = 34
gpu_min_FP_INT, = 34
gpu_min_IC_H, = 17
gpu_min_IC_M, = 0
gpu_min_DC_RH, = 0
gpu_min_DC_RM, = 15
gpu_min_DC_WH, = 0
gpu_min_DC_WM, = 0
gpu_min_TC_H, = 0
gpu_min_TC_M, = 0
gpu_min_CC_H, = 0
gpu_min_CC_M, = 0
gpu_min_SHRD_ACC, = 12
gpu_min_REG_RD, = 1920
gpu_min_REG_WR, = 768
gpu_min_NON_REG_OPs, = 384
gpu_min_SP_ACC, = 0
gpu_min_SFU_ACC, = 0
gpu_min_FPU_ACC, = 0
gpu_min_MEM_RD, = 0
gpu_min_MEM_WR, = 0
gpu_min_MEM_PRE, = 0
gpu_min_L2_RH, = 48
gpu_min_L2_RM, = 0
gpu_min_L2_WH, = 0
gpu_min_L2_WM, = 0
gpu_min_NOC_A, = 63
gpu_min_PIPE_A, = 0.0024
gpu_min_IDLE_CORE_N, = 10
gpu_min_CONST_DYNAMICN = 0

Accumulative Power Statistics Over Previous Kernels:
gpu_tot_avg_power = 28.478
gpu_tot_max_power = 34.0712
gpu_tot_min_power = 23.3324


kernel_name = _Z20needle_cuda_shared_2PiS_iiii 
kernel_launch_uid = 12 

Kernel Average Power Data:
kernel_avg_power = 29.6107
gpu_avg_IBP, = 0.000407671
gpu_avg_ICP, = 0.01874
gpu_avg_DCP, = 0.0237115
gpu_avg_TCP, = 0
gpu_avg_CCP, = 0.00258325
gpu_avg_SHRDP, = 0.258575
gpu_avg_RFP, = 0.124197
gpu_avg_SPP, = 0.015177
gpu_avg_SFUP, = 0.0105987
gpu_avg_FPUP, = 0
gpu_avg_SCHEDP, = 0.00545603
gpu_avg_L2CP, = 0.305541
gpu_avg_MCP, = 1.18295
gpu_avg_NOCP, = 0.195118
gpu_avg_DRAMP, = 0
gpu_avg_PIPEP, = 0.13616
gpu_avg_IDLE_COREP, = 17.5078
gpu_avg_CONST_DYNAMICP = 9.82366
gpu_avg_TOT_INST, = 80.5714
gpu_avg_FP_INT, = 71
gpu_avg_IC_H, = 35.1429
gpu_avg_IC_M, = 5.14286
gpu_avg_DC_RH, = 0.142857
gpu_avg_DC_RM, = 6.85714
gpu_avg_DC_WH, = 1.96429
gpu_avg_DC_WM, = 2.03571
gpu_avg_TC_H, = 0
gpu_avg_TC_M, = 0
gpu_avg_CC_H, = 1.42857
gpu_avg_CC_M, = 0
gpu_avg_SHRD_ACC, = 87.1429
gpu_avg_REG_RD, = 3481.14
gpu_avg_REG_WR, = 2052.57
gpu_avg_NON_REG_OPs, = 964.571
gpu_avg_SP_ACC, = 4022.86
gpu_avg_SFU_ACC, = 156.571
gpu_avg_FPU_ACC, = 0
gpu_avg_MEM_RD, = 0
gpu_avg_MEM_WR, = 0
gpu_avg_MEM_PRE, = 0
gpu_avg_L2_RH, = 48
gpu_avg_L2_RM, = 0
gpu_avg_L2_WH, = 6.03571
gpu_avg_L2_WM, = 0
gpu_avg_NOC_A, = 71.8929
gpu_avg_PIPE_A, = 0.00534762
gpu_avg_IDLE_CORE_N, = 11.0112
gpu_avg_CONST_DYNAMICN = 0

Kernel Maximum Power Data:
kernel_max_power = 32.1076
gpu_max_IBP, = 0.000505975
gpu_max_ICP, = 0.0249004
gpu_max_DCP, = 0.0904106
gpu_max_TCP, = 0
gpu_max_CCP, = 0
gpu_max_SHRDP, = 0.0949519
gpu_max_RFP, = 0.146544
gpu_max_SPP, = 0
gpu_max_SFUP, = 0
gpu_max_FPUP, = 0
gpu_max_SCHEDP, = 0.00737717
gpu_max_L2CP, = 2.3751
gpu_max_MCP, = 1.21577
gpu_max_NOCP, = 0.670361
gpu_max_DRAMP, = 0
gpu_max_PIPEP, = 0.168047
gpu_max_IDLE_COREP, = 17.49
gpu_max_CONST_DYNAMICP = 9.82366
gpu_max_TOT_INST, = 100
gpu_max_FP_INT, = 96
gpu_max_IC_H, = 41
gpu_max_IC_M, = 7
gpu_max_DC_RH, = 0
gpu_max_DC_RM, = 0
gpu_max_DC_WH, = 31
gpu_max_DC_WM, = 33
gpu_max_TC_H, = 0
gpu_max_TC_M, = 0
gpu_max_CC_H, = 0
gpu_max_CC_M, = 0
gpu_max_SHRD_ACC, = 32
gpu_max_REG_RD, = 5248
gpu_max_REG_WR, = 2048
gpu_max_NON_REG_OPs, = 1024
gpu_max_SP_ACC, = 0
gpu_max_SFU_ACC, = 0
gpu_max_FPU_ACC, = 0
gpu_max_MEM_RD, = 0
gpu_max_MEM_WR, = 0
gpu_max_MEM_PRE, = 0
gpu_max_L2_RH, = 32
gpu_max_L2_RM, = 0
gpu_max_L2_WH, = 116
gpu_max_L2_WM, = 0
gpu_max_NOC_A, = 247
gpu_max_PIPE_A, = 0.0066
gpu_max_IDLE_CORE_N, = 11
gpu_max_CONST_DYNAMICN = 0

Kernel Minimum Power Data:
kernel_min_power = 28.9747
gpu_min_IBP, = 0.000121434
gpu_min_ICP, = 0.0010657
gpu_min_DCP, = 0.0256722
gpu_min_TCP, = 0
gpu_min_CCP, = 0
gpu_min_SHRDP, = 0.023738
gpu_min_RFP, = 0.0373832
gpu_min_SPP, = 0
gpu_min_SFUP, = 0
gpu_min_FPUP, = 0
gpu_min_SCHEDP, = 0.00184429
gpu_min_L2CP, = 0.188499
gpu_min_MCP, = 1.18181
gpu_min_NOCP, = 0.160127
gpu_min_DRAMP, = 0
gpu_min_PIPEP, = 0.0407388
gpu_min_IDLE_COREP, = 17.49
gpu_min_CONST_DYNAMICP = 9.82366
gpu_min_TOT_INST, = 24
gpu_min_FP_INT, = 24
gpu_min_IC_H, = 12
gpu_min_IC_M, = 0
gpu_min_DC_RH, = 0
gpu_min_DC_RM, = 10
gpu_min_DC_WH, = 0
gpu_min_DC_WM, = 0
gpu_min_TC_H, = 0
gpu_min_TC_M, = 0
gpu_min_CC_H, = 0
gpu_min_CC_M, = 0
gpu_min_SHRD_ACC, = 8
gpu_min_REG_RD, = 1280
gpu_min_REG_WR, = 640
gpu_min_NON_REG_OPs, = 256
gpu_min_SP_ACC, = 0
gpu_min_SFU_ACC, = 0
gpu_min_FPU_ACC, = 0
gpu_min_MEM_RD, = 0
gpu_min_MEM_WR, = 0
gpu_min_MEM_PRE, = 0
gpu_min_L2_RH, = 48
gpu_min_L2_RM, = 0
gpu_min_L2_WH, = 0
gpu_min_L2_WM, = 0
gpu_min_NOC_A, = 59
gpu_min_PIPE_A, = 0.0016
gpu_min_IDLE_CORE_N, = 11
gpu_min_CONST_DYNAMICN = 0

Accumulative Power Statistics Over Previous Kernels:
gpu_tot_avg_power = 28.5659
gpu_tot_max_power = 34.0712
gpu_tot_min_power = 23.3324


kernel_name = _Z20needle_cuda_shared_2PiS_iiii 
kernel_launch_uid = 13 

Kernel Average Power Data:
kernel_avg_power = 30.9019
gpu_avg_IBP, = 0.000305753
gpu_avg_ICP, = 0.014055
gpu_avg_DCP, = 0.0107729
gpu_avg_TCP, = 0
gpu_avg_CCP, = 0.00193744
gpu_avg_SHRDP, = 0.193931
gpu_avg_RFP, = 0.0929347
gpu_avg_SPP, = 0.0113827
gpu_avg_SFUP, = 0.00794904
gpu_avg_FPUP, = 0
gpu_avg_SCHEDP, = 0.00409202
gpu_avg_L2CP, = 0.250783
gpu_avg_MCP, = 1.17898
gpu_avg_NOCP, = 0.140547
gpu_avg_DRAMP, = 0
gpu_avg_PIPEP, = 0.103181
gpu_avg_IDLE_COREP, = 19.0674
gpu_avg_CONST_DYNAMICP = 9.82366
gpu_avg_TOT_INST, = 60.4286
gpu_avg_FP_INT, = 53.25
gpu_avg_IC_H, = 26.3571
gpu_avg_IC_M, = 3.85714
gpu_avg_DC_RH, = 0.107143
gpu_avg_DC_RM, = 3.64286
gpu_avg_DC_WH, = 1.89286
gpu_avg_DC_WM, = 0.214286
gpu_avg_TC_H, = 0
gpu_avg_TC_M, = 0
gpu_avg_CC_H, = 1.07143
gpu_avg_CC_M, = 0
gpu_avg_SHRD_ACC, = 65.3571
gpu_avg_REG_RD, = 2622.86
gpu_avg_REG_WR, = 1499.43
gpu_avg_NON_REG_OPs, = 723.429
gpu_avg_SP_ACC, = 3017.14
gpu_avg_SFU_ACC, = 117.429
gpu_avg_FPU_ACC, = 0
gpu_avg_MEM_RD, = 0
gpu_avg_MEM_WR, = 0
gpu_avg_MEM_PRE, = 0
gpu_avg_L2_RH, = 30
gpu_avg_L2_RM, = 0
gpu_avg_L2_WH, = 6.85714
gpu_avg_L2_WM, = 0
gpu_avg_NOC_A, = 51.7857
gpu_avg_PIPE_A, = 0.00405238
gpu_avg_IDLE_CORE_N, = 11.9921
gpu_avg_CONST_DYNAMICN = 0

Kernel Maximum Power Data:
kernel_max_power = 33.075
gpu_max_IBP, = 0.000364302
gpu_max_ICP, = 0.0117753
gpu_max_DCP, = 0.0138075
gpu_max_TCP, = 0
gpu_max_CCP, = 0
gpu_max_SHRDP, = 0.0623122
gpu_max_RFP, = 0.100026
gpu_max_SPP, = 0
gpu_max_SFUP, = 0
gpu_max_FPUP, = 0
gpu_max_SCHEDP, = 0.00530234
gpu_max_L2CP, = 2.0722
gpu_max_MCP, = 1.18086
gpu_max_NOCP, = 0.602511
gpu_max_DRAMP, = 0
gpu_max_PIPEP, = 0.122216
gpu_max_IDLE_COREP, = 19.08
gpu_max_CONST_DYNAMICP = 9.82366
gpu_max_TOT_INST, = 72
gpu_max_FP_INT, = 69
gpu_max_IC_H, = 30
gpu_max_IC_M, = 3
gpu_max_DC_RH, = 0
gpu_max_DC_RM, = 0
gpu_max_DC_WH, = 24
gpu_max_DC_WM, = 3
gpu_max_TC_H, = 0
gpu_max_TC_M, = 0
gpu_max_CC_H, = 0
gpu_max_CC_M, = 0
gpu_max_SHRD_ACC, = 21
gpu_max_REG_RD, = 3744
gpu_max_REG_WR, = 1440
gpu_max_NON_REG_OPs, = 672
gpu_max_SP_ACC, = 0
gpu_max_SFU_ACC, = 0
gpu_max_FPU_ACC, = 0
gpu_max_MEM_RD, = 0
gpu_max_MEM_WR, = 0
gpu_max_MEM_PRE, = 0
gpu_max_L2_RH, = 24
gpu_max_L2_RM, = 0
gpu_max_L2_WH, = 102
gpu_max_L2_WM, = 0
gpu_max_NOC_A, = 222
gpu_max_PIPE_A, = 0.0048
gpu_max_IDLE_CORE_N, = 12
gpu_max_CONST_DYNAMICN = 0

Kernel Minimum Power Data:
kernel_min_power = 30.3949
gpu_min_IBP, = 9.10754e-05
gpu_min_ICP, = 0.00964394
gpu_min_DCP, = 0.0154033
gpu_min_TCP, = 0
gpu_min_CCP, = 0
gpu_min_SHRDP, = 0.0178035
gpu_min_RFP, = 0.0272329
gpu_min_SPP, = 0
gpu_min_SFUP, = 0
gpu_min_FPUP, = 0
gpu_min_SCHEDP, = 0.00138322
gpu_min_L2CP, = 0.0981764
gpu_min_MCP, = 1.17962
gpu_min_NOCP, = 0.111275
gpu_min_DRAMP, = 0
gpu_min_PIPEP, = 0.0305541
gpu_min_IDLE_COREP, = 19.08
gpu_min_CONST_DYNAMICP = 9.82366
gpu_min_TOT_INST, = 18
gpu_min_FP_INT, = 18
gpu_min_IC_H, = 6
gpu_min_IC_M, = 3
gpu_min_DC_RH, = 0
gpu_min_DC_RM, = 6
gpu_min_DC_WH, = 0
gpu_min_DC_WM, = 0
gpu_min_TC_H, = 0
gpu_min_TC_M, = 0
gpu_min_CC_H, = 0
gpu_min_CC_M, = 0
gpu_min_SHRD_ACC, = 6
gpu_min_REG_RD, = 960
gpu_min_REG_WR, = 384
gpu_min_NON_REG_OPs, = 192
gpu_min_SP_ACC, = 0
gpu_min_SFU_ACC, = 0
gpu_min_FPU_ACC, = 0
gpu_min_MEM_RD, = 0
gpu_min_MEM_WR, = 0
gpu_min_MEM_PRE, = 0
gpu_min_L2_RH, = 25
gpu_min_L2_RM, = 0
gpu_min_L2_WH, = 0
gpu_min_L2_WM, = 0
gpu_min_NOC_A, = 41
gpu_min_PIPE_A, = 0.0012
gpu_min_IDLE_CORE_N, = 12
gpu_min_CONST_DYNAMICN = 0

Accumulative Power Statistics Over Previous Kernels:
gpu_tot_avg_power = 28.734
gpu_tot_max_power = 34.0712
gpu_tot_min_power = 23.3324


kernel_name = _Z20needle_cuda_shared_2PiS_iiii 
kernel_launch_uid = 14 

Kernel Average Power Data:
kernel_avg_power = 32.2285
gpu_avg_IBP, = 0.000203836
gpu_avg_ICP, = 0.00936999
gpu_avg_DCP, = 0.0118159
gpu_avg_TCP, = 0
gpu_avg_CCP, = 0.00129162
gpu_avg_SHRDP, = 0.129287
gpu_avg_RFP, = 0.0620773
gpu_avg_SPP, = 0.00758848
gpu_avg_SFUP, = 0.00529936
gpu_avg_FPUP, = 0
gpu_avg_SCHEDP, = 0.00272802
gpu_avg_L2CP, = 0.165583
gpu_avg_MCP, = 1.17962
gpu_avg_NOCP, = 0.0993522
gpu_avg_DRAMP, = 0
gpu_avg_PIPEP, = 0.0679586
gpu_avg_IDLE_COREP, = 20.6626
gpu_avg_CONST_DYNAMICP = 9.82366
gpu_avg_TOT_INST, = 40.2857
gpu_avg_FP_INT, = 35.5
gpu_avg_IC_H, = 17.5714
gpu_avg_IC_M, = 2.57143
gpu_avg_DC_RH, = 0.0714286
gpu_avg_DC_RM, = 3.42857
gpu_avg_DC_WH, = 1
gpu_avg_DC_WM, = 1
gpu_avg_TC_H, = 0
gpu_avg_TC_M, = 0
gpu_avg_CC_H, = 0.714286
gpu_avg_CC_M, = 0
gpu_avg_SHRD_ACC, = 43.5714
gpu_avg_REG_RD, = 1739.43
gpu_avg_REG_WR, = 1025.14
gpu_avg_NON_REG_OPs, = 482.286
gpu_avg_SP_ACC, = 2011.43
gpu_avg_SFU_ACC, = 78.2857
gpu_avg_FPU_ACC, = 0
gpu_avg_MEM_RD, = 0
gpu_avg_MEM_WR, = 0
gpu_avg_MEM_PRE, = 0
gpu_avg_L2_RH, = 24
gpu_avg_L2_RM, = 0
gpu_avg_L2_WH, = 3.67857
gpu_avg_L2_WM, = 0
gpu_avg_NOC_A, = 36.6071
gpu_avg_PIPE_A, = 0.00266905
gpu_avg_IDLE_CORE_N, = 12.9954
gpu_avg_CONST_DYNAMICN = 0

Kernel Maximum Power Data:
kernel_max_power = 33.487
gpu_max_IBP, = 0.000242868
gpu_max_ICP, = 0.0139243
gpu_max_DCP, = 0.0443551
gpu_max_TCP, = 0
gpu_max_CCP, = 0
gpu_max_SHRDP, = 0.047476
gpu_max_RFP, = 0.0728891
gpu_max_SPP, = 0
gpu_max_SFUP, = 0
gpu_max_FPUP, = 0
gpu_max_SCHEDP, = 0.00353489
gpu_max_L2CP, = 1.18755
gpu_max_MCP, = 1.19554
gpu_max_NOCP, = 0.34468
gpu_max_DRAMP, = 0
gpu_max_PIPEP, = 0.083175
gpu_max_IDLE_COREP, = 20.67
gpu_max_CONST_DYNAMICP = 9.82366
gpu_max_TOT_INST, = 48
gpu_max_FP_INT, = 46
gpu_max_IC_H, = 20
gpu_max_IC_M, = 4
gpu_max_DC_RH, = 0
gpu_max_DC_RM, = 0
gpu_max_DC_WH, = 17
gpu_max_DC_WM, = 16
gpu_max_TC_H, = 0
gpu_max_TC_M, = 0
gpu_max_CC_H, = 0
gpu_max_CC_M, = 0
gpu_max_SHRD_ACC, = 16
gpu_max_REG_RD, = 2560
gpu_max_REG_WR, = 1056
gpu_max_NON_REG_OPs, = 512
gpu_max_SP_ACC, = 0
gpu_max_SFU_ACC, = 0
gpu_max_FPU_ACC, = 0
gpu_max_MEM_RD, = 0
gpu_max_MEM_WR, = 0
gpu_max_MEM_PRE, = 0
gpu_max_L2_RH, = 16
gpu_max_L2_RM, = 0
gpu_max_L2_WH, = 58
gpu_max_L2_WM, = 0
gpu_max_NOC_A, = 127
gpu_max_PIPE_A, = 0.00326667
gpu_max_IDLE_CORE_N, = 13
gpu_max_CONST_DYNAMICN = 0

Kernel Minimum Power Data:
kernel_min_power = 31.9285
gpu_min_IBP, = 6.0717e-05
gpu_min_ICP, = 0.000532849
gpu_min_DCP, = 0.0205378
gpu_min_TCP, = 0
gpu_min_CCP, = 0
gpu_min_SHRDP, = 0.011869
gpu_min_RFP, = 0.0186916
gpu_min_SPP, = 0
gpu_min_SFUP, = 0
gpu_min_FPUP, = 0
gpu_min_SCHEDP, = 0.000922146
gpu_min_L2CP, = 0.0942494
gpu_min_MCP, = 1.18072
gpu_min_NOCP, = 0.0868484
gpu_min_DRAMP, = 0
gpu_min_PIPEP, = 0.0203694
gpu_min_IDLE_COREP, = 20.67
gpu_min_CONST_DYNAMICP = 9.82366
gpu_min_TOT_INST, = 12
gpu_min_FP_INT, = 12
gpu_min_IC_H, = 6
gpu_min_IC_M, = 0
gpu_min_DC_RH, = 0
gpu_min_DC_RM, = 8
gpu_min_DC_WH, = 0
gpu_min_DC_WM, = 0
gpu_min_TC_H, = 0
gpu_min_TC_M, = 0
gpu_min_CC_H, = 0
gpu_min_CC_M, = 0
gpu_min_SHRD_ACC, = 4
gpu_min_REG_RD, = 640
gpu_min_REG_WR, = 320
gpu_min_NON_REG_OPs, = 128
gpu_min_SP_ACC, = 0
gpu_min_SFU_ACC, = 0
gpu_min_FPU_ACC, = 0
gpu_min_MEM_RD, = 0
gpu_min_MEM_WR, = 0
gpu_min_MEM_PRE, = 0
gpu_min_L2_RH, = 24
gpu_min_L2_RM, = 0
gpu_min_L2_WH, = 0
gpu_min_L2_WM, = 0
gpu_min_NOC_A, = 32
gpu_min_PIPE_A, = 0.0008
gpu_min_IDLE_CORE_N, = 13
gpu_min_CONST_DYNAMICN = 0

Accumulative Power Statistics Over Previous Kernels:
gpu_tot_avg_power = 28.9687
gpu_tot_max_power = 34.0712
gpu_tot_min_power = 23.3324


kernel_name = _Z20needle_cuda_shared_2PiS_iiii 
kernel_launch_uid = 15 

Kernel Average Power Data:
kernel_avg_power = 33.5241
gpu_avg_IBP, = 0.000101918
gpu_avg_ICP, = 0.004685
gpu_avg_DCP, = 0.00357526
gpu_avg_TCP, = 0
gpu_avg_CCP, = 0.000645812
gpu_avg_SHRDP, = 0.0646436
gpu_avg_RFP, = 0.030975
gpu_avg_SPP, = 0.00379424
gpu_avg_SFUP, = 0.00264968
gpu_avg_FPUP, = 0
gpu_avg_SCHEDP, = 0.00136401
gpu_avg_L2CP, = 0.087329
gpu_avg_MCP, = 1.17742
gpu_avg_NOCP, = 0.0473014
gpu_avg_DRAMP, = 0.0038348
gpu_avg_PIPEP, = 0.0343733
gpu_avg_IDLE_COREP, = 22.2377
gpu_avg_CONST_DYNAMICP = 9.82366
gpu_avg_TOT_INST, = 20.1429
gpu_avg_FP_INT, = 17.75
gpu_avg_IC_H, = 8.78571
gpu_avg_IC_M, = 1.28571
gpu_avg_DC_RH, = 0.0357143
gpu_avg_DC_RM, = 1.21429
gpu_avg_DC_WH, = 0.571429
gpu_avg_DC_WM, = 0.0714286
gpu_avg_TC_H, = 0
gpu_avg_TC_M, = 0
gpu_avg_CC_H, = 0.357143
gpu_avg_CC_M, = 0
gpu_avg_SHRD_ACC, = 21.7857
gpu_avg_REG_RD, = 874.286
gpu_avg_REG_WR, = 499.429
gpu_avg_NON_REG_OPs, = 241.143
gpu_avg_SP_ACC, = 1005.71
gpu_avg_SFU_ACC, = 39.1429
gpu_avg_FPU_ACC, = 0
gpu_avg_MEM_RD, = 0.107143
gpu_avg_MEM_WR, = 0
gpu_avg_MEM_PRE, = 0
gpu_avg_L2_RH, = 9.89286
gpu_avg_L2_RM, = 0
gpu_avg_L2_WH, = 2.5
gpu_avg_L2_WM, = 0
gpu_avg_NOC_A, = 17.4286
gpu_avg_PIPE_A, = 0.00135
gpu_avg_IDLE_CORE_N, = 13.986
gpu_avg_CONST_DYNAMICN = 0

Kernel Maximum Power Data:
kernel_max_power = 34.4237
gpu_max_IBP, = 0.000141673
gpu_max_ICP, = 0.00705095
gpu_max_DCP, = 0.00237445
gpu_max_TCP, = 0
gpu_max_CCP, = 0
gpu_max_SHRDP, = 0.0267052
gpu_max_RFP, = 0.0403129
gpu_max_SPP, = 0
gpu_max_SFUP, = 0
gpu_max_FPUP, = 0
gpu_max_SCHEDP, = 0.00207483
gpu_max_L2CP, = 0.807083
gpu_max_MCP, = 1.17674
gpu_max_NOCP, = 0.233405
gpu_max_DRAMP, = 0
gpu_max_PIPEP, = 0.0441337
gpu_max_IDLE_COREP, = 22.26
gpu_max_CONST_DYNAMICP = 9.82366
gpu_max_TOT_INST, = 28
gpu_max_FP_INT, = 27
gpu_max_IC_H, = 11
gpu_max_IC_M, = 2
gpu_max_DC_RH, = 0
gpu_max_DC_RM, = 0
gpu_max_DC_WH, = 9
gpu_max_DC_WM, = 0
gpu_max_TC_H, = 0
gpu_max_TC_M, = 0
gpu_max_CC_H, = 0
gpu_max_CC_M, = 0
gpu_max_SHRD_ACC, = 9
gpu_max_REG_RD, = 1440
gpu_max_REG_WR, = 512
gpu_max_NON_REG_OPs, = 288
gpu_max_SP_ACC, = 0
gpu_max_SFU_ACC, = 0
gpu_max_FPU_ACC, = 0
gpu_max_MEM_RD, = 0
gpu_max_MEM_WR, = 0
gpu_max_MEM_PRE, = 0
gpu_max_L2_RH, = 8
gpu_max_L2_RM, = 0
gpu_max_L2_WH, = 40
gpu_max_L2_WM, = 0
gpu_max_NOC_A, = 86
gpu_max_PIPE_A, = 0.00173333
gpu_max_IDLE_CORE_N, = 14
gpu_max_CONST_DYNAMICN = 0

Kernel Minimum Power Data:
kernel_min_power = 33.1922
gpu_min_IBP, = 6.0717e-05
gpu_min_ICP, = 0.0065181
gpu_min_DCP, = 0.00551141
gpu_min_TCP, = 0
gpu_min_CCP, = 0.00904137
gpu_min_SHRDP, = 0
gpu_min_RFP, = 0.0235368
gpu_min_SPP, = 0.0115897
gpu_min_SFUP, = 0
gpu_min_FPUP, = 0
gpu_min_SCHEDP, = 0.000922146
gpu_min_L2CP, = 0.364758
gpu_min_MCP, = 1.17996
gpu_min_NOCP, = 0.0977044
gpu_min_DRAMP, = 0
gpu_min_PIPEP, = 0.0322515
gpu_min_IDLE_COREP, = 21.6367
gpu_min_CONST_DYNAMICP = 9.82366
gpu_min_TOT_INST, = 12
gpu_min_FP_INT, = 12
gpu_min_IC_H, = 5
gpu_min_IC_M, = 2
gpu_min_DC_RH, = 0
gpu_min_DC_RM, = 0
gpu_min_DC_WH, = 2
gpu_min_DC_WM, = 2
gpu_min_TC_H, = 0
gpu_min_TC_M, = 0
gpu_min_CC_H, = 5
gpu_min_CC_M, = 0
gpu_min_SHRD_ACC, = 0
gpu_min_REG_RD, = 416
gpu_min_REG_WR, = 320
gpu_min_NON_REG_OPs, = 224
gpu_min_SP_ACC, = 3072
gpu_min_SFU_ACC, = 0
gpu_min_FPU_ACC, = 0
gpu_min_MEM_RD, = 0
gpu_min_MEM_WR, = 0
gpu_min_MEM_PRE, = 0
gpu_min_L2_RH, = 4
gpu_min_L2_RM, = 0
gpu_min_L2_WH, = 18
gpu_min_L2_WM, = 0
gpu_min_NOC_A, = 36
gpu_min_PIPE_A, = 0.00126667
gpu_min_IDLE_CORE_N, = 13.608
gpu_min_CONST_DYNAMICN = 0

Accumulative Power Statistics Over Previous Kernels:
gpu_tot_avg_power = 29.2553
gpu_tot_max_power = 34.4237
gpu_tot_min_power = 23.3324


