kernel_name = _Z20needle_cuda_shared_1PiS_iiii 
kernel_launch_uid = 1 

Kernel Average Power Data:
kernel_avg_power = 33.599
gpu_avg_IBP, = 7.72277e-05
gpu_avg_ICP, = 0.00354838
gpu_avg_DCP, = 0.00256882
gpu_avg_TCP, = 0
gpu_avg_CCP, = 0.000406827
gpu_avg_SHRDP, = 0.0476321
gpu_avg_RFP, = 0.0238604
gpu_avg_SPP, = 0.00358365
gpu_avg_SFUP, = 0.00255094
gpu_avg_FPUP, = 0
gpu_avg_SCHEDP, = 0.00103741
gpu_avg_L2CP, = 0.0437954
gpu_avg_MCP, = 1.1846
gpu_avg_NOCP, = 0.034068
gpu_avg_DRAMP, = 0.141594
gpu_avg_PIPEP, = 0.0259084
gpu_avg_IDLE_COREP, = 22.2601
gpu_avg_CONST_DYNAMICP = 9.82366
gpu_avg_TOT_INST, = 15.2632
gpu_avg_FP_INT, = 13.5
gpu_avg_IC_H, = 6.65789
gpu_avg_IC_M, = 0.973684
gpu_avg_DC_RH, = 0.0263158
gpu_avg_DC_RM, = 0.894737
gpu_avg_DC_WH, = 0.421053
gpu_avg_DC_WM, = 0.0263158
gpu_avg_TC_H, = 0
gpu_avg_TC_M, = 0
gpu_avg_CC_H, = 0.131579
gpu_avg_CC_M, = 0.131579
gpu_avg_SHRD_ACC, = 16.0526
gpu_avg_REG_RD, = 658.526
gpu_avg_REG_WR, = 384.842
gpu_avg_NON_REG_OPs, = 187.789
gpu_avg_SP_ACC, = 949.895
gpu_avg_SFU_ACC, = 37.6842
gpu_avg_FPU_ACC, = 0
gpu_avg_MEM_RD, = 3.94737
gpu_avg_MEM_WR, = 0
gpu_avg_MEM_PRE, = 0.0526316
gpu_avg_L2_RH, = 3.57895
gpu_avg_L2_RM, = 1
gpu_avg_L2_WH, = 1.52632
gpu_avg_L2_WM, = 0
gpu_avg_NOC_A, = 12.5526
gpu_avg_PIPE_A, = 0.00101754
gpu_avg_IDLE_CORE_N, = 14.0001
gpu_avg_CONST_DYNAMICN = 0

Kernel Maximum Power Data:
kernel_max_power = 34.0712
gpu_max_IBP, = 9.10754e-05
gpu_max_ICP, = 0.00365869
gpu_max_DCP, = 0.00105531
gpu_max_TCP, = 0
gpu_max_CCP, = 0
gpu_max_SHRDP, = 0.0148362
gpu_max_RFP, = 0.03068
gpu_max_SPP, = 0.00869226
gpu_max_SFUP, = 0
gpu_max_FPUP, = 0
gpu_max_SCHEDP, = 0.00138322
gpu_max_L2CP, = 0.310409
gpu_max_MCP, = 1.192
gpu_max_NOCP, = 0.111275
gpu_max_DRAMP, = 0.286332
gpu_max_PIPEP, = 0.0271592
gpu_max_IDLE_COREP, = 22.26
gpu_max_CONST_DYNAMICP = 9.82366
gpu_max_TOT_INST, = 18
gpu_max_FP_INT, = 18
gpu_max_IC_H, = 7
gpu_max_IC_M, = 1
gpu_max_DC_RH, = 0
gpu_max_DC_RM, = 0
gpu_max_DC_WH, = 4
gpu_max_DC_WM, = 0
gpu_max_TC_H, = 0
gpu_max_TC_M, = 0
gpu_max_CC_H, = 0
gpu_max_CC_M, = 0
gpu_max_SHRD_ACC, = 5
gpu_max_REG_RD, = 832
gpu_max_REG_WR, = 384
gpu_max_NON_REG_OPs, = 256
gpu_max_SP_ACC, = 2304
gpu_max_SFU_ACC, = 0
gpu_max_FPU_ACC, = 0
gpu_max_MEM_RD, = 8
gpu_max_MEM_WR, = 0
gpu_max_MEM_PRE, = 0
gpu_max_L2_RH, = 0
gpu_max_L2_RM, = 1
gpu_max_L2_WH, = 16
gpu_max_L2_WM, = 0
gpu_max_NOC_A, = 41
gpu_max_PIPE_A, = 0.00106667
gpu_max_IDLE_CORE_N, = 14
gpu_max_CONST_DYNAMICN = 0

Kernel Minimum Power Data:
kernel_min_power = 33.3622
gpu_min_IBP, = 2.0239e-05
gpu_min_ICP, = 0.00321465
gpu_min_DCP, = 0.00770167
gpu_min_TCP, = 0
gpu_min_CCP, = 0
gpu_min_SHRDP, = 0.0059345
gpu_min_RFP, = 0.00907762
gpu_min_SPP, = 0
gpu_min_SFUP, = 0
gpu_min_FPUP, = 0
gpu_min_SCHEDP, = 0.000307382
gpu_min_L2CP, = 0.0315593
gpu_min_MCP, = 1.17798
gpu_min_NOCP, = 0.0325681
gpu_min_DRAMP, = 0
gpu_min_PIPEP, = 0.0101847
gpu_min_IDLE_COREP, = 22.26
gpu_min_CONST_DYNAMICP = 9.82366
gpu_min_TOT_INST, = 4
gpu_min_FP_INT, = 4
gpu_min_IC_H, = 2
gpu_min_IC_M, = 1
gpu_min_DC_RH, = 0
gpu_min_DC_RM, = 3
gpu_min_DC_WH, = 0
gpu_min_DC_WM, = 0
gpu_min_TC_H, = 0
gpu_min_TC_M, = 0
gpu_min_CC_H, = 0
gpu_min_CC_M, = 0
gpu_min_SHRD_ACC, = 2
gpu_min_REG_RD, = 320
gpu_min_REG_WR, = 128
gpu_min_NON_REG_OPs, = 64
gpu_min_SP_ACC, = 0
gpu_min_SFU_ACC, = 0
gpu_min_FPU_ACC, = 0
gpu_min_MEM_RD, = 0
gpu_min_MEM_WR, = 0
gpu_min_MEM_PRE, = 0
gpu_min_L2_RH, = 8
gpu_min_L2_RM, = 1
gpu_min_L2_WH, = 0
gpu_min_L2_WM, = 0
gpu_min_NOC_A, = 12
gpu_min_PIPE_A, = 0.0004
gpu_min_IDLE_CORE_N, = 14
gpu_min_CONST_DYNAMICN = 0

Accumulative Power Statistics Over Previous Kernels:
gpu_tot_avg_power = 33.599
gpu_tot_max_power = 34.0712
gpu_tot_min_power = 33.3622


kernel_name = _Z20needle_cuda_shared_1PiS_iiii 
kernel_launch_uid = 2 

Kernel Average Power Data:
kernel_avg_power = 32.2224
gpu_avg_IBP, = 0.00020239
gpu_avg_ICP, = 0.00929921
gpu_avg_DCP, = 0.0115985
gpu_avg_TCP, = 0
gpu_avg_CCP, = 0.00106617
gpu_avg_SHRDP, = 0.124829
gpu_avg_RFP, = 0.0627896
gpu_avg_SPP, = 0.00939164
gpu_avg_SFUP, = 0.00668522
gpu_avg_FPUP, = 0
gpu_avg_SCHEDP, = 0.00271874
gpu_avg_L2CP, = 0.152137
gpu_avg_MCP, = 1.1796
gpu_avg_NOCP, = 0.0972365
gpu_avg_DRAMP, = 0
gpu_avg_PIPEP, = 0.0678979
gpu_avg_IDLE_COREP, = 20.6733
gpu_avg_CONST_DYNAMICP = 9.82366
gpu_avg_TOT_INST, = 40
gpu_avg_FP_INT, = 35.3793
gpu_avg_IC_H, = 17.4483
gpu_avg_IC_M, = 2.55172
gpu_avg_DC_RH, = 0.0689655
gpu_avg_DC_RM, = 3.31034
gpu_avg_DC_WH, = 1.03448
gpu_avg_DC_WM, = 1.03448
gpu_avg_TC_H, = 0
gpu_avg_TC_M, = 0
gpu_avg_CC_H, = 0.344828
gpu_avg_CC_M, = 0.344828
gpu_avg_SHRD_ACC, = 42.069
gpu_avg_REG_RD, = 1725.79
gpu_avg_REG_WR, = 1039.45
gpu_avg_NON_REG_OPs, = 492.138
gpu_avg_SP_ACC, = 2489.38
gpu_avg_SFU_ACC, = 98.7586
gpu_avg_FPU_ACC, = 0
gpu_avg_MEM_RD, = 0
gpu_avg_MEM_WR, = 0
gpu_avg_MEM_PRE, = 0
gpu_avg_L2_RH, = 23.5862
gpu_avg_L2_RM, = 0
gpu_avg_L2_WH, = 3.06897
gpu_avg_L2_WM, = 0
gpu_avg_NOC_A, = 35.8276
gpu_avg_PIPE_A, = 0.00266667
gpu_avg_IDLE_CORE_N, = 13.0021
gpu_avg_CONST_DYNAMICN = 0

Kernel Maximum Power Data:
kernel_max_power = 33.29
gpu_max_IBP, = 0.00020239
gpu_max_ICP, = 0.00749499
gpu_max_DCP, = 0.0330684
gpu_max_TCP, = 0
gpu_max_CCP, = 0
gpu_max_SHRDP, = 0.035607
gpu_max_RFP, = 0.0557679
gpu_max_SPP, = 0
gpu_max_SFUP, = 0
gpu_max_FPUP, = 0
gpu_max_SCHEDP, = 0.00292013
gpu_max_L2CP, = 1.09059
gpu_max_MCP, = 1.19071
gpu_max_NOCP, = 0.312111
gpu_max_DRAMP, = 0
gpu_max_PIPEP, = 0.0678979
gpu_max_IDLE_COREP, = 20.67
gpu_max_CONST_DYNAMICP = 9.82366
gpu_max_TOT_INST, = 40
gpu_max_FP_INT, = 38
gpu_max_IC_H, = 16
gpu_max_IC_M, = 2
gpu_max_DC_RH, = 0
gpu_max_DC_RM, = 0
gpu_max_DC_WH, = 12
gpu_max_DC_WM, = 12
gpu_max_TC_H, = 0
gpu_max_TC_M, = 0
gpu_max_CC_H, = 0
gpu_max_CC_M, = 0
gpu_max_SHRD_ACC, = 12
gpu_max_REG_RD, = 2048
gpu_max_REG_WR, = 768
gpu_max_NON_REG_OPs, = 384
gpu_max_SP_ACC, = 0
gpu_max_SFU_ACC, = 0
gpu_max_FPU_ACC, = 0
gpu_max_MEM_RD, = 0
gpu_max_MEM_WR, = 0
gpu_max_MEM_PRE, = 0
gpu_max_L2_RH, = 16
gpu_max_L2_RM, = 0
gpu_max_L2_WH, = 53
gpu_max_L2_WM, = 0
gpu_max_NOC_A, = 115
gpu_max_PIPE_A, = 0.00266667
gpu_max_IDLE_CORE_N, = 13
gpu_max_CONST_DYNAMICN = 0

Kernel Minimum Power Data:
kernel_min_power = 32.0052
gpu_min_IBP, = 0.000222629
gpu_min_ICP, = 0.00767261
gpu_min_DCP, = 0
gpu_min_TCP, = 0
gpu_min_CCP, = 0
gpu_min_SHRDP, = 0.0890175
gpu_min_RFP, = 0.0592537
gpu_min_SPP, = 0
gpu_min_SFUP, = 0
gpu_min_FPUP, = 0
gpu_min_SCHEDP, = 0.00284328
gpu_min_L2CP, = 0.0628329
gpu_min_MCP, = 1.17634
gpu_min_NOCP, = 0.0488522
gpu_min_DRAMP, = 0
gpu_min_PIPEP, = 0.0645031
gpu_min_IDLE_COREP, = 20.67
gpu_min_CONST_DYNAMICP = 9.82366
gpu_min_TOT_INST, = 44
gpu_min_FP_INT, = 37
gpu_min_IC_H, = 18
gpu_min_IC_M, = 2
gpu_min_DC_RH, = 0
gpu_min_DC_RM, = 0
gpu_min_DC_WH, = 0
gpu_min_DC_WM, = 0
gpu_min_TC_H, = 0
gpu_min_TC_M, = 0
gpu_min_CC_H, = 0
gpu_min_CC_M, = 0
gpu_min_SHRD_ACC, = 30
gpu_min_REG_RD, = 1792
gpu_min_REG_WR, = 928
gpu_min_NON_REG_OPs, = 448
gpu_min_SP_ACC, = 0
gpu_min_SFU_ACC, = 0
gpu_min_FPU_ACC, = 0
gpu_min_MEM_RD, = 0
gpu_min_MEM_WR, = 0
gpu_min_MEM_PRE, = 0
gpu_min_L2_RH, = 16
gpu_min_L2_RM, = 0
gpu_min_L2_WH, = 0
gpu_min_L2_WM, = 0
gpu_min_NOC_A, = 18
gpu_min_PIPE_A, = 0.00253333
gpu_min_IDLE_CORE_N, = 13
gpu_min_CONST_DYNAMICN = 0

Accumulative Power Statistics Over Previous Kernels:
gpu_tot_avg_power = 33.0031
gpu_tot_max_power = 34.0712
gpu_tot_min_power = 32.0052


kernel_name = _Z20needle_cuda_shared_1PiS_iiii 
kernel_launch_uid = 3 

Kernel Average Power Data:
kernel_avg_power = 30.9076
gpu_avg_IBP, = 0.000303585
gpu_avg_ICP, = 0.0139488
gpu_avg_DCP, = 0.0100031
gpu_avg_TCP, = 0
gpu_avg_CCP, = 0.00159925
gpu_avg_SHRDP, = 0.187244
gpu_avg_RFP, = 0.093796
gpu_avg_SPP, = 0.0140875
gpu_avg_SFUP, = 0.0100278
gpu_avg_FPUP, = 0
gpu_avg_SCHEDP, = 0.00407811
gpu_avg_L2CP, = 0.237886
gpu_avg_MCP, = 1.17873
gpu_avg_NOCP, = 0.13439
gpu_avg_DRAMP, = 0
gpu_avg_PIPEP, = 0.101847
gpu_avg_IDLE_COREP, = 19.096
gpu_avg_CONST_DYNAMICP = 9.82366
gpu_avg_TOT_INST, = 60
gpu_avg_FP_INT, = 53.069
gpu_avg_IC_H, = 26.1724
gpu_avg_IC_M, = 3.82759
gpu_avg_DC_RH, = 0.103448
gpu_avg_DC_RM, = 3.51724
gpu_avg_DC_WH, = 1.62069
gpu_avg_DC_WM, = 0.0689655
gpu_avg_TC_H, = 0
gpu_avg_TC_M, = 0
gpu_avg_CC_H, = 0.517241
gpu_avg_CC_M, = 0.517241
gpu_avg_SHRD_ACC, = 63.1034
gpu_avg_REG_RD, = 2588.69
gpu_avg_REG_WR, = 1512.83
gpu_avg_NON_REG_OPs, = 738.207
gpu_avg_SP_ACC, = 3734.07
gpu_avg_SFU_ACC, = 148.138
gpu_avg_FPU_ACC, = 0
gpu_avg_MEM_RD, = 0
gpu_avg_MEM_WR, = 0
gpu_avg_MEM_PRE, = 0
gpu_avg_L2_RH, = 29.5862
gpu_avg_L2_RM, = 0
gpu_avg_L2_WH, = 6.27586
gpu_avg_L2_WM, = 0
gpu_avg_NOC_A, = 49.5172
gpu_avg_PIPE_A, = 0.004
gpu_avg_IDLE_CORE_N, = 12.0101
gpu_avg_CONST_DYNAMICN = 0

Kernel Maximum Power Data:
kernel_max_power = 33.4641
gpu_max_IBP, = 0.000313704
gpu_max_ICP, = 0.0143683
gpu_max_DCP, = 0.0110518
gpu_max_TCP, = 0
gpu_max_CCP, = 0
gpu_max_SHRDP, = 0.0563777
gpu_max_RFP, = 0.088727
gpu_max_SPP, = 0
gpu_max_SFUP, = 0
gpu_max_FPUP, = 0
gpu_max_SCHEDP, = 0.00453389
gpu_max_L2CP, = 2.46003
gpu_max_MCP, = 1.17966
gpu_max_NOCP, = 0.635079
gpu_max_DRAMP, = 0
gpu_max_PIPEP, = 0.110334
gpu_max_IDLE_COREP, = 19.08
gpu_max_CONST_DYNAMICP = 9.82366
gpu_max_TOT_INST, = 62
gpu_max_FP_INT, = 59
gpu_max_IC_H, = 25
gpu_max_IC_M, = 4
gpu_max_DC_RH, = 0
gpu_max_DC_RM, = 0
gpu_max_DC_WH, = 23
gpu_max_DC_WM, = 2
gpu_max_TC_H, = 0
gpu_max_TC_M, = 0
gpu_max_CC_H, = 0
gpu_max_CC_M, = 0
gpu_max_SHRD_ACC, = 19
gpu_max_REG_RD, = 3232
gpu_max_REG_WR, = 1280
gpu_max_NON_REG_OPs, = 608
gpu_max_SP_ACC, = 0
gpu_max_SFU_ACC, = 0
gpu_max_FPU_ACC, = 0
gpu_max_MEM_RD, = 0
gpu_max_MEM_WR, = 0
gpu_max_MEM_PRE, = 0
gpu_max_L2_RH, = 24
gpu_max_L2_RM, = 0
gpu_max_L2_WH, = 122
gpu_max_L2_WM, = 0
gpu_max_NOC_A, = 234
gpu_max_PIPE_A, = 0.00433333
gpu_max_IDLE_CORE_N, = 12
gpu_max_CONST_DYNAMICN = 0

Kernel Minimum Power Data:
kernel_min_power = 30.3522
gpu_min_IBP, = 9.10754e-05
gpu_min_ICP, = 0.000799274
gpu_min_DCP, = 0.0154033
gpu_min_TCP, = 0
gpu_min_CCP, = 0
gpu_min_SHRDP, = 0.0178035
gpu_min_RFP, = 0.0272329
gpu_min_SPP, = 0
gpu_min_SFUP, = 0
gpu_min_FPUP, = 0
gpu_min_SCHEDP, = 0.00138322
gpu_min_L2CP, = 0.0942494
gpu_min_MCP, = 1.17962
gpu_min_NOCP, = 0.0814204
gpu_min_DRAMP, = 0
gpu_min_PIPEP, = 0.0305541
gpu_min_IDLE_COREP, = 19.08
gpu_min_CONST_DYNAMICP = 9.82366
gpu_min_TOT_INST, = 18
gpu_min_FP_INT, = 18
gpu_min_IC_H, = 9
gpu_min_IC_M, = 0
gpu_min_DC_RH, = 0
gpu_min_DC_RM, = 6
gpu_min_DC_WH, = 0
gpu_min_DC_WM, = 0
gpu_min_TC_H, = 0
gpu_min_TC_M, = 0
gpu_min_CC_H, = 0
gpu_min_CC_M, = 0
gpu_min_SHRD_ACC, = 6
gpu_min_REG_RD, = 960
gpu_min_REG_WR, = 384
gpu_min_NON_REG_OPs, = 192
gpu_min_SP_ACC, = 0
gpu_min_SFU_ACC, = 0
gpu_min_FPU_ACC, = 0
gpu_min_MEM_RD, = 0
gpu_min_MEM_WR, = 0
gpu_min_MEM_PRE, = 0
gpu_min_L2_RH, = 24
gpu_min_L2_RM, = 0
gpu_min_L2_WH, = 0
gpu_min_L2_WM, = 0
gpu_min_NOC_A, = 30
gpu_min_PIPE_A, = 0.0012
gpu_min_IDLE_CORE_N, = 12
gpu_min_CONST_DYNAMICN = 0

Accumulative Power Statistics Over Previous Kernels:
gpu_tot_avg_power = 32.3701
gpu_tot_max_power = 34.0712
gpu_tot_min_power = 30.3522


kernel_name = _Z20needle_cuda_shared_1PiS_iiii 
kernel_launch_uid = 4 

Kernel Average Power Data:
kernel_avg_power = 29.5896
gpu_avg_IBP, = 0.000401988
gpu_avg_ICP, = 0.0185862
gpu_avg_DCP, = 0.0232557
gpu_avg_TCP, = 0
gpu_avg_CCP, = 0.00213234
gpu_avg_SHRDP, = 0.249249
gpu_avg_RFP, = 0.124953
gpu_avg_SPP, = 0.0187833
gpu_avg_SFUP, = 0.0133704
gpu_avg_FPUP, = 0
gpu_avg_SCHEDP, = 0.00540568
gpu_avg_L2CP, = 0.283257
gpu_avg_MCP, = 1.1829
gpu_avg_NOCP, = 0.189139
gpu_avg_DRAMP, = 0
gpu_avg_PIPEP, = 0.134859
gpu_avg_IDLE_COREP, = 17.5196
gpu_avg_CONST_DYNAMICP = 9.82366
gpu_avg_TOT_INST, = 79.4483
gpu_avg_FP_INT, = 70.3448
gpu_avg_IC_H, = 34.7586
gpu_avg_IC_M, = 5.10345
gpu_avg_DC_RH, = 0.137931
gpu_avg_DC_RM, = 6.62069
gpu_avg_DC_WH, = 1.96552
gpu_avg_DC_WM, = 2.10345
gpu_avg_TC_H, = 0
gpu_avg_TC_M, = 0
gpu_avg_CC_H, = 0.689655
gpu_avg_CC_M, = 0.689655
gpu_avg_SHRD_ACC, = 84
gpu_avg_REG_RD, = 3429.52
gpu_avg_REG_WR, = 2070.07
gpu_avg_NON_REG_OPs, = 979.862
gpu_avg_SP_ACC, = 4978.76
gpu_avg_SFU_ACC, = 197.517
gpu_avg_FPU_ACC, = 0
gpu_avg_MEM_RD, = 0
gpu_avg_MEM_WR, = 0
gpu_avg_MEM_PRE, = 0
gpu_avg_L2_RH, = 46.7586
gpu_avg_L2_RM, = 0
gpu_avg_L2_WH, = 5.13793
gpu_avg_L2_WM, = 0
gpu_avg_NOC_A, = 69.6897
gpu_avg_PIPE_A, = 0.00529655
gpu_avg_IDLE_CORE_N, = 11.0186
gpu_avg_CONST_DYNAMICN = 0

Kernel Maximum Power Data:
kernel_max_power = 31.78
gpu_max_IBP, = 0.000505975
gpu_max_ICP, = 0.0283814
gpu_max_DCP, = 0.111929
gpu_max_TCP, = 0
gpu_max_CCP, = 0
gpu_max_SHRDP, = 0.103854
gpu_max_RFP, = 0.16221
gpu_max_SPP, = 0
gpu_max_SFUP, = 0
gpu_max_FPUP, = 0
gpu_max_SCHEDP, = 0.00768455
gpu_max_L2CP, = 1.97892
gpu_max_MCP, = 1.22526
gpu_max_NOCP, = 0.654077
gpu_max_DRAMP, = 0
gpu_max_PIPEP, = 0.193509
gpu_max_IDLE_COREP, = 17.49
gpu_max_CONST_DYNAMICP = 9.82366
gpu_max_TOT_INST, = 100
gpu_max_FP_INT, = 100
gpu_max_IC_H, = 46
gpu_max_IC_M, = 8
gpu_max_DC_RH, = 0
gpu_max_DC_RM, = 0
gpu_max_DC_WH, = 37
gpu_max_DC_WM, = 41
gpu_max_TC_H, = 0
gpu_max_TC_M, = 0
gpu_max_CC_H, = 0
gpu_max_CC_M, = 0
gpu_max_SHRD_ACC, = 35
gpu_max_REG_RD, = 5824
gpu_max_REG_WR, = 2368
gpu_max_NON_REG_OPs, = 1120
gpu_max_SP_ACC, = 0
gpu_max_SFU_ACC, = 0
gpu_max_FPU_ACC, = 0
gpu_max_MEM_RD, = 0
gpu_max_MEM_WR, = 0
gpu_max_MEM_PRE, = 0
gpu_max_L2_RH, = 20
gpu_max_L2_RM, = 0
gpu_max_L2_WH, = 98
gpu_max_L2_WM, = 0
gpu_max_NOC_A, = 241
gpu_max_PIPE_A, = 0.0076
gpu_max_IDLE_CORE_N, = 11
gpu_max_CONST_DYNAMICN = 0

Kernel Minimum Power Data:
kernel_min_power = 29.0392
gpu_min_IBP, = 0.00019227
gpu_min_ICP, = 0.0134802
gpu_min_DCP, = 0.0102689
gpu_min_TCP, = 0
gpu_min_CCP, = 0
gpu_min_SHRDP, = 0.023738
gpu_min_RFP, = 0.0410219
gpu_min_SPP, = 0
gpu_min_SFUP, = 0.053071
gpu_min_FPUP, = 0
gpu_min_SCHEDP, = 0.00261275
gpu_min_L2CP, = 0.188499
gpu_min_MCP, = 1.17853
gpu_min_NOCP, = 0.154699
gpu_min_DRAMP, = 0
gpu_min_PIPEP, = 0.0594107
gpu_min_IDLE_COREP, = 17.49
gpu_min_CONST_DYNAMICP = 9.82366
gpu_min_TOT_INST, = 38
gpu_min_FP_INT, = 34
gpu_min_IC_H, = 15
gpu_min_IC_M, = 4
gpu_min_DC_RH, = 0
gpu_min_DC_RM, = 4
gpu_min_DC_WH, = 0
gpu_min_DC_WM, = 0
gpu_min_TC_H, = 0
gpu_min_TC_M, = 0
gpu_min_CC_H, = 0
gpu_min_CC_M, = 0
gpu_min_SHRD_ACC, = 8
gpu_min_REG_RD, = 1792
gpu_min_REG_WR, = 736
gpu_min_NON_REG_OPs, = 224
gpu_min_SP_ACC, = 0
gpu_min_SFU_ACC, = 784
gpu_min_FPU_ACC, = 0
gpu_min_MEM_RD, = 0
gpu_min_MEM_WR, = 0
gpu_min_MEM_PRE, = 0
gpu_min_L2_RH, = 48
gpu_min_L2_RM, = 0
gpu_min_L2_WH, = 0
gpu_min_L2_WM, = 0
gpu_min_NOC_A, = 57
gpu_min_PIPE_A, = 0.00233333
gpu_min_IDLE_CORE_N, = 11
gpu_min_CONST_DYNAMICN = 0

Accumulative Power Statistics Over Previous Kernels:
gpu_tot_avg_power = 31.725
gpu_tot_max_power = 34.0712
gpu_tot_min_power = 29.0392


kernel_name = _Z20needle_cuda_shared_1PiS_iiii 
kernel_launch_uid = 5 

Kernel Average Power Data:
kernel_avg_power = 28.2478
gpu_avg_IBP, = 0.000503532
gpu_avg_ICP, = 0.0229155
gpu_avg_DCP, = 0.0162914
gpu_avg_TCP, = 0
gpu_avg_CCP, = 0.00266542
gpu_avg_SHRDP, = 0.311561
gpu_avg_RFP, = 0.155431
gpu_avg_SPP, = 0.0234791
gpu_avg_SFUP, = 0.0167131
gpu_avg_FPUP, = 0
gpu_avg_SCHEDP, = 0.00676241
gpu_avg_L2CP, = 0.353044
gpu_avg_MCP, = 1.18018
gpu_avg_NOCP, = 0.214501
gpu_avg_DRAMP, = 0
gpu_avg_PIPEP, = 0.16834
gpu_avg_IDLE_COREP, = 15.9518
gpu_avg_CONST_DYNAMICP = 9.82366
gpu_avg_TOT_INST, = 99.5172
gpu_avg_FP_INT, = 88
gpu_avg_IC_H, = 43.4138
gpu_avg_IC_M, = 6.27586
gpu_avg_DC_RH, = 0.172414
gpu_avg_DC_RM, = 5.86207
gpu_avg_DC_WH, = 2.34483
gpu_avg_DC_WM, = 0
gpu_avg_TC_H, = 0
gpu_avg_TC_M, = 0
gpu_avg_CC_H, = 0.862069
gpu_avg_CC_M, = 0.862069
gpu_avg_SHRD_ACC, = 105
gpu_avg_REG_RD, = 4280.28
gpu_avg_REG_WR, = 2504.83
gpu_avg_NON_REG_OPs, = 1224.83
gpu_avg_SP_ACC, = 6223.45
gpu_avg_SFU_ACC, = 246.897
gpu_avg_FPU_ACC, = 0
gpu_avg_MEM_RD, = 0
gpu_avg_MEM_WR, = 0
gpu_avg_MEM_PRE, = 0
gpu_avg_L2_RH, = 49.0345
gpu_avg_L2_RM, = 0
gpu_avg_L2_WH, = 8.27586
gpu_avg_L2_WM, = 0
gpu_avg_NOC_A, = 79.0345
gpu_avg_PIPE_A, = 0.00661149
gpu_avg_IDLE_CORE_N, = 10.0326
gpu_avg_CONST_DYNAMICN = 0

Kernel Maximum Power Data:
kernel_max_power = 32.1227
gpu_max_IBP, = 0.000738723
gpu_max_ICP, = 0.02998
gpu_max_DCP, = 0.0123999
gpu_max_TCP, = 0
gpu_max_CCP, = 0
gpu_max_SHRDP, = 0.139461
gpu_max_RFP, = 0.216311
gpu_max_SPP, = 0
gpu_max_SFUP, = 0
gpu_max_FPUP, = 0
gpu_max_SCHEDP, = 0.0112194
gpu_max_L2CP, = 3.47674
gpu_max_MCP, = 1.17842
gpu_max_NOCP, = 1.09103
gpu_max_DRAMP, = 0
gpu_max_PIPEP, = 0.242735
gpu_max_IDLE_COREP, = 15.9
gpu_max_CONST_DYNAMICP = 9.82366
gpu_max_TOT_INST, = 146
gpu_max_FP_INT, = 146
gpu_max_IC_H, = 64
gpu_max_IC_M, = 8
gpu_max_DC_RH, = 0
gpu_max_DC_RM, = 0
gpu_max_DC_WH, = 47
gpu_max_DC_WM, = 0
gpu_max_TC_H, = 0
gpu_max_TC_M, = 0
gpu_max_CC_H, = 0
gpu_max_CC_M, = 0
gpu_max_SHRD_ACC, = 47
gpu_max_REG_RD, = 7840
gpu_max_REG_WR, = 2976
gpu_max_NON_REG_OPs, = 1504
gpu_max_SP_ACC, = 0
gpu_max_SFU_ACC, = 0
gpu_max_FPU_ACC, = 0
gpu_max_MEM_RD, = 0
gpu_max_MEM_WR, = 0
gpu_max_MEM_PRE, = 0
gpu_max_L2_RH, = 36
gpu_max_L2_RM, = 0
gpu_max_L2_WH, = 172
gpu_max_L2_WM, = 0
gpu_max_NOC_A, = 402
gpu_max_PIPE_A, = 0.00953333
gpu_max_IDLE_CORE_N, = 10
gpu_max_CONST_DYNAMICN = 0

Kernel Minimum Power Data:
kernel_min_power = 27.3595
gpu_min_IBP, = 0.000151792
gpu_min_ICP, = 0.00133212
gpu_min_DCP, = 0.0282395
gpu_min_TCP, = 0
gpu_min_CCP, = 0
gpu_min_SHRDP, = 0.0296725
gpu_min_RFP, = 0.0453881
gpu_min_SPP, = 0
gpu_min_SFUP, = 0
gpu_min_FPUP, = 0
gpu_min_SCHEDP, = 0.00230537
gpu_min_L2CP, = 0.157082
gpu_min_MCP, = 1.18236
gpu_min_NOCP, = 0.138415
gpu_min_DRAMP, = 0
gpu_min_PIPEP, = 0.0509235
gpu_min_IDLE_COREP, = 15.9
gpu_min_CONST_DYNAMICP = 9.82366
gpu_min_TOT_INST, = 30
gpu_min_FP_INT, = 30
gpu_min_IC_H, = 15
gpu_min_IC_M, = 0
gpu_min_DC_RH, = 0
gpu_min_DC_RM, = 11
gpu_min_DC_WH, = 0
gpu_min_DC_WM, = 0
gpu_min_TC_H, = 0
gpu_min_TC_M, = 0
gpu_min_CC_H, = 0
gpu_min_CC_M, = 0
gpu_min_SHRD_ACC, = 10
gpu_min_REG_RD, = 1600
gpu_min_REG_WR, = 640
gpu_min_NON_REG_OPs, = 320
gpu_min_SP_ACC, = 0
gpu_min_SFU_ACC, = 0
gpu_min_FPU_ACC, = 0
gpu_min_MEM_RD, = 0
gpu_min_MEM_WR, = 0
gpu_min_MEM_PRE, = 0
gpu_min_L2_RH, = 40
gpu_min_L2_RM, = 0
gpu_min_L2_WH, = 0
gpu_min_L2_WM, = 0
gpu_min_NOC_A, = 51
gpu_min_PIPE_A, = 0.002
gpu_min_IDLE_CORE_N, = 10
gpu_min_CONST_DYNAMICN = 0

Accumulative Power Statistics Over Previous Kernels:
gpu_tot_avg_power = 31.0702
gpu_tot_max_power = 34.0712
gpu_tot_min_power = 27.3595


kernel_name = _Z20needle_cuda_shared_1PiS_iiii 
kernel_launch_uid = 6 

Kernel Average Power Data:
kernel_avg_power = 27.1244
gpu_avg_IBP, = 0.00059199
gpu_avg_ICP, = 0.027301
gpu_avg_DCP, = 0.0341918
gpu_avg_TCP, = 0
gpu_avg_CCP, = 0.00361655
gpu_avg_SHRDP, = 0.362894
gpu_avg_RFP, = 0.183293
gpu_avg_SPP, = 0.0272358
gpu_avg_SFUP, = 0.0193871
gpu_avg_FPUP, = 0
gpu_avg_SCHEDP, = 0.00794839
gpu_avg_L2CP, = 0.51981
gpu_avg_MCP, = 1.18599
gpu_avg_NOCP, = 0.297908
gpu_avg_DRAMP, = 0
gpu_avg_PIPEP, = 0.199167
gpu_avg_IDLE_COREP, = 14.4314
gpu_avg_CONST_DYNAMICP = 9.82366
gpu_avg_TOT_INST, = 117
gpu_avg_FP_INT, = 103.433
gpu_avg_IC_H, = 50.9333
gpu_avg_IC_M, = 7.5
gpu_avg_DC_RH, = 0.2
gpu_avg_DC_RM, = 9.6
gpu_avg_DC_WH, = 3.53333
gpu_avg_DC_WM, = 3.16667
gpu_avg_TC_H, = 0
gpu_avg_TC_M, = 0
gpu_avg_CC_H, = 2
gpu_avg_CC_M, = 0
gpu_avg_SHRD_ACC, = 122.3
gpu_avg_REG_RD, = 5059.2
gpu_avg_REG_WR, = 3006.93
gpu_avg_NON_REG_OPs, = 1436.8
gpu_avg_SP_ACC, = 7219.2
gpu_avg_SFU_ACC, = 286.4
gpu_avg_FPU_ACC, = 0
gpu_avg_MEM_RD, = 0
gpu_avg_MEM_WR, = 0
gpu_avg_MEM_PRE, = 0
gpu_avg_L2_RH, = 68.6667
gpu_avg_L2_RM, = 0
gpu_avg_L2_WH, = 12.9
gpu_avg_L2_WM, = 0
gpu_avg_NOC_A, = 109.767
gpu_avg_PIPE_A, = 0.00782222
gpu_avg_IDLE_CORE_N, = 9.07633
gpu_avg_CONST_DYNAMICN = 0

Kernel Maximum Power Data:
kernel_max_power = 31.0783
gpu_max_IBP, = 0.000151792
gpu_max_ICP, = 0.0282214
gpu_max_DCP, = 0.0166806
gpu_max_TCP, = 0
gpu_max_CCP, = 0
gpu_max_SHRDP, = 0.0267052
gpu_max_RFP, = 0.0441435
gpu_max_SPP, = 0
gpu_max_SFUP, = 0
gpu_max_FPUP, = 0
gpu_max_SCHEDP, = 0.00192114
gpu_max_L2CP, = 2.2698
gpu_max_MCP, = 1.18281
gpu_max_NOCP, = 0.523804
gpu_max_DRAMP, = 0
gpu_max_PIPEP, = 0.0678979
gpu_max_IDLE_COREP, = 17.0925
gpu_max_CONST_DYNAMICP = 9.82366
gpu_max_TOT_INST, = 30
gpu_max_FP_INT, = 25
gpu_max_IC_H, = 10
gpu_max_IC_M, = 9
gpu_max_DC_RH, = 0
gpu_max_DC_RM, = 0
gpu_max_DC_WH, = 16
gpu_max_DC_WM, = 5
gpu_max_TC_H, = 0
gpu_max_TC_M, = 0
gpu_max_CC_H, = 0
gpu_max_CC_M, = 0
gpu_max_SHRD_ACC, = 9
gpu_max_REG_RD, = 1632
gpu_max_REG_WR, = 736
gpu_max_NON_REG_OPs, = 288
gpu_max_SP_ACC, = 0
gpu_max_SFU_ACC, = 0
gpu_max_FPU_ACC, = 0
gpu_max_MEM_RD, = 0
gpu_max_MEM_WR, = 0
gpu_max_MEM_PRE, = 0
gpu_max_L2_RH, = 20
gpu_max_L2_RM, = 0
gpu_max_L2_WH, = 113
gpu_max_L2_WM, = 0
gpu_max_NOC_A, = 193
gpu_max_PIPE_A, = 0.00266667
gpu_max_IDLE_CORE_N, = 10.75
gpu_max_CONST_DYNAMICN = 0

Kernel Minimum Power Data:
kernel_min_power = 26.2463
gpu_min_IBP, = 0.000182151
gpu_min_ICP, = 0.0167837
gpu_min_DCP, = 0.0308067
gpu_min_TCP, = 0
gpu_min_CCP, = 0
gpu_min_SHRDP, = 0.0504432
gpu_min_RFP, = 0.0606712
gpu_min_SPP, = 0
gpu_min_SFUP, = 0
gpu_min_FPUP, = 0
gpu_min_SCHEDP, = 0.00230537
gpu_min_L2CP, = 0.376997
gpu_min_MCP, = 1.18291
gpu_min_NOCP, = 0.306683
gpu_min_DRAMP, = 0
gpu_min_PIPEP, = 0.0848724
gpu_min_IDLE_COREP, = 14.31
gpu_min_CONST_DYNAMICP = 9.82366
gpu_min_TOT_INST, = 36
gpu_min_FP_INT, = 30
gpu_min_IC_H, = 18
gpu_min_IC_M, = 5
gpu_min_DC_RH, = 0
gpu_min_DC_RM, = 12
gpu_min_DC_WH, = 0
gpu_min_DC_WM, = 0
gpu_min_TC_H, = 0
gpu_min_TC_M, = 0
gpu_min_CC_H, = 0
gpu_min_CC_M, = 0
gpu_min_SHRD_ACC, = 17
gpu_min_REG_RD, = 2240
gpu_min_REG_WR, = 1120
gpu_min_NON_REG_OPs, = 384
gpu_min_SP_ACC, = 0
gpu_min_SFU_ACC, = 0
gpu_min_FPU_ACC, = 0
gpu_min_MEM_RD, = 0
gpu_min_MEM_WR, = 0
gpu_min_MEM_PRE, = 0
gpu_min_L2_RH, = 96
gpu_min_L2_RM, = 0
gpu_min_L2_WH, = 0
gpu_min_L2_WM, = 0
gpu_min_NOC_A, = 113
gpu_min_PIPE_A, = 0.00333333
gpu_min_IDLE_CORE_N, = 9
gpu_min_CONST_DYNAMICN = 0

Accumulative Power Statistics Over Previous Kernels:
gpu_tot_avg_power = 30.4269
gpu_tot_max_power = 34.0712
gpu_tot_min_power = 26.2463


kernel_name = _Z20needle_cuda_shared_1PiS_iiii 
kernel_launch_uid = 7 

Kernel Average Power Data:
kernel_avg_power = 25.6675
gpu_avg_IBP, = 0.000708365
gpu_avg_ICP, = 0.0325473
gpu_avg_DCP, = 0.0233723
gpu_avg_TCP, = 0
gpu_avg_CCP, = 0.0043648
gpu_avg_SHRDP, = 0.436902
gpu_avg_RFP, = 0.218534
gpu_avg_SPP, = 0.0328707
gpu_avg_SFUP, = 0.0233983
gpu_avg_FPUP, = 0
gpu_avg_SCHEDP, = 0.00951559
gpu_avg_L2CP, = 0.552057
gpu_avg_MCP, = 1.18191
gpu_avg_NOCP, = 0.311269
gpu_avg_DRAMP, = 0
gpu_avg_PIPEP, = 0.237643
gpu_avg_IDLE_COREP, = 12.7788
gpu_avg_CONST_DYNAMICP = 9.82366
gpu_avg_TOT_INST, = 140
gpu_avg_FP_INT, = 123.828
gpu_avg_IC_H, = 61.069
gpu_avg_IC_M, = 8.93103
gpu_avg_DC_RH, = 0.241379
gpu_avg_DC_RM, = 8.2069
gpu_avg_DC_WH, = 3.7931
gpu_avg_DC_WM, = 0.172414
gpu_avg_TC_H, = 0
gpu_avg_TC_M, = 0
gpu_avg_CC_H, = 2.41379
gpu_avg_CC_M, = 0
gpu_avg_SHRD_ACC, = 147.241
gpu_avg_REG_RD, = 6040.28
gpu_avg_REG_WR, = 3491.31
gpu_avg_NON_REG_OPs, = 1722.48
gpu_avg_SP_ACC, = 8712.83
gpu_avg_SFU_ACC, = 345.655
gpu_avg_FPU_ACC, = 0
gpu_avg_MEM_RD, = 0
gpu_avg_MEM_WR, = 0
gpu_avg_MEM_PRE, = 0
gpu_avg_L2_RH, = 68.5517
gpu_avg_L2_RM, = 0
gpu_avg_L2_WH, = 14.5862
gpu_avg_L2_WM, = 0
gpu_avg_NOC_A, = 114.69
gpu_avg_PIPE_A, = 0.00933333
gpu_avg_IDLE_CORE_N, = 8.03697
gpu_avg_CONST_DYNAMICN = 0

Kernel Maximum Power Data:
kernel_max_power = 30.6184
gpu_max_IBP, = 0.00060717
gpu_max_ICP, = 0.0286478
gpu_max_DCP, = 0.0248593
gpu_max_TCP, = 0
gpu_max_CCP, = 0
gpu_max_SHRDP, = 0.109788
gpu_max_RFP, = 0.174103
gpu_max_SPP, = 0
gpu_max_SFUP, = 0
gpu_max_FPUP, = 0
gpu_max_SCHEDP, = 0.00868354
gpu_max_L2CP, = 4.71044
gpu_max_MCP, = 1.18419
gpu_max_NOCP, = 1.22945
gpu_max_DRAMP, = 0
gpu_max_PIPEP, = 0.222366
gpu_max_IDLE_COREP, = 13.1016
gpu_max_CONST_DYNAMICP = 9.82366
gpu_max_TOT_INST, = 120
gpu_max_FP_INT, = 113
gpu_max_IC_H, = 49
gpu_max_IC_M, = 8
gpu_max_DC_RH, = 0
gpu_max_DC_RM, = 0
gpu_max_DC_WH, = 47
gpu_max_DC_WM, = 5
gpu_max_TC_H, = 0
gpu_max_TC_M, = 0
gpu_max_CC_H, = 0
gpu_max_CC_M, = 0
gpu_max_SHRD_ACC, = 37
gpu_max_REG_RD, = 6368
gpu_max_REG_WR, = 2560
gpu_max_NON_REG_OPs, = 1184
gpu_max_SP_ACC, = 0
gpu_max_SFU_ACC, = 0
gpu_max_FPU_ACC, = 0
gpu_max_MEM_RD, = 0
gpu_max_MEM_WR, = 0
gpu_max_MEM_PRE, = 0
gpu_max_L2_RH, = 44
gpu_max_L2_RM, = 0
gpu_max_L2_WH, = 234
gpu_max_L2_WM, = 0
gpu_max_NOC_A, = 453
gpu_max_PIPE_A, = 0.00873333
gpu_max_IDLE_CORE_N, = 8.24
gpu_max_CONST_DYNAMICN = 0

Kernel Minimum Power Data:
kernel_min_power = 24.4034
gpu_min_IBP, = 0.000212509
gpu_min_ICP, = 0.00186497
gpu_min_DCP, = 0.0539117
gpu_min_TCP, = 0
gpu_min_CCP, = 0
gpu_min_SHRDP, = 0.0415415
gpu_min_RFP, = 0.069212
gpu_min_SPP, = 0
gpu_min_SFUP, = 0
gpu_min_FPUP, = 0
gpu_min_SCHEDP, = 0.00322751
gpu_min_L2CP, = 0.219915
gpu_min_MCP, = 1.18784
gpu_min_NOCP, = 0.208979
gpu_min_DRAMP, = 0
gpu_min_PIPEP, = 0.0729903
gpu_min_IDLE_COREP, = 12.72
gpu_min_CONST_DYNAMICP = 9.82366
gpu_min_TOT_INST, = 42
gpu_min_FP_INT, = 42
gpu_min_IC_H, = 21
gpu_min_IC_M, = 0
gpu_min_DC_RH, = 0
gpu_min_DC_RM, = 21
gpu_min_DC_WH, = 0
gpu_min_DC_WM, = 0
gpu_min_TC_H, = 0
gpu_min_TC_M, = 0
gpu_min_CC_H, = 0
gpu_min_CC_M, = 0
gpu_min_SHRD_ACC, = 14
gpu_min_REG_RD, = 2304
gpu_min_REG_WR, = 928
gpu_min_NON_REG_OPs, = 512
gpu_min_SP_ACC, = 0
gpu_min_SFU_ACC, = 0
gpu_min_FPU_ACC, = 0
gpu_min_MEM_RD, = 0
gpu_min_MEM_WR, = 0
gpu_min_MEM_PRE, = 0
gpu_min_L2_RH, = 56
gpu_min_L2_RM, = 0
gpu_min_L2_WH, = 0
gpu_min_L2_WM, = 0
gpu_min_NOC_A, = 77
gpu_min_PIPE_A, = 0.00286667
gpu_min_IDLE_CORE_N, = 8
gpu_min_CONST_DYNAMICN = 0

Accumulative Power Statistics Over Previous Kernels:
gpu_tot_avg_power = 29.7789
gpu_tot_max_power = 34.0712
gpu_tot_min_power = 24.4034


kernel_name = _Z20needle_cuda_shared_1PiS_iiii 
kernel_launch_uid = 8 

Kernel Average Power Data:
kernel_avg_power = 24.3944
gpu_avg_IBP, = 0.000807466
gpu_avg_ICP, = 0.0371877
gpu_avg_DCP, = 0.0465296
gpu_avg_TCP, = 0
gpu_avg_CCP, = 0.00498834
gpu_avg_SHRDP, = 0.499009
gpu_avg_RFP, = 0.250256
gpu_avg_SPP, = 0.0375666
gpu_avg_SFUP, = 0.0267409
gpu_avg_FPUP, = 0
gpu_avg_SCHEDP, = 0.0108511
gpu_avg_L2CP, = 0.589376
gpu_avg_MCP, = 1.18943
gpu_avg_NOCP, = 0.381553
gpu_avg_DRAMP, = 0
gpu_avg_PIPEP, = 0.270538
gpu_avg_IDLE_COREP, = 11.2259
gpu_avg_CONST_DYNAMICP = 9.82366
gpu_avg_TOT_INST, = 159.586
gpu_avg_FP_INT, = 141.207
gpu_avg_IC_H, = 69.6897
gpu_avg_IC_M, = 10.2069
gpu_avg_DC_RH, = 0.275862
gpu_avg_DC_RM, = 13.2414
gpu_avg_DC_WH, = 4
gpu_avg_DC_WM, = 4.2069
gpu_avg_TC_H, = 0
gpu_avg_TC_M, = 0
gpu_avg_CC_H, = 2.75862
gpu_avg_CC_M, = 0
gpu_avg_SHRD_ACC, = 168.172
gpu_avg_REG_RD, = 6882.21
gpu_avg_REG_WR, = 4104.83
gpu_avg_NON_REG_OPs, = 1965.24
gpu_avg_SP_ACC, = 9957.52
gpu_avg_SFU_ACC, = 395.034
gpu_avg_FPU_ACC, = 0
gpu_avg_MEM_RD, = 0
gpu_avg_MEM_WR, = 0
gpu_avg_MEM_PRE, = 0
gpu_avg_L2_RH, = 93.3793
gpu_avg_L2_RM, = 0
gpu_avg_L2_WH, = 11.4828
gpu_avg_L2_WM, = 0
gpu_avg_NOC_A, = 140.586
gpu_avg_PIPE_A, = 0.0106253
gpu_avg_IDLE_CORE_N, = 7.06034
gpu_avg_CONST_DYNAMICN = 0

Kernel Maximum Power Data:
kernel_max_power = 28.9645
gpu_max_IBP, = 0.000920874
gpu_max_ICP, = 0.0464084
gpu_max_DCP, = 0.185805
gpu_max_TCP, = 0
gpu_max_CCP, = 0
gpu_max_SHRDP, = 0.175068
gpu_max_RFP, = 0.273037
gpu_max_SPP, = 0
gpu_max_SFUP, = 0
gpu_max_FPUP, = 0
gpu_max_SCHEDP, = 0.0136017
gpu_max_L2CP, = 4.43159
gpu_max_MCP, = 1.25751
gpu_max_NOCP, = 1.30273
gpu_max_DRAMP, = 0
gpu_max_PIPEP, = 0.324212
gpu_max_IDLE_COREP, = 11.13
gpu_max_CONST_DYNAMICP = 9.82366
gpu_max_TOT_INST, = 182
gpu_max_FP_INT, = 177
gpu_max_IC_H, = 78
gpu_max_IC_M, = 13
gpu_max_DC_RH, = 0
gpu_max_DC_RM, = 0
gpu_max_DC_WH, = 62
gpu_max_DC_WM, = 68
gpu_max_TC_H, = 0
gpu_max_TC_M, = 0
gpu_max_CC_H, = 0
gpu_max_CC_M, = 0
gpu_max_SHRD_ACC, = 59
gpu_max_REG_RD, = 9824
gpu_max_REG_WR, = 3936
gpu_max_NON_REG_OPs, = 1888
gpu_max_SP_ACC, = 0
gpu_max_SFU_ACC, = 0
gpu_max_FPU_ACC, = 0
gpu_max_MEM_RD, = 0
gpu_max_MEM_WR, = 0
gpu_max_MEM_PRE, = 0
gpu_max_L2_RH, = 52
gpu_max_L2_RM, = 0
gpu_max_L2_WH, = 218
gpu_max_L2_WM, = 0
gpu_max_NOC_A, = 480
gpu_max_PIPE_A, = 0.0127333
gpu_max_IDLE_CORE_N, = 7
gpu_max_CONST_DYNAMICN = 0

Kernel Minimum Power Data:
kernel_min_power = 23.4194
gpu_min_IBP, = 0.000344063
gpu_min_ICP, = 0.00230901
gpu_min_DCP, = 0.0821512
gpu_min_TCP, = 0
gpu_min_CCP, = 0
gpu_min_SHRDP, = 0.0267052
gpu_min_RFP, = 0.100889
gpu_min_SPP, = 0
gpu_min_SFUP, = 0.0606525
gpu_min_FPUP, = 0
gpu_min_SCHEDP, = 0.00522549
gpu_min_L2CP, = 0.502663
gpu_min_MCP, = 1.19387
gpu_min_NOCP, = 0.404388
gpu_min_DRAMP, = 0
gpu_min_PIPEP, = 0.0865699
gpu_min_IDLE_COREP, = 11.13
gpu_min_CONST_DYNAMICP = 9.82366
gpu_min_TOT_INST, = 68
gpu_min_FP_INT, = 68
gpu_min_IC_H, = 26
gpu_min_IC_M, = 0
gpu_min_DC_RH, = 0
gpu_min_DC_RM, = 32
gpu_min_DC_WH, = 0
gpu_min_DC_WM, = 0
gpu_min_TC_H, = 0
gpu_min_TC_M, = 0
gpu_min_CC_H, = 0
gpu_min_CC_M, = 0
gpu_min_SHRD_ACC, = 9
gpu_min_REG_RD, = 2944
gpu_min_REG_WR, = 1664
gpu_min_NON_REG_OPs, = 768
gpu_min_SP_ACC, = 0
gpu_min_SFU_ACC, = 896
gpu_min_FPU_ACC, = 0
gpu_min_MEM_RD, = 0
gpu_min_MEM_WR, = 0
gpu_min_MEM_PRE, = 0
gpu_min_L2_RH, = 128
gpu_min_L2_RM, = 0
gpu_min_L2_WH, = 0
gpu_min_L2_WM, = 0
gpu_min_NOC_A, = 149
gpu_min_PIPE_A, = 0.0034
gpu_min_IDLE_CORE_N, = 7
gpu_min_CONST_DYNAMICN = 0

Accumulative Power Statistics Over Previous Kernels:
gpu_tot_avg_power = 29.1337
gpu_tot_max_power = 34.0712
gpu_tot_min_power = 23.4194


kernel_name = _Z20needle_cuda_shared_1PiS_iiii 
kernel_launch_uid = 9 

Kernel Average Power Data:
kernel_avg_power = 22.9928
gpu_avg_IBP, = 0.000905171
gpu_avg_ICP, = 0.0415017
gpu_avg_DCP, = 0.0294028
gpu_avg_TCP, = 0
gpu_avg_CCP, = 0.00561189
gpu_avg_SHRDP, = 0.56081
gpu_avg_RFP, = 0.279532
gpu_avg_SPP, = 0.0422624
gpu_avg_SFUP, = 0.0300835
gpu_avg_FPUP, = 0
gpu_avg_SCHEDP, = 0.0121654
gpu_avg_L2CP, = 0.64244
gpu_avg_MCP, = 1.18323
gpu_avg_NOCP, = 0.386326
gpu_avg_DRAMP, = 0
gpu_avg_PIPEP, = 0.303609
gpu_avg_IDLE_COREP, = 9.6513
gpu_avg_CONST_DYNAMICP = 9.82366
gpu_avg_TOT_INST, = 178.897
gpu_avg_FP_INT, = 158.31
gpu_avg_IC_H, = 78.1724
gpu_avg_IC_M, = 11.3793
gpu_avg_DC_RH, = 0.310345
gpu_avg_DC_RM, = 10.5517
gpu_avg_DC_WH, = 4.51724
gpu_avg_DC_WM, = 0
gpu_avg_TC_H, = 0
gpu_avg_TC_M, = 0
gpu_avg_CC_H, = 3.10345
gpu_avg_CC_M, = 0
gpu_avg_SHRD_ACC, = 189
gpu_avg_REG_RD, = 7714.21
gpu_avg_REG_WR, = 4467.86
gpu_avg_NON_REG_OPs, = 2204.69
gpu_avg_SP_ACC, = 11202.2
gpu_avg_SFU_ACC, = 444.414
gpu_avg_FPU_ACC, = 0
gpu_avg_MEM_RD, = 0
gpu_avg_MEM_WR, = 0
gpu_avg_MEM_PRE, = 0
gpu_avg_L2_RH, = 87.3103
gpu_avg_L2_RM, = 0
gpu_avg_L2_WH, = 15.4483
gpu_avg_L2_WM, = 0
gpu_avg_NOC_A, = 142.345
gpu_avg_PIPE_A, = 0.0119241
gpu_avg_IDLE_CORE_N, = 6.07
gpu_avg_CONST_DYNAMICN = 0

Kernel Maximum Power Data:
kernel_max_power = 29.7053
gpu_max_IBP, = 0.0012447
gpu_max_ICP, = 0.0552356
gpu_max_DCP, = 0.0229531
gpu_max_TCP, = 0
gpu_max_CCP, = 0
gpu_max_SHRDP, = 0.234413
gpu_max_RFP, = 0.367222
gpu_max_SPP, = 0
gpu_max_SFUP, = 0
gpu_max_FPUP, = 0
gpu_max_SCHEDP, = 0.018904
gpu_max_L2CP, = 6.11866
gpu_max_MCP, = 1.18019
gpu_max_NOCP, = 1.91338
gpu_max_DRAMP, = 0
gpu_max_PIPEP, = 0.429455
gpu_max_IDLE_COREP, = 9.54
gpu_max_CONST_DYNAMICP = 9.82366
gpu_max_TOT_INST, = 246
gpu_max_FP_INT, = 246
gpu_max_IC_H, = 109
gpu_max_IC_M, = 15
gpu_max_DC_RH, = 0
gpu_max_DC_RM, = 0
gpu_max_DC_WH, = 87
gpu_max_DC_WM, = 0
gpu_max_TC_H, = 0
gpu_max_TC_M, = 0
gpu_max_CC_H, = 0
gpu_max_CC_M, = 0
gpu_max_SHRD_ACC, = 79
gpu_max_REG_RD, = 13280
gpu_max_REG_WR, = 5312
gpu_max_NON_REG_OPs, = 2528
gpu_max_SP_ACC, = 0
gpu_max_SFU_ACC, = 0
gpu_max_FPU_ACC, = 0
gpu_max_MEM_RD, = 0
gpu_max_MEM_WR, = 0
gpu_max_MEM_PRE, = 0
gpu_max_L2_RH, = 52
gpu_max_L2_RM, = 0
gpu_max_L2_WH, = 305
gpu_max_L2_WM, = 0
gpu_max_NOC_A, = 705
gpu_max_PIPE_A, = 0.0168667
gpu_max_IDLE_CORE_N, = 6
gpu_max_CONST_DYNAMICN = 0

Kernel Minimum Power Data:
kernel_min_power = 21.4275
gpu_min_IBP, = 0.000273226
gpu_min_ICP, = 0.00239782
gpu_min_DCP, = 0.069315
gpu_min_TCP, = 0
gpu_min_CCP, = 0
gpu_min_SHRDP, = 0.0563777
gpu_min_RFP, = 0.0903356
gpu_min_SPP, = 0
gpu_min_SFUP, = 0
gpu_min_FPUP, = 0
gpu_min_SCHEDP, = 0.00414966
gpu_min_L2CP, = 0.282748
gpu_min_MCP, = 1.19113
gpu_min_NOCP, = 0.268687
gpu_min_DRAMP, = 0
gpu_min_PIPEP, = 0.098452
gpu_min_IDLE_COREP, = 9.54
gpu_min_CONST_DYNAMICP = 9.82366
gpu_min_TOT_INST, = 54
gpu_min_FP_INT, = 54
gpu_min_IC_H, = 27
gpu_min_IC_M, = 0
gpu_min_DC_RH, = 0
gpu_min_DC_RM, = 27
gpu_min_DC_WH, = 0
gpu_min_DC_WM, = 0
gpu_min_TC_H, = 0
gpu_min_TC_M, = 0
gpu_min_CC_H, = 0
gpu_min_CC_M, = 0
gpu_min_SHRD_ACC, = 19
gpu_min_REG_RD, = 2976
gpu_min_REG_WR, = 1216
gpu_min_NON_REG_OPs, = 672
gpu_min_SP_ACC, = 0
gpu_min_SFU_ACC, = 0
gpu_min_FPU_ACC, = 0
gpu_min_MEM_RD, = 0
gpu_min_MEM_WR, = 0
gpu_min_MEM_PRE, = 0
gpu_min_L2_RH, = 72
gpu_min_L2_RM, = 0
gpu_min_L2_WH, = 0
gpu_min_L2_WM, = 0
gpu_min_NOC_A, = 99
gpu_min_PIPE_A, = 0.00386667
gpu_min_IDLE_CORE_N, = 6
gpu_min_CONST_DYNAMICN = 0

Accumulative Power Statistics Over Previous Kernels:
gpu_tot_avg_power = 28.4765
gpu_tot_max_power = 34.0712
gpu_tot_min_power = 21.4275


kernel_name = _Z20needle_cuda_shared_1PiS_iiii 
kernel_launch_uid = 10 

Kernel Average Power Data:
kernel_avg_power = 21.9051
gpu_avg_IBP, = 0.000985639
gpu_avg_ICP, = 0.0452884
gpu_avg_DCP, = 0.0569567
gpu_avg_TCP, = 0
gpu_avg_CCP, = 0.00602758
gpu_avg_SHRDP, = 0.604527
gpu_avg_RFP, = 0.304944
gpu_avg_SPP, = 0.0453929
gpu_avg_SFUP, = 0.0323119
gpu_avg_FPUP, = 0
gpu_avg_SCHEDP, = 0.0132302
gpu_avg_L2CP, = 0.841491
gpu_avg_MCP, = 1.19245
gpu_avg_NOCP, = 0.490241
gpu_avg_DRAMP, = 0
gpu_avg_PIPEP, = 0.331059
gpu_avg_IDLE_COREP, = 8.11653
gpu_avg_CONST_DYNAMICP = 9.82366
gpu_avg_TOT_INST, = 194.8
gpu_avg_FP_INT, = 172.167
gpu_avg_IC_H, = 84.7667
gpu_avg_IC_M, = 12.4333
gpu_avg_DC_RH, = 0.333333
gpu_avg_DC_RM, = 16
gpu_avg_DC_WH, = 5.56667
gpu_avg_DC_WM, = 5.3
gpu_avg_TC_H, = 0
gpu_avg_TC_M, = 0
gpu_avg_CC_H, = 3.33333
gpu_avg_CC_M, = 0
gpu_avg_SHRD_ACC, = 203.733
gpu_avg_REG_RD, = 8411.73
gpu_avg_REG_WR, = 4999.47
gpu_avg_NON_REG_OPs, = 2391.47
gpu_avg_SP_ACC, = 12032
gpu_avg_SFU_ACC, = 477.333
gpu_avg_FPU_ACC, = 0
gpu_avg_MEM_RD, = 0
gpu_avg_MEM_WR, = 0
gpu_avg_MEM_PRE, = 0
gpu_avg_L2_RH, = 114.533
gpu_avg_L2_RM, = 0
gpu_avg_L2_WH, = 20.2
gpu_avg_L2_WM, = 0
gpu_avg_NOC_A, = 180.633
gpu_avg_PIPE_A, = 0.0130022
gpu_avg_IDLE_CORE_N, = 5.10473
gpu_avg_CONST_DYNAMICN = 0

Kernel Maximum Power Data:
kernel_max_power = 27.7914
gpu_max_IBP, = 0.000222629
gpu_max_ICP, = 0.0406359
gpu_max_DCP, = 0.0274396
gpu_max_TCP, = 0
gpu_max_CCP, = 0
gpu_max_SHRDP, = 0.035607
gpu_max_RFP, = 0.0572236
gpu_max_SPP, = 0
gpu_max_SFUP, = 0
gpu_max_FPUP, = 0
gpu_max_SCHEDP, = 0.00268959
gpu_max_L2CP, = 3.16647
gpu_max_MCP, = 1.18756
gpu_max_NOCP, = 0.735497
gpu_max_DRAMP, = 0
gpu_max_PIPEP, = 0.0865699
gpu_max_IDLE_COREP, = 12.6278
gpu_max_CONST_DYNAMICP = 9.82366
gpu_max_TOT_INST, = 44
gpu_max_FP_INT, = 35
gpu_max_IC_H, = 13
gpu_max_IC_M, = 13
gpu_max_DC_RH, = 0
gpu_max_DC_RM, = 0
gpu_max_DC_WH, = 19
gpu_max_DC_WM, = 9
gpu_max_TC_H, = 0
gpu_max_TC_M, = 0
gpu_max_CC_H, = 0
gpu_max_CC_M, = 0
gpu_max_SHRD_ACC, = 12
gpu_max_REG_RD, = 2112
gpu_max_REG_WR, = 864
gpu_max_NON_REG_OPs, = 384
gpu_max_SP_ACC, = 0
gpu_max_SFU_ACC, = 0
gpu_max_FPU_ACC, = 0
gpu_max_MEM_RD, = 0
gpu_max_MEM_WR, = 0
gpu_max_MEM_PRE, = 0
gpu_max_L2_RH, = 36
gpu_max_L2_RM, = 0
gpu_max_L2_WH, = 156
gpu_max_L2_WM, = 0
gpu_max_NOC_A, = 271
gpu_max_PIPE_A, = 0.0034
gpu_max_IDLE_CORE_N, = 7.942
gpu_max_CONST_DYNAMICN = 0

Kernel Minimum Power Data:
kernel_min_power = 20.5215
gpu_min_IBP, = 0.000303585
gpu_min_ICP, = 0.0299975
gpu_min_DCP, = 0.0513445
gpu_min_TCP, = 0
gpu_min_CCP, = 0
gpu_min_SHRDP, = 0.0860502
gpu_min_RFP, = 0.101731
gpu_min_SPP, = 0
gpu_min_SFUP, = 0
gpu_min_FPUP, = 0
gpu_min_SCHEDP, = 0.00384228
gpu_min_L2CP, = 0.628329
gpu_min_MCP, = 1.18729
gpu_min_NOCP, = 0.512948
gpu_min_DRAMP, = 0
gpu_min_PIPEP, = 0.145981
gpu_min_IDLE_COREP, = 7.95
gpu_min_CONST_DYNAMICP = 9.82366
gpu_min_TOT_INST, = 60
gpu_min_FP_INT, = 50
gpu_min_IC_H, = 30
gpu_min_IC_M, = 9
gpu_min_DC_RH, = 0
gpu_min_DC_RM, = 20
gpu_min_DC_WH, = 0
gpu_min_DC_WM, = 0
gpu_min_TC_H, = 0
gpu_min_TC_M, = 0
gpu_min_CC_H, = 0
gpu_min_CC_M, = 0
gpu_min_SHRD_ACC, = 29
gpu_min_REG_RD, = 3776
gpu_min_REG_WR, = 1888
gpu_min_NON_REG_OPs, = 640
gpu_min_SP_ACC, = 0
gpu_min_SFU_ACC, = 0
gpu_min_FPU_ACC, = 0
gpu_min_MEM_RD, = 0
gpu_min_MEM_WR, = 0
gpu_min_MEM_PRE, = 0
gpu_min_L2_RH, = 160
gpu_min_L2_RM, = 0
gpu_min_L2_WH, = 0
gpu_min_L2_WM, = 0
gpu_min_NOC_A, = 189
gpu_min_PIPE_A, = 0.00573333
gpu_min_IDLE_CORE_N, = 5
gpu_min_CONST_DYNAMICN = 0

Accumulative Power Statistics Over Previous Kernels:
gpu_tot_avg_power = 27.8216
gpu_tot_max_power = 34.0712
gpu_tot_min_power = 20.5215


kernel_name = _Z20needle_cuda_shared_1PiS_iiii 
kernel_launch_uid = 11 

Kernel Average Power Data:
kernel_avg_power = 20.3884
gpu_avg_IBP, = 0.00110861
gpu_avg_ICP, = 0.0510226
gpu_avg_DCP, = 0.035963
gpu_avg_TCP, = 0
gpu_avg_CCP, = 0.00685897
gpu_avg_SHRDP, = 0.685844
gpu_avg_RFP, = 0.342138
gpu_avg_SPP, = 0.051654
gpu_avg_SFUP, = 0.0367687
gpu_avg_FPUP, = 0
gpu_avg_SCHEDP, = 0.0149027
gpu_avg_L2CP, = 0.798802
gpu_avg_MCP, = 1.18477
gpu_avg_NOCP, = 0.474952
gpu_avg_DRAMP, = 0
gpu_avg_PIPEP, = 0.370805
gpu_avg_IDLE_COREP, = 6.50913
gpu_avg_CONST_DYNAMICP = 9.82366
gpu_avg_TOT_INST, = 219.103
gpu_avg_FP_INT, = 193.931
gpu_avg_IC_H, = 95.7586
gpu_avg_IC_M, = 14
gpu_avg_DC_RH, = 0.37931
gpu_avg_DC_RM, = 12.8966
gpu_avg_DC_WH, = 5.62069
gpu_avg_DC_WM, = 0
gpu_avg_TC_H, = 0
gpu_avg_TC_M, = 0
gpu_avg_CC_H, = 3.7931
gpu_avg_CC_M, = 0
gpu_avg_SHRD_ACC, = 231.138
gpu_avg_REG_RD, = 9442.21
gpu_avg_REG_WR, = 5463.17
gpu_avg_NON_REG_OPs, = 2699.03
gpu_avg_SP_ACC, = 13691.6
gpu_avg_SFU_ACC, = 543.172
gpu_avg_FPU_ACC, = 0
gpu_avg_MEM_RD, = 0
gpu_avg_MEM_WR, = 0
gpu_avg_MEM_PRE, = 0
gpu_avg_L2_RH, = 107.034
gpu_avg_L2_RM, = 0
gpu_avg_L2_WH, = 19.5172
gpu_avg_L2_WM, = 0
gpu_avg_NOC_A, = 175
gpu_avg_PIPE_A, = 0.0145632
gpu_avg_IDLE_CORE_N, = 4.09379
gpu_avg_CONST_DYNAMICN = 0

Kernel Maximum Power Data:
kernel_max_power = 29.3793
gpu_max_IBP, = 0.00142685
gpu_max_ICP, = 0.0747011
gpu_max_DCP, = 0.0274381
gpu_max_TCP, = 0
gpu_max_CCP, = 0
gpu_max_SHRDP, = 0.275954
gpu_max_RFP, = 0.428391
gpu_max_SPP, = 0
gpu_max_SFUP, = 0
gpu_max_FPUP, = 0
gpu_max_SCHEDP, = 0.0213631
gpu_max_L2CP, = 8.26475
gpu_max_MCP, = 1.18095
gpu_max_NOCP, = 2.43176
gpu_max_DRAMP, = 0
gpu_max_PIPEP, = 0.488866
gpu_max_IDLE_COREP, = 6.36
gpu_max_CONST_DYNAMICP = 9.82366
gpu_max_TOT_INST, = 282
gpu_max_FP_INT, = 278
gpu_max_IC_H, = 123
gpu_max_IC_M, = 21
gpu_max_DC_RH, = 0
gpu_max_DC_RM, = 0
gpu_max_DC_WH, = 104
gpu_max_DC_WM, = 0
gpu_max_TC_H, = 0
gpu_max_TC_M, = 0
gpu_max_CC_H, = 0
gpu_max_CC_M, = 0
gpu_max_SHRD_ACC, = 93
gpu_max_REG_RD, = 15392
gpu_max_REG_WR, = 6080
gpu_max_NON_REG_OPs, = 2976
gpu_max_SP_ACC, = 0
gpu_max_SFU_ACC, = 0
gpu_max_FPU_ACC, = 0
gpu_max_MEM_RD, = 0
gpu_max_MEM_WR, = 0
gpu_max_MEM_PRE, = 0
gpu_max_L2_RH, = 80
gpu_max_L2_RM, = 0
gpu_max_L2_WH, = 410
gpu_max_L2_WM, = 0
gpu_max_NOC_A, = 896
gpu_max_PIPE_A, = 0.0192
gpu_max_IDLE_CORE_N, = 4
gpu_max_CONST_DYNAMICN = 0

Kernel Minimum Power Data:
kernel_min_power = 18.4208
gpu_min_IBP, = 0.000333943
gpu_min_ICP, = 0.00293067
gpu_min_DCP, = 0.0821512
gpu_min_TCP, = 0
gpu_min_CCP, = 0
gpu_min_SHRDP, = 0.0652795
gpu_min_RFP, = 0.102554
gpu_min_SPP, = 0
gpu_min_SFUP, = 0
gpu_min_FPUP, = 0
gpu_min_SCHEDP, = 0.0050718
gpu_min_L2CP, = 0.345581
gpu_min_MCP, = 1.19387
gpu_min_NOCP, = 0.325681
gpu_min_DRAMP, = 0
gpu_min_PIPEP, = 0.113729
gpu_min_IDLE_COREP, = 6.36
gpu_min_CONST_DYNAMICP = 9.82366
gpu_min_TOT_INST, = 66
gpu_min_FP_INT, = 66
gpu_min_IC_H, = 33
gpu_min_IC_M, = 0
gpu_min_DC_RH, = 0
gpu_min_DC_RM, = 32
gpu_min_DC_WH, = 0
gpu_min_DC_WM, = 0
gpu_min_TC_H, = 0
gpu_min_TC_M, = 0
gpu_min_CC_H, = 0
gpu_min_CC_M, = 0
gpu_min_SHRD_ACC, = 22
gpu_min_REG_RD, = 3552
gpu_min_REG_WR, = 1408
gpu_min_NON_REG_OPs, = 736
gpu_min_SP_ACC, = 0
gpu_min_SFU_ACC, = 0
gpu_min_FPU_ACC, = 0
gpu_min_MEM_RD, = 0
gpu_min_MEM_WR, = 0
gpu_min_MEM_PRE, = 0
gpu_min_L2_RH, = 88
gpu_min_L2_RM, = 0
gpu_min_L2_WH, = 0
gpu_min_L2_WM, = 0
gpu_min_NOC_A, = 120
gpu_min_PIPE_A, = 0.00446667
gpu_min_IDLE_CORE_N, = 4
gpu_min_CONST_DYNAMICN = 0

Accumulative Power Statistics Over Previous Kernels:
gpu_tot_avg_power = 27.1683
gpu_tot_max_power = 34.0712
gpu_tot_min_power = 18.4208


kernel_name = _Z20needle_cuda_shared_1PiS_iiii 
kernel_launch_uid = 12 

Kernel Average Power Data:
kernel_avg_power = 19.2472
gpu_avg_IBP, = 0.00117825
gpu_avg_ICP, = 0.0540544
gpu_avg_DCP, = 0.0682996
gpu_avg_TCP, = 0
gpu_avg_CCP, = 0.0072331
gpu_avg_SHRDP, = 0.724701
gpu_avg_RFP, = 0.364874
gpu_avg_SPP, = 0.0544715
gpu_avg_SFUP, = 0.0387743
gpu_avg_FPUP, = 0
gpu_avg_SCHEDP, = 0.0158174
gpu_avg_L2CP, = 0.966546
gpu_avg_MCP, = 1.19566
gpu_avg_NOCP, = 0.578808
gpu_avg_DRAMP, = 0
gpu_avg_PIPEP, = 0.396241
gpu_avg_IDLE_COREP, = 4.95688
gpu_avg_CONST_DYNAMICP = 9.82366
gpu_avg_TOT_INST, = 232.867
gpu_avg_FP_INT, = 205.833
gpu_avg_IC_H, = 101.4
gpu_avg_IC_M, = 14.8333
gpu_avg_DC_RH, = 0.4
gpu_avg_DC_RM, = 19.2
gpu_avg_DC_WH, = 6.43333
gpu_avg_DC_WM, = 6.36667
gpu_avg_TC_H, = 0
gpu_avg_TC_M, = 0
gpu_avg_CC_H, = 4
gpu_avg_CC_M, = 0
gpu_avg_SHRD_ACC, = 244.233
gpu_avg_REG_RD, = 10057.6
gpu_avg_REG_WR, = 5987.2
gpu_avg_NON_REG_OPs, = 2861.87
gpu_avg_SP_ACC, = 14438.4
gpu_avg_SFU_ACC, = 572.8
gpu_avg_FPU_ACC, = 0
gpu_avg_MEM_RD, = 0
gpu_avg_MEM_WR, = 0
gpu_avg_MEM_PRE, = 0
gpu_avg_L2_RH, = 136.667
gpu_avg_L2_RM, = 0
gpu_avg_L2_WH, = 22.1667
gpu_avg_L2_WM, = 0
gpu_avg_NOC_A, = 213.267
gpu_avg_PIPE_A, = 0.0155622
gpu_avg_IDLE_CORE_N, = 3.11753
gpu_avg_CONST_DYNAMICN = 0

Kernel Maximum Power Data:
kernel_max_power = 24.8576
gpu_max_IBP, = 0.00104231
gpu_max_ICP, = 0.0470301
gpu_max_DCP, = 0.20615
gpu_max_TCP, = 0
gpu_max_CCP, = 0
gpu_max_SHRDP, = 0.198806
gpu_max_RFP, = 0.308218
gpu_max_SPP, = 0
gpu_max_SFUP, = 0
gpu_max_FPUP, = 0
gpu_max_SCHEDP, = 0.014908
gpu_max_L2CP, = 5.87123
gpu_max_MCP, = 1.26607
gpu_max_NOCP, = 1.71526
gpu_max_DRAMP, = 0
gpu_max_PIPEP, = 0.390413
gpu_max_IDLE_COREP, = 5.01486
gpu_max_CONST_DYNAMICP = 9.82366
gpu_max_TOT_INST, = 206
gpu_max_FP_INT, = 194
gpu_max_IC_H, = 85
gpu_max_IC_M, = 13
gpu_max_DC_RH, = 0
gpu_max_DC_RM, = 0
gpu_max_DC_WH, = 73
gpu_max_DC_WM, = 75
gpu_max_TC_H, = 0
gpu_max_TC_M, = 0
gpu_max_CC_H, = 0
gpu_max_CC_M, = 0
gpu_max_SHRD_ACC, = 67
gpu_max_REG_RD, = 11200
gpu_max_REG_WR, = 4480
gpu_max_NON_REG_OPs, = 2112
gpu_max_SP_ACC, = 0
gpu_max_SFU_ACC, = 0
gpu_max_FPU_ACC, = 0
gpu_max_MEM_RD, = 0
gpu_max_MEM_WR, = 0
gpu_max_MEM_PRE, = 0
gpu_max_L2_RH, = 68
gpu_max_L2_RM, = 0
gpu_max_L2_WH, = 289
gpu_max_L2_WM, = 0
gpu_max_NOC_A, = 632
gpu_max_PIPE_A, = 0.0153333
gpu_max_IDLE_CORE_N, = 3.154
gpu_max_CONST_DYNAMICN = 0

Kernel Minimum Power Data:
kernel_min_power = 17.5244
gpu_min_IBP, = 0.000354182
gpu_min_ICP, = 0.0395527
gpu_min_DCP, = 0.0616134
gpu_min_TCP, = 0
gpu_min_CCP, = 0
gpu_min_SHRDP, = 0.103854
gpu_min_RFP, = 0.121342
gpu_min_SPP, = 0
gpu_min_SFUP, = 0
gpu_min_FPUP, = 0
gpu_min_SCHEDP, = 0.00445704
gpu_min_L2CP, = 0.655819
gpu_min_MCP, = 1.18949
gpu_min_NOCP, = 0.572657
gpu_min_DRAMP, = 0
gpu_min_PIPEP, = 0.181627
gpu_min_IDLE_COREP, = 4.77
gpu_min_CONST_DYNAMICP = 9.82366
gpu_min_TOT_INST, = 70
gpu_min_FP_INT, = 58
gpu_min_IC_H, = 35
gpu_min_IC_M, = 12
gpu_min_DC_RH, = 0
gpu_min_DC_RM, = 24
gpu_min_DC_WH, = 0
gpu_min_DC_WM, = 0
gpu_min_TC_H, = 0
gpu_min_TC_M, = 0
gpu_min_CC_H, = 0
gpu_min_CC_M, = 0
gpu_min_SHRD_ACC, = 35
gpu_min_REG_RD, = 4480
gpu_min_REG_WR, = 2240
gpu_min_NON_REG_OPs, = 768
gpu_min_SP_ACC, = 0
gpu_min_SFU_ACC, = 0
gpu_min_FPU_ACC, = 0
gpu_min_MEM_RD, = 0
gpu_min_MEM_WR, = 0
gpu_min_MEM_PRE, = 0
gpu_min_L2_RH, = 167
gpu_min_L2_RM, = 0
gpu_min_L2_WH, = 0
gpu_min_L2_WM, = 0
gpu_min_NOC_A, = 211
gpu_min_PIPE_A, = 0.00713333
gpu_min_IDLE_CORE_N, = 3
gpu_min_CONST_DYNAMICN = 0

Accumulative Power Statistics Over Previous Kernels:
gpu_tot_avg_power = 26.5082
gpu_tot_max_power = 34.0712
gpu_tot_min_power = 17.5244


kernel_name = _Z20needle_cuda_shared_2PiS_iiii 
kernel_launch_uid = 13 

Kernel Average Power Data:
kernel_avg_power = 19.9326
gpu_avg_IBP, = 0.000871963
gpu_avg_ICP, = 0.0391819
gpu_avg_DCP, = 0.0298416
gpu_avg_TCP, = 0
gpu_avg_CCP, = 0.00552528
gpu_avg_SHRDP, = 0.553062
gpu_avg_RFP, = 0.264728
gpu_avg_SPP, = 0.0324619
gpu_avg_SFUP, = 0.0226695
gpu_avg_FPUP, = 0
gpu_avg_SCHEDP, = 0.0116698
gpu_avg_L2CP, = 0.659174
gpu_avg_MCP, = 1.19103
gpu_avg_NOCP, = 0.384787
gpu_avg_DRAMP, = 0.139189
gpu_avg_PIPEP, = 0.292621
gpu_avg_IDLE_COREP, = 6.48208
gpu_avg_CONST_DYNAMICP = 9.82366
gpu_avg_TOT_INST, = 172.333
gpu_avg_FP_INT, = 151.861
gpu_avg_IC_H, = 75.4722
gpu_avg_IC_M, = 10.6944
gpu_avg_DC_RH, = 0.305556
gpu_avg_DC_RM, = 10.3889
gpu_avg_DC_WH, = 4.94444
gpu_avg_DC_WM, = 0.305556
gpu_avg_TC_H, = 0
gpu_avg_TC_M, = 0
gpu_avg_CC_H, = 3.05556
gpu_avg_CC_M, = 0
gpu_avg_SHRD_ACC, = 186.389
gpu_avg_REG_RD, = 7460.44
gpu_avg_REG_WR, = 4263.11
gpu_avg_NON_REG_OPs, = 2063.11
gpu_avg_SP_ACC, = 8604.44
gpu_avg_SFU_ACC, = 334.889
gpu_avg_FPU_ACC, = 0
gpu_avg_MEM_RD, = 3.88889
gpu_avg_MEM_WR, = 0
gpu_avg_MEM_PRE, = 0
gpu_avg_L2_RH, = 80.4444
gpu_avg_L2_RM, = 0.972222
gpu_avg_L2_WH, = 17.6944
gpu_avg_L2_WM, = 0
gpu_avg_NOC_A, = 141.778
gpu_avg_PIPE_A, = 0.0114926
gpu_avg_IDLE_CORE_N, = 4.07678
gpu_avg_CONST_DYNAMICN = 0

Kernel Maximum Power Data:
kernel_max_power = 24.9117
gpu_max_IBP, = 0.000657767
gpu_max_ICP, = 0.038203
gpu_max_DCP, = 0.0448233
gpu_max_TCP, = 0
gpu_max_CCP, = 0
gpu_max_SHRDP, = 0.127592
gpu_max_RFP, = 0.206085
gpu_max_SPP, = 0
gpu_max_SFUP, = 0
gpu_max_FPUP, = 0
gpu_max_SCHEDP, = 0.00914462
gpu_max_L2CP, = 5.21845
gpu_max_MCP, = 1.19969
gpu_max_NOCP, = 1.46014
gpu_max_DRAMP, = 0.143166
gpu_max_PIPEP, = 0.280079
gpu_max_IDLE_COREP, = 6.36
gpu_max_CONST_DYNAMICP = 9.82366
gpu_max_TOT_INST, = 130
gpu_max_FP_INT, = 119
gpu_max_IC_H, = 54
gpu_max_IC_M, = 11
gpu_max_DC_RH, = 0
gpu_max_DC_RM, = 0
gpu_max_DC_WH, = 66
gpu_max_DC_WM, = 11
gpu_max_TC_H, = 0
gpu_max_TC_M, = 0
gpu_max_CC_H, = 0
gpu_max_CC_M, = 0
gpu_max_SHRD_ACC, = 43
gpu_max_REG_RD, = 7584
gpu_max_REG_WR, = 3200
gpu_max_NON_REG_OPs, = 1376
gpu_max_SP_ACC, = 0
gpu_max_SFU_ACC, = 0
gpu_max_FPU_ACC, = 0
gpu_max_MEM_RD, = 4
gpu_max_MEM_WR, = 0
gpu_max_MEM_PRE, = 0
gpu_max_L2_RH, = 40
gpu_max_L2_RM, = 1
gpu_max_L2_WH, = 261
gpu_max_L2_WM, = 0
gpu_max_NOC_A, = 538
gpu_max_PIPE_A, = 0.011
gpu_max_IDLE_CORE_N, = 4
gpu_max_CONST_DYNAMICN = 0

Kernel Minimum Power Data:
kernel_min_power = 18.4164
gpu_min_IBP, = 0.000333943
gpu_min_ICP, = 0.00293067
gpu_min_DCP, = 0.0821512
gpu_min_TCP, = 0
gpu_min_CCP, = 0
gpu_min_SHRDP, = 0.0652795
gpu_min_RFP, = 0.0998538
gpu_min_SPP, = 0
gpu_min_SFUP, = 0
gpu_min_FPUP, = 0
gpu_min_SCHEDP, = 0.0050718
gpu_min_L2CP, = 0.345581
gpu_min_MCP, = 1.19387
gpu_min_NOCP, = 0.325681
gpu_min_DRAMP, = 0
gpu_min_PIPEP, = 0.112032
gpu_min_IDLE_COREP, = 6.36
gpu_min_CONST_DYNAMICP = 9.82366
gpu_min_TOT_INST, = 66
gpu_min_FP_INT, = 66
gpu_min_IC_H, = 33
gpu_min_IC_M, = 0
gpu_min_DC_RH, = 0
gpu_min_DC_RM, = 32
gpu_min_DC_WH, = 0
gpu_min_DC_WM, = 0
gpu_min_TC_H, = 0
gpu_min_TC_M, = 0
gpu_min_CC_H, = 0
gpu_min_CC_M, = 0
gpu_min_SHRD_ACC, = 22
gpu_min_REG_RD, = 3520
gpu_min_REG_WR, = 1408
gpu_min_NON_REG_OPs, = 704
gpu_min_SP_ACC, = 0
gpu_min_SFU_ACC, = 0
gpu_min_FPU_ACC, = 0
gpu_min_MEM_RD, = 0
gpu_min_MEM_WR, = 0
gpu_min_MEM_PRE, = 0
gpu_min_L2_RH, = 88
gpu_min_L2_RM, = 0
gpu_min_L2_WH, = 0
gpu_min_L2_WM, = 0
gpu_min_NOC_A, = 120
gpu_min_PIPE_A, = 0.0044
gpu_min_IDLE_CORE_N, = 4
gpu_min_CONST_DYNAMICN = 0

Accumulative Power Statistics Over Previous Kernels:
gpu_tot_avg_power = 25.9105
gpu_tot_max_power = 34.0712
gpu_tot_min_power = 17.5244


kernel_name = _Z20needle_cuda_shared_2PiS_iiii 
kernel_launch_uid = 14 

Kernel Average Power Data:
kernel_avg_power = 21.6941
gpu_avg_IBP, = 0.00101267
gpu_avg_ICP, = 0.0463844
gpu_avg_DCP, = 0.0588829
gpu_avg_TCP, = 0
gpu_avg_CCP, = 0.00645812
gpu_avg_SHRDP, = 0.645482
gpu_avg_RFP, = 0.309136
gpu_avg_SPP, = 0.0379424
gpu_avg_SFUP, = 0.0264968
gpu_avg_FPUP, = 0
gpu_avg_SCHEDP, = 0.013555
gpu_avg_L2CP, = 0.74586
gpu_avg_MCP, = 1.19268
gpu_avg_NOCP, = 0.483385
gpu_avg_DRAMP, = 0
gpu_avg_PIPEP, = 0.339368
gpu_avg_IDLE_COREP, = 7.96374
gpu_avg_CONST_DYNAMICP = 9.82366
gpu_avg_TOT_INST, = 200.143
gpu_avg_FP_INT, = 176.393
gpu_avg_IC_H, = 87.5
gpu_avg_IC_M, = 12.7143
gpu_avg_DC_RH, = 0.357143
gpu_avg_DC_RM, = 17.1429
gpu_avg_DC_WH, = 4.92857
gpu_avg_DC_WM, = 4.92857
gpu_avg_TC_H, = 0
gpu_avg_TC_M, = 0
gpu_avg_CC_H, = 3.57143
gpu_avg_CC_M, = 0
gpu_avg_SHRD_ACC, = 217.536
gpu_avg_REG_RD, = 8654.86
gpu_avg_REG_WR, = 5118.86
gpu_avg_NON_REG_OPs, = 2401.14
gpu_avg_SP_ACC, = 10057.1
gpu_avg_SFU_ACC, = 391.429
gpu_avg_FPU_ACC, = 0
gpu_avg_MEM_RD, = 0
gpu_avg_MEM_WR, = 0
gpu_avg_MEM_PRE, = 0
gpu_avg_L2_RH, = 118.857
gpu_avg_L2_RM, = 0
gpu_avg_L2_WH, = 14.3929
gpu_avg_L2_WM, = 0
gpu_avg_NOC_A, = 178.107
gpu_avg_PIPE_A, = 0.0133286
gpu_avg_IDLE_CORE_N, = 5.00864
gpu_avg_CONST_DYNAMICN = 0

Kernel Maximum Power Data:
kernel_max_power = 26.8886
gpu_max_IBP, = 0.00128518
gpu_max_ICP, = 0.0583614
gpu_max_DCP, = 0.226232
gpu_max_TCP, = 0
gpu_max_CCP, = 0
gpu_max_SHRDP, = 0.246282
gpu_max_RFP, = 0.381854
gpu_max_SPP, = 0
gpu_max_SFUP, = 0
gpu_max_FPUP, = 0
gpu_max_SCHEDP, = 0.0191345
gpu_max_L2CP, = 4.89379
gpu_max_MCP, = 1.27458
gpu_max_NOCP, = 1.5687
gpu_max_DRAMP, = 0
gpu_max_PIPEP, = 0.444732
gpu_max_IDLE_COREP, = 7.95
gpu_max_CONST_DYNAMICP = 9.82366
gpu_max_TOT_INST, = 254
gpu_max_FP_INT, = 249
gpu_max_IC_H, = 110
gpu_max_IC_M, = 16
gpu_max_DC_RH, = 0
gpu_max_DC_RM, = 0
gpu_max_DC_WH, = 83
gpu_max_DC_WM, = 82
gpu_max_TC_H, = 0
gpu_max_TC_M, = 0
gpu_max_CC_H, = 0
gpu_max_CC_M, = 0
gpu_max_SHRD_ACC, = 83
gpu_max_REG_RD, = 13600
gpu_max_REG_WR, = 5536
gpu_max_NON_REG_OPs, = 2656
gpu_max_SP_ACC, = 0
gpu_max_SFU_ACC, = 0
gpu_max_FPU_ACC, = 0
gpu_max_MEM_RD, = 0
gpu_max_MEM_WR, = 0
gpu_max_MEM_PRE, = 0
gpu_max_L2_RH, = 66
gpu_max_L2_RM, = 0
gpu_max_L2_WH, = 239
gpu_max_L2_WM, = 0
gpu_max_NOC_A, = 578
gpu_max_PIPE_A, = 0.0174667
gpu_max_IDLE_CORE_N, = 5
gpu_max_CONST_DYNAMICN = 0

Kernel Minimum Power Data:
kernel_min_power = 20.1686
gpu_min_IBP, = 0.000323824
gpu_min_ICP, = 0.0149012
gpu_min_DCP, = 0.0667478
gpu_min_TCP, = 0
gpu_min_CCP, = 0
gpu_min_SHRDP, = 0.0652795
gpu_min_RFP, = 0.104795
gpu_min_SPP, = 0.0115897
gpu_min_SFUP, = 0
gpu_min_FPUP, = 0
gpu_min_SCHEDP, = 0.00461073
gpu_min_L2CP, = 0.424122
gpu_min_MCP, = 1.19058
gpu_min_NOCP, = 0.388104
gpu_min_DRAMP, = 0
gpu_min_PIPEP, = 0.123914
gpu_min_IDLE_COREP, = 7.95
gpu_min_CONST_DYNAMICP = 9.82366
gpu_min_TOT_INST, = 64
gpu_min_FP_INT, = 60
gpu_min_IC_H, = 31
gpu_min_IC_M, = 4
gpu_min_DC_RH, = 0
gpu_min_DC_RM, = 26
gpu_min_DC_WH, = 0
gpu_min_DC_WM, = 0
gpu_min_TC_H, = 0
gpu_min_TC_M, = 0
gpu_min_CC_H, = 0
gpu_min_CC_M, = 0
gpu_min_SHRD_ACC, = 22
gpu_min_REG_RD, = 3328
gpu_min_REG_WR, = 1664
gpu_min_NON_REG_OPs, = 768
gpu_min_SP_ACC, = 3072
gpu_min_SFU_ACC, = 0
gpu_min_FPU_ACC, = 0
gpu_min_MEM_RD, = 0
gpu_min_MEM_WR, = 0
gpu_min_MEM_PRE, = 0
gpu_min_L2_RH, = 108
gpu_min_L2_RM, = 0
gpu_min_L2_WH, = 0
gpu_min_L2_WM, = 0
gpu_min_NOC_A, = 143
gpu_min_PIPE_A, = 0.00486666
gpu_min_IDLE_CORE_N, = 5
gpu_min_CONST_DYNAMICN = 0

Accumulative Power Statistics Over Previous Kernels:
gpu_tot_avg_power = 25.632
gpu_tot_max_power = 34.0712
gpu_tot_min_power = 17.5244


kernel_name = _Z20needle_cuda_shared_2PiS_iiii 
kernel_launch_uid = 15 

Kernel Average Power Data:
kernel_avg_power = 23.2752
gpu_avg_IBP, = 0.000891911
gpu_avg_ICP, = 0.0407539
gpu_avg_DCP, = 0.0314347
gpu_avg_TCP, = 0
gpu_avg_CCP, = 0.00561189
gpu_avg_SHRDP, = 0.562652
gpu_avg_RFP, = 0.270448
gpu_avg_SPP, = 0.0329707
gpu_avg_SFUP, = 0.0230248
gpu_avg_FPUP, = 0
gpu_avg_SCHEDP, = 0.0119349
gpu_avg_L2CP, = 0.788754
gpu_avg_MCP, = 1.18411
gpu_avg_NOCP, = 0.415525
gpu_avg_DRAMP, = 0
gpu_avg_PIPEP, = 0.29957
gpu_avg_IDLE_COREP, = 9.78387
gpu_avg_CONST_DYNAMICP = 9.82366
gpu_avg_TOT_INST, = 176.276
gpu_avg_FP_INT, = 155.31
gpu_avg_IC_H, = 76.8276
gpu_avg_IC_M, = 11.1724
gpu_avg_DC_RH, = 0.310345
gpu_avg_DC_RM, = 10.5517
gpu_avg_DC_WH, = 5.37931
gpu_avg_DC_WM, = 0.724138
gpu_avg_TC_H, = 0
gpu_avg_TC_M, = 0
gpu_avg_CC_H, = 3.10345
gpu_avg_CC_M, = 0
gpu_avg_SHRD_ACC, = 189.621
gpu_avg_REG_RD, = 7640.28
gpu_avg_REG_WR, = 4353.1
gpu_avg_NON_REG_OPs, = 2105.38
gpu_avg_SP_ACC, = 8739.31
gpu_avg_SFU_ACC, = 340.138
gpu_avg_FPU_ACC, = 0
gpu_avg_MEM_RD, = 0
gpu_avg_MEM_WR, = 0
gpu_avg_MEM_PRE, = 0
gpu_avg_L2_RH, = 87.4483
gpu_avg_L2_RM, = 0
gpu_avg_L2_WH, = 22.9655
gpu_avg_L2_WM, = 0
gpu_avg_NOC_A, = 153.103
gpu_avg_PIPE_A, = 0.0117655
gpu_avg_IDLE_CORE_N, = 6.15338
gpu_avg_CONST_DYNAMICN = 0

Kernel Maximum Power Data:
kernel_max_power = 29.9813
gpu_max_IBP, = 0.000617289
gpu_max_ICP, = 0.0196256
gpu_max_DCP, = 0.0356183
gpu_max_TCP, = 0
gpu_max_CCP, = 0
gpu_max_SHRDP, = 0.109788
gpu_max_RFP, = 0.174811
gpu_max_SPP, = 0
gpu_max_SFUP, = 0
gpu_max_FPUP, = 0
gpu_max_SCHEDP, = 0.00868354
gpu_max_L2CP, = 4.83047
gpu_max_MCP, = 1.18893
gpu_max_NOCP, = 1.27559
gpu_max_DRAMP, = 0
gpu_max_PIPEP, = 0.229155
gpu_max_IDLE_COREP, = 12.2843
gpu_max_CONST_DYNAMICP = 9.82366
gpu_max_TOT_INST, = 122
gpu_max_FP_INT, = 113
gpu_max_IC_H, = 50
gpu_max_IC_M, = 5
gpu_max_DC_RH, = 0
gpu_max_DC_RM, = 0
gpu_max_DC_WH, = 50
gpu_max_DC_WM, = 9
gpu_max_TC_H, = 0
gpu_max_TC_M, = 0
gpu_max_CC_H, = 0
gpu_max_CC_M, = 0
gpu_max_SHRD_ACC, = 37
gpu_max_REG_RD, = 6464
gpu_max_REG_WR, = 2528
gpu_max_NON_REG_OPs, = 1184
gpu_max_SP_ACC, = 0
gpu_max_SFU_ACC, = 0
gpu_max_FPU_ACC, = 0
gpu_max_MEM_RD, = 0
gpu_max_MEM_WR, = 0
gpu_max_MEM_PRE, = 0
gpu_max_L2_RH, = 40
gpu_max_L2_RM, = 0
gpu_max_L2_WH, = 241
gpu_max_L2_WM, = 0
gpu_max_NOC_A, = 470
gpu_max_PIPE_A, = 0.00899999
gpu_max_IDLE_CORE_N, = 7.726
gpu_max_CONST_DYNAMICN = 0

Kernel Minimum Power Data:
kernel_min_power = 21.5077
gpu_min_IBP, = 0.00019227
gpu_min_ICP, = 0.0282214
gpu_min_DCP, = 0.04621
gpu_min_TCP, = 0
gpu_min_CCP, = 0
gpu_min_SHRDP, = 0.0415415
gpu_min_RFP, = 0.0635433
gpu_min_SPP, = 0
gpu_min_SFUP, = 0
gpu_min_FPUP, = 0
gpu_min_SCHEDP, = 0.00292013
gpu_min_L2CP, = 0.380925
gpu_min_MCP, = 1.1862
gpu_min_NOCP, = 0.322967
gpu_min_DRAMP, = 0
gpu_min_PIPEP, = 0.0712928
gpu_min_IDLE_COREP, = 9.54
gpu_min_CONST_DYNAMICP = 9.82366
gpu_min_TOT_INST, = 38
gpu_min_FP_INT, = 38
gpu_min_IC_H, = 10
gpu_min_IC_M, = 9
gpu_min_DC_RH, = 0
gpu_min_DC_RM, = 18
gpu_min_DC_WH, = 0
gpu_min_DC_WM, = 0
gpu_min_TC_H, = 0
gpu_min_TC_M, = 0
gpu_min_CC_H, = 0
gpu_min_CC_M, = 0
gpu_min_SHRD_ACC, = 14
gpu_min_REG_RD, = 2240
gpu_min_REG_WR, = 896
gpu_min_NON_REG_OPs, = 448
gpu_min_SP_ACC, = 0
gpu_min_SFU_ACC, = 0
gpu_min_FPU_ACC, = 0
gpu_min_MEM_RD, = 0
gpu_min_MEM_WR, = 0
gpu_min_MEM_PRE, = 0
gpu_min_L2_RH, = 97
gpu_min_L2_RM, = 0
gpu_min_L2_WH, = 0
gpu_min_L2_WM, = 0
gpu_min_NOC_A, = 119
gpu_min_PIPE_A, = 0.0028
gpu_min_IDLE_CORE_N, = 6
gpu_min_CONST_DYNAMICN = 0

Accumulative Power Statistics Over Previous Kernels:
gpu_tot_avg_power = 25.4811
gpu_tot_max_power = 34.0712
gpu_tot_min_power = 17.5244


kernel_name = _Z20needle_cuda_shared_2PiS_iiii 
kernel_launch_uid = 16 

Kernel Average Power Data:
kernel_avg_power = 24.2919
gpu_avg_IBP, = 0.000807391
gpu_avg_ICP, = 0.0374261
gpu_avg_DCP, = 0.0465748
gpu_avg_TCP, = 0
gpu_avg_CCP, = 0.0051665
gpu_avg_SHRDP, = 0.515983
gpu_avg_RFP, = 0.246616
gpu_avg_SPP, = 0.0303539
gpu_avg_SFUP, = 0.0211974
gpu_avg_FPUP, = 0
gpu_avg_SCHEDP, = 0.0108078
gpu_avg_L2CP, = 0.549971
gpu_avg_MCP, = 1.18918
gpu_avg_NOCP, = 0.37812
gpu_avg_DRAMP, = 0
gpu_avg_PIPEP, = 0.270379
gpu_avg_IDLE_COREP, = 11.1657
gpu_avg_CONST_DYNAMICP = 9.82366
gpu_avg_TOT_INST, = 159.571
gpu_avg_FP_INT, = 140.643
gpu_avg_IC_H, = 69.6786
gpu_avg_IC_M, = 10.2857
gpu_avg_DC_RH, = 0.285714
gpu_avg_DC_RM, = 13.7143
gpu_avg_DC_WH, = 3.75
gpu_avg_DC_WM, = 3.75
gpu_avg_TC_H, = 0
gpu_avg_TC_M, = 0
gpu_avg_CC_H, = 2.85714
gpu_avg_CC_M, = 0
gpu_avg_SHRD_ACC, = 173.893
gpu_avg_REG_RD, = 6897.14
gpu_avg_REG_WR, = 4083.43
gpu_avg_NON_REG_OPs, = 1916.57
gpu_avg_SP_ACC, = 8045.71
gpu_avg_SFU_ACC, = 313.143
gpu_avg_FPU_ACC, = 0
gpu_avg_MEM_RD, = 0
gpu_avg_MEM_WR, = 0
gpu_avg_MEM_PRE, = 0
gpu_avg_L2_RH, = 95.4286
gpu_avg_L2_RM, = 0
gpu_avg_L2_WH, = 9.03571
gpu_avg_L2_WM, = 0
gpu_avg_NOC_A, = 139.321
gpu_avg_PIPE_A, = 0.010619
gpu_avg_IDLE_CORE_N, = 7.02243
gpu_avg_CONST_DYNAMICN = 0

Kernel Maximum Power Data:
kernel_max_power = 28.5782
gpu_max_IBP, = 0.00107267
gpu_max_ICP, = 0.0538146
gpu_max_DCP, = 0.195655
gpu_max_TCP, = 0
gpu_max_CCP, = 0
gpu_max_SHRDP, = 0.213642
gpu_max_RFP, = 0.327062
gpu_max_SPP, = 0
gpu_max_SFUP, = 0
gpu_max_FPUP, = 0
gpu_max_SCHEDP, = 0.0161376
gpu_max_L2CP, = 3.92372
gpu_max_MCP, = 1.26137
gpu_max_NOCP, = 1.26202
gpu_max_DRAMP, = 0
gpu_max_PIPEP, = 0.370044
gpu_max_IDLE_COREP, = 11.13
gpu_max_CONST_DYNAMICP = 9.82366
gpu_max_TOT_INST, = 212
gpu_max_FP_INT, = 210
gpu_max_IC_H, = 93
gpu_max_IC_M, = 15
gpu_max_DC_RH, = 0
gpu_max_DC_RM, = 0
gpu_max_DC_WH, = 71
gpu_max_DC_WM, = 71
gpu_max_TC_H, = 0
gpu_max_TC_M, = 0
gpu_max_CC_H, = 0
gpu_max_CC_M, = 0
gpu_max_SHRD_ACC, = 72
gpu_max_REG_RD, = 11520
gpu_max_REG_WR, = 4640
gpu_max_NON_REG_OPs, = 2304
gpu_max_SP_ACC, = 0
gpu_max_SFU_ACC, = 0
gpu_max_FPU_ACC, = 0
gpu_max_MEM_RD, = 0
gpu_max_MEM_WR, = 0
gpu_max_MEM_PRE, = 0
gpu_max_L2_RH, = 56
gpu_max_L2_RM, = 0
gpu_max_L2_WH, = 191
gpu_max_L2_WM, = 0
gpu_max_NOC_A, = 465
gpu_max_PIPE_A, = 0.0145333
gpu_max_IDLE_CORE_N, = 7
gpu_max_CONST_DYNAMICN = 0

Kernel Minimum Power Data:
kernel_min_power = 23.212
gpu_min_IBP, = 0.000263107
gpu_min_ICP, = 0.00838308
gpu_min_DCP, = 0.0513445
gpu_min_TCP, = 0
gpu_min_CCP, = 0
gpu_min_SHRDP, = 0.0504432
gpu_min_RFP, = 0.0795733
gpu_min_SPP, = 0.00289742
gpu_min_SFUP, = 0
gpu_min_FPUP, = 0
gpu_min_SCHEDP, = 0.00384228
gpu_min_L2CP, = 0.435903
gpu_min_MCP, = 1.18729
gpu_min_NOCP, = 0.350108
gpu_min_DRAMP, = 0
gpu_min_PIPEP, = 0.0882673
gpu_min_IDLE_COREP, = 11.13
gpu_min_CONST_DYNAMICP = 9.82366
gpu_min_TOT_INST, = 52
gpu_min_FP_INT, = 50
gpu_min_IC_H, = 26
gpu_min_IC_M, = 2
gpu_min_DC_RH, = 0
gpu_min_DC_RM, = 20
gpu_min_DC_WH, = 0
gpu_min_DC_WM, = 0
gpu_min_TC_H, = 0
gpu_min_TC_M, = 0
gpu_min_CC_H, = 0
gpu_min_CC_M, = 0
gpu_min_SHRD_ACC, = 17
gpu_min_REG_RD, = 2720
gpu_min_REG_WR, = 1376
gpu_min_NON_REG_OPs, = 544
gpu_min_SP_ACC, = 768
gpu_min_SFU_ACC, = 0
gpu_min_FPU_ACC, = 0
gpu_min_MEM_RD, = 0
gpu_min_MEM_WR, = 0
gpu_min_MEM_PRE, = 0
gpu_min_L2_RH, = 111
gpu_min_L2_RM, = 0
gpu_min_L2_WH, = 0
gpu_min_L2_WM, = 0
gpu_min_NOC_A, = 129
gpu_min_PIPE_A, = 0.00346667
gpu_min_IDLE_CORE_N, = 7
gpu_min_CONST_DYNAMICN = 0

Accumulative Power Statistics Over Previous Kernels:
gpu_tot_avg_power = 25.4119
gpu_tot_max_power = 34.0712
gpu_tot_min_power = 17.5244


kernel_name = _Z20needle_cuda_shared_2PiS_iiii 
kernel_launch_uid = 17 

Kernel Average Power Data:
kernel_avg_power = 25.8367
gpu_avg_IBP, = 0.0006965
gpu_avg_ICP, = 0.0317162
gpu_avg_DCP, = 0.0249877
gpu_avg_TCP, = 0
gpu_avg_CCP, = 0.0043648
gpu_avg_SHRDP, = 0.438027
gpu_avg_RFP, = 0.211052
gpu_avg_SPP, = 0.0256438
gpu_avg_SFUP, = 0.0179082
gpu_avg_FPUP, = 0
gpu_avg_SCHEDP, = 0.00931951
gpu_avg_L2CP, = 0.640704
gpu_avg_MCP, = 1.18261
gpu_avg_NOCP, = 0.329612
gpu_avg_DRAMP, = 0
gpu_avg_PIPEP, = 0.234131
gpu_avg_IDLE_COREP, = 12.8622
gpu_avg_CONST_DYNAMICP = 9.82366
gpu_avg_TOT_INST, = 137.655
gpu_avg_FP_INT, = 121.276
gpu_avg_IC_H, = 59.9655
gpu_avg_IC_M, = 8.68966
gpu_avg_DC_RH, = 0.241379
gpu_avg_DC_RM, = 8.2069
gpu_avg_DC_WH, = 4.37931
gpu_avg_DC_WM, = 0.758621
gpu_avg_TC_H, = 0
gpu_avg_TC_M, = 0
gpu_avg_CC_H, = 2.41379
gpu_avg_CC_M, = 0
gpu_avg_SHRD_ACC, = 147.621
gpu_avg_REG_RD, = 5969.66
gpu_avg_REG_WR, = 3397.52
gpu_avg_NON_REG_OPs, = 1641.93
gpu_avg_SP_ACC, = 6797.24
gpu_avg_SFU_ACC, = 264.552
gpu_avg_FPU_ACC, = 0
gpu_avg_MEM_RD, = 0
gpu_avg_MEM_WR, = 0
gpu_avg_MEM_PRE, = 0
gpu_avg_L2_RH, = 68.1379
gpu_avg_L2_RM, = 0
gpu_avg_L2_WH, = 19.2414
gpu_avg_L2_WM, = 0
gpu_avg_NOC_A, = 121.448
gpu_avg_PIPE_A, = 0.0091954
gpu_avg_IDLE_CORE_N, = 8.08945
gpu_avg_CONST_DYNAMICN = 0

Kernel Maximum Power Data:
kernel_max_power = 31.2281
gpu_max_IBP, = 0.00040478
gpu_max_ICP, = 0.0150788
gpu_max_DCP, = 0.0269409
gpu_max_TCP, = 0
gpu_max_CCP, = 0
gpu_max_SHRDP, = 0.071214
gpu_max_RFP, = 0.115098
gpu_max_SPP, = 0
gpu_max_SFUP, = 0
gpu_max_FPUP, = 0
gpu_max_SCHEDP, = 0.00560972
gpu_max_L2CP, = 3.7362
gpu_max_MCP, = 1.18601
gpu_max_NOCP, = 0.939048
gpu_max_DRAMP, = 0
gpu_max_PIPEP, = 0.156165
gpu_max_IDLE_COREP, = 15.1527
gpu_max_CONST_DYNAMICP = 9.82366
gpu_max_TOT_INST, = 80
gpu_max_FP_INT, = 73
gpu_max_IC_H, = 33
gpu_max_IC_M, = 4
gpu_max_DC_RH, = 0
gpu_max_DC_RM, = 0
gpu_max_DC_WH, = 36
gpu_max_DC_WM, = 7
gpu_max_TC_H, = 0
gpu_max_TC_M, = 0
gpu_max_CC_H, = 0
gpu_max_CC_M, = 0
gpu_max_SHRD_ACC, = 24
gpu_max_REG_RD, = 4288
gpu_max_REG_WR, = 1728
gpu_max_NON_REG_OPs, = 768
gpu_max_SP_ACC, = 0
gpu_max_SFU_ACC, = 0
gpu_max_FPU_ACC, = 0
gpu_max_MEM_RD, = 0
gpu_max_MEM_WR, = 0
gpu_max_MEM_PRE, = 0
gpu_max_L2_RH, = 28
gpu_max_L2_RM, = 0
gpu_max_L2_WH, = 187
gpu_max_L2_WM, = 0
gpu_max_NOC_A, = 346
gpu_max_PIPE_A, = 0.00613333
gpu_max_IDLE_CORE_N, = 9.53
gpu_max_CONST_DYNAMICN = 0

Kernel Minimum Power Data:
kernel_min_power = 24.4446
gpu_min_IBP, = 0.000161912
gpu_min_ICP, = 0.0220585
gpu_min_DCP, = 0.0359411
gpu_min_TCP, = 0
gpu_min_CCP, = 0
gpu_min_SHRDP, = 0.0326397
gpu_min_RFP, = 0.0573191
gpu_min_SPP, = 0
gpu_min_SFUP, = 0
gpu_min_FPUP, = 0
gpu_min_SCHEDP, = 0.00245906
gpu_min_L2CP, = 0.26704
gpu_min_MCP, = 1.18401
gpu_min_NOCP, = 0.241547
gpu_min_DRAMP, = 0
gpu_min_PIPEP, = 0.0577133
gpu_min_IDLE_COREP, = 12.72
gpu_min_CONST_DYNAMICP = 9.82366
gpu_min_TOT_INST, = 32
gpu_min_FP_INT, = 32
gpu_min_IC_H, = 9
gpu_min_IC_M, = 7
gpu_min_DC_RH, = 0
gpu_min_DC_RM, = 14
gpu_min_DC_WH, = 0
gpu_min_DC_WM, = 0
gpu_min_TC_H, = 0
gpu_min_TC_M, = 0
gpu_min_CC_H, = 0
gpu_min_CC_M, = 0
gpu_min_SHRD_ACC, = 11
gpu_min_REG_RD, = 1760
gpu_min_REG_WR, = 736
gpu_min_NON_REG_OPs, = 448
gpu_min_SP_ACC, = 0
gpu_min_SFU_ACC, = 0
gpu_min_FPU_ACC, = 0
gpu_min_MEM_RD, = 0
gpu_min_MEM_WR, = 0
gpu_min_MEM_PRE, = 0
gpu_min_L2_RH, = 68
gpu_min_L2_RM, = 0
gpu_min_L2_WH, = 0
gpu_min_L2_WM, = 0
gpu_min_NOC_A, = 89
gpu_min_PIPE_A, = 0.00226667
gpu_min_IDLE_CORE_N, = 8
gpu_min_CONST_DYNAMICN = 0

Accumulative Power Statistics Over Previous Kernels:
gpu_tot_avg_power = 25.4361
gpu_tot_max_power = 34.0712
gpu_tot_min_power = 17.5244


kernel_name = _Z20needle_cuda_shared_2PiS_iiii 
kernel_launch_uid = 18 

Kernel Average Power Data:
kernel_avg_power = 26.9334
gpu_avg_IBP, = 0.000608615
gpu_avg_ICP, = 0.028091
gpu_avg_DCP, = 0.0353494
gpu_avg_TCP, = 0
gpu_avg_CCP, = 0.00387487
gpu_avg_SHRDP, = 0.387332
gpu_avg_RFP, = 0.18572
gpu_avg_SPP, = 0.0227655
gpu_avg_SFUP, = 0.0158981
gpu_avg_FPUP, = 0
gpu_avg_SCHEDP, = 0.00814562
gpu_avg_L2CP, = 0.431499
gpu_avg_MCP, = 1.18615
gpu_avg_NOCP, = 0.288461
gpu_avg_DRAMP, = 0
gpu_avg_PIPEP, = 0.203876
gpu_avg_IDLE_COREP, = 14.3119
gpu_avg_CONST_DYNAMICP = 9.82366
gpu_avg_TOT_INST, = 120.286
gpu_avg_FP_INT, = 106
gpu_avg_IC_H, = 52.5
gpu_avg_IC_M, = 7.71429
gpu_avg_DC_RH, = 0.214286
gpu_avg_DC_RM, = 10.2857
gpu_avg_DC_WH, = 2.96429
gpu_avg_DC_WM, = 2.96429
gpu_avg_TC_H, = 0
gpu_avg_TC_M, = 0
gpu_avg_CC_H, = 2.14286
gpu_avg_CC_M, = 0
gpu_avg_SHRD_ACC, = 130.536
gpu_avg_REG_RD, = 5202.29
gpu_avg_REG_WR, = 3074.29
gpu_avg_NON_REG_OPs, = 1442.29
gpu_avg_SP_ACC, = 6034.29
gpu_avg_SFU_ACC, = 234.857
gpu_avg_FPU_ACC, = 0
gpu_avg_MEM_RD, = 0
gpu_avg_MEM_WR, = 0
gpu_avg_MEM_PRE, = 0
gpu_avg_L2_RH, = 71.7857
gpu_avg_L2_RM, = 0
gpu_avg_L2_WH, = 7.71429
gpu_avg_L2_WM, = 0
gpu_avg_NOC_A, = 106.286
gpu_avg_PIPE_A, = 0.00800714
gpu_avg_IDLE_CORE_N, = 9.00121
gpu_avg_CONST_DYNAMICN = 0

Kernel Maximum Power Data:
kernel_max_power = 30.2547
gpu_max_IBP, = 0.000748843
gpu_max_ICP, = 0.036054
gpu_max_DCP, = 0.135029
gpu_max_TCP, = 0
gpu_max_CCP, = 0
gpu_max_SHRDP, = 0.139461
gpu_max_RFP, = 0.222191
gpu_max_SPP, = 0
gpu_max_SFUP, = 0
gpu_max_FPUP, = 0
gpu_max_SCHEDP, = 0.0110658
gpu_max_L2CP, = 3.13186
gpu_max_MCP, = 1.23502
gpu_max_NOCP, = 0.949904
gpu_max_DRAMP, = 0
gpu_max_PIPEP, = 0.259709
gpu_max_IDLE_COREP, = 14.31
gpu_max_CONST_DYNAMICP = 9.82366
gpu_max_TOT_INST, = 148
gpu_max_FP_INT, = 144
gpu_max_IC_H, = 64
gpu_max_IC_M, = 10
gpu_max_DC_RH, = 0
gpu_max_DC_RM, = 0
gpu_max_DC_WH, = 49
gpu_max_DC_WM, = 49
gpu_max_TC_H, = 0
gpu_max_TC_M, = 0
gpu_max_CC_H, = 0
gpu_max_CC_M, = 0
gpu_max_SHRD_ACC, = 47
gpu_max_REG_RD, = 8000
gpu_max_REG_WR, = 3200
gpu_max_NON_REG_OPs, = 1536
gpu_max_SP_ACC, = 0
gpu_max_SFU_ACC, = 0
gpu_max_FPU_ACC, = 0
gpu_max_MEM_RD, = 0
gpu_max_MEM_WR, = 0
gpu_max_MEM_PRE, = 0
gpu_max_L2_RH, = 42
gpu_max_L2_RM, = 0
gpu_max_L2_WH, = 153
gpu_max_L2_WM, = 0
gpu_max_NOC_A, = 350
gpu_max_PIPE_A, = 0.0102
gpu_max_IDLE_CORE_N, = 9
gpu_max_CONST_DYNAMICN = 0

Kernel Minimum Power Data:
kernel_min_power = 26.2841
gpu_min_IBP, = 0.000182151
gpu_min_ICP, = 0.00159855
gpu_min_DCP, = 0.0770167
gpu_min_TCP, = 0
gpu_min_CCP, = 0
gpu_min_SHRDP, = 0.035607
gpu_min_RFP, = 0.0576838
gpu_min_SPP, = 0
gpu_min_SFUP, = 0
gpu_min_FPUP, = 0
gpu_min_SCHEDP, = 0.00276644
gpu_min_L2CP, = 0.376997
gpu_min_MCP, = 1.19277
gpu_min_NOCP, = 0.34468
gpu_min_DRAMP, = 0
gpu_min_PIPEP, = 0.0611082
gpu_min_IDLE_COREP, = 14.31
gpu_min_CONST_DYNAMICP = 9.82366
gpu_min_TOT_INST, = 36
gpu_min_FP_INT, = 36
gpu_min_IC_H, = 18
gpu_min_IC_M, = 0
gpu_min_DC_RH, = 0
gpu_min_DC_RM, = 30
gpu_min_DC_WH, = 0
gpu_min_DC_WM, = 0
gpu_min_TC_H, = 0
gpu_min_TC_M, = 0
gpu_min_CC_H, = 0
gpu_min_CC_M, = 0
gpu_min_SHRD_ACC, = 12
gpu_min_REG_RD, = 1920
gpu_min_REG_WR, = 1152
gpu_min_NON_REG_OPs, = 384
gpu_min_SP_ACC, = 0
gpu_min_SFU_ACC, = 0
gpu_min_FPU_ACC, = 0
gpu_min_MEM_RD, = 0
gpu_min_MEM_WR, = 0
gpu_min_MEM_PRE, = 0
gpu_min_L2_RH, = 96
gpu_min_L2_RM, = 0
gpu_min_L2_WH, = 0
gpu_min_L2_WM, = 0
gpu_min_NOC_A, = 127
gpu_min_PIPE_A, = 0.0024
gpu_min_IDLE_CORE_N, = 9
gpu_min_CONST_DYNAMICN = 0

Accumulative Power Statistics Over Previous Kernels:
gpu_tot_avg_power = 25.514
gpu_tot_max_power = 34.0712
gpu_tot_min_power = 17.5244


kernel_name = _Z20needle_cuda_shared_2PiS_iiii 
kernel_launch_uid = 19 

Kernel Average Power Data:
kernel_avg_power = 28.2899
gpu_avg_IBP, = 0.00050742
gpu_avg_ICP, = 0.0234091
gpu_avg_DCP, = 0.0175528
gpu_avg_TCP, = 0
gpu_avg_CCP, = 0.00322906
gpu_avg_SHRDP, = 0.323006
gpu_avg_RFP, = 0.154211
gpu_avg_SPP, = 0.0189712
gpu_avg_SFUP, = 0.0132484
gpu_avg_FPUP, = 0
gpu_avg_SCHEDP, = 0.00679259
gpu_avg_L2CP, = 0.396494
gpu_avg_MCP, = 1.1806
gpu_avg_NOCP, = 0.226135
gpu_avg_DRAMP, = 0
gpu_avg_PIPEP, = 0.170412
gpu_avg_IDLE_COREP, = 15.9317
gpu_avg_CONST_DYNAMICP = 9.82366
gpu_avg_TOT_INST, = 100.286
gpu_avg_FP_INT, = 88.3929
gpu_avg_IC_H, = 43.75
gpu_avg_IC_M, = 6.42857
gpu_avg_DC_RH, = 0.178571
gpu_avg_DC_RM, = 6.07143
gpu_avg_DC_WH, = 2.64286
gpu_avg_DC_WM, = 0.25
gpu_avg_TC_H, = 0
gpu_avg_TC_M, = 0
gpu_avg_CC_H, = 1.78571
gpu_avg_CC_M, = 0
gpu_avg_SHRD_ACC, = 108.857
gpu_avg_REG_RD, = 4340.57
gpu_avg_REG_WR, = 2485.71
gpu_avg_NON_REG_OPs, = 1202.29
gpu_avg_SP_ACC, = 5028.57
gpu_avg_SFU_ACC, = 195.714
gpu_avg_FPU_ACC, = 0
gpu_avg_MEM_RD, = 0
gpu_avg_MEM_WR, = 0
gpu_avg_MEM_PRE, = 0
gpu_avg_L2_RH, = 49.8214
gpu_avg_L2_RM, = 0
gpu_avg_L2_WH, = 10.3571
gpu_avg_L2_WM, = 0
gpu_avg_NOC_A, = 83.3214
gpu_avg_PIPE_A, = 0.00669285
gpu_avg_IDLE_CORE_N, = 10.0199
gpu_avg_CONST_DYNAMICN = 0

Kernel Maximum Power Data:
kernel_max_power = 31.924
gpu_max_IBP, = 0.000627409
gpu_max_ICP, = 0.0322177
gpu_max_DCP, = 0.0121361
gpu_max_TCP, = 0
gpu_max_CCP, = 0
gpu_max_SHRDP, = 0.127592
gpu_max_RFP, = 0.196893
gpu_max_SPP, = 0
gpu_max_SFUP, = 0
gpu_max_FPUP, = 0
gpu_max_SCHEDP, = 0.009452
gpu_max_L2CP, = 3.37168
gpu_max_MCP, = 1.17838
gpu_max_NOCP, = 1.04218
gpu_max_DRAMP, = 0
gpu_max_PIPEP, = 0.229155
gpu_max_IDLE_COREP, = 15.9
gpu_max_CONST_DYNAMICP = 9.82366
gpu_max_TOT_INST, = 124
gpu_max_FP_INT, = 123
gpu_max_IC_H, = 55
gpu_max_IC_M, = 9
gpu_max_DC_RH, = 0
gpu_max_DC_RM, = 0
gpu_max_DC_WH, = 46
gpu_max_DC_WM, = 0
gpu_max_TC_H, = 0
gpu_max_TC_M, = 0
gpu_max_CC_H, = 0
gpu_max_CC_M, = 0
gpu_max_SHRD_ACC, = 43
gpu_max_REG_RD, = 6944
gpu_max_REG_WR, = 2880
gpu_max_NON_REG_OPs, = 1376
gpu_max_SP_ACC, = 0
gpu_max_SFU_ACC, = 0
gpu_max_FPU_ACC, = 0
gpu_max_MEM_RD, = 0
gpu_max_MEM_WR, = 0
gpu_max_MEM_PRE, = 0
gpu_max_L2_RH, = 29
gpu_max_L2_RM, = 0
gpu_max_L2_WH, = 168
gpu_max_L2_WM, = 0
gpu_max_NOC_A, = 384
gpu_max_PIPE_A, = 0.00899999
gpu_max_IDLE_CORE_N, = 10
gpu_max_CONST_DYNAMICN = 0

Kernel Minimum Power Data:
kernel_min_power = 27.407
gpu_min_IBP, = 0.000161912
gpu_min_ICP, = 0.000976891
gpu_min_DCP, = 0.0256722
gpu_min_TCP, = 0
gpu_min_CCP, = 0
gpu_min_SHRDP, = 0.0148362
gpu_min_RFP, = 0.041711
gpu_min_SPP, = 0
gpu_min_SFUP, = 0
gpu_min_FPUP, = 0
gpu_min_SCHEDP, = 0.00245906
gpu_min_L2CP, = 0.219915
gpu_min_MCP, = 1.18181
gpu_min_NOCP, = 0.160127
gpu_min_DRAMP, = 0
gpu_min_PIPEP, = 0.0356464
gpu_min_IDLE_COREP, = 15.9
gpu_min_CONST_DYNAMICP = 9.82366
gpu_min_TOT_INST, = 32
gpu_min_FP_INT, = 32
gpu_min_IC_H, = 11
gpu_min_IC_M, = 0
gpu_min_DC_RH, = 0
gpu_min_DC_RM, = 10
gpu_min_DC_WH, = 0
gpu_min_DC_WM, = 0
gpu_min_TC_H, = 0
gpu_min_TC_M, = 0
gpu_min_CC_H, = 0
gpu_min_CC_M, = 0
gpu_min_SHRD_ACC, = 5
gpu_min_REG_RD, = 1344
gpu_min_REG_WR, = 512
gpu_min_NON_REG_OPs, = 320
gpu_min_SP_ACC, = 0
gpu_min_SFU_ACC, = 0
gpu_min_FPU_ACC, = 0
gpu_min_MEM_RD, = 0
gpu_min_MEM_WR, = 0
gpu_min_MEM_PRE, = 0
gpu_min_L2_RH, = 56
gpu_min_L2_RM, = 0
gpu_min_L2_WH, = 0
gpu_min_L2_WM, = 0
gpu_min_NOC_A, = 59
gpu_min_PIPE_A, = 0.0014
gpu_min_IDLE_CORE_N, = 10
gpu_min_CONST_DYNAMICN = 0

Accumulative Power Statistics Over Previous Kernels:
gpu_tot_avg_power = 25.6513
gpu_tot_max_power = 34.0712
gpu_tot_min_power = 17.5244


kernel_name = _Z20needle_cuda_shared_2PiS_iiii 
kernel_launch_uid = 20 

Kernel Average Power Data:
kernel_avg_power = 29.6634
gpu_avg_IBP, = 0.000398499
gpu_avg_ICP, = 0.0181275
gpu_avg_DCP, = 0.023745
gpu_avg_TCP, = 0
gpu_avg_CCP, = 0.00249417
gpu_avg_SHRDP, = 0.250374
gpu_avg_RFP, = 0.121213
gpu_avg_SPP, = 0.0146536
gpu_avg_SFUP, = 0.0102332
gpu_avg_FPUP, = 0
gpu_avg_SCHEDP, = 0.00533149
gpu_avg_L2CP, = 0.362694
gpu_avg_MCP, = 1.18307
gpu_avg_NOCP, = 0.204768
gpu_avg_DRAMP, = 0
gpu_avg_PIPEP, = 0.133806
gpu_avg_IDLE_COREP, = 17.5089
gpu_avg_CONST_DYNAMICP = 9.82366
gpu_avg_TOT_INST, = 78.7586
gpu_avg_FP_INT, = 69.3793
gpu_avg_IC_H, = 34.3103
gpu_avg_IC_M, = 4.96552
gpu_avg_DC_RH, = 0.137931
gpu_avg_DC_RM, = 6.62069
gpu_avg_DC_WH, = 2.51724
gpu_avg_DC_WM, = 2.24138
gpu_avg_TC_H, = 0
gpu_avg_TC_M, = 0
gpu_avg_CC_H, = 1.37931
gpu_avg_CC_M, = 0
gpu_avg_SHRD_ACC, = 84.3793
gpu_avg_REG_RD, = 3415.17
gpu_avg_REG_WR, = 2002.76
gpu_avg_NON_REG_OPs, = 939.034
gpu_avg_SP_ACC, = 3884.14
gpu_avg_SFU_ACC, = 151.172
gpu_avg_FPU_ACC, = 0
gpu_avg_MEM_RD, = 0
gpu_avg_MEM_WR, = 0
gpu_avg_MEM_PRE, = 0
gpu_avg_L2_RH, = 46.7241
gpu_avg_L2_RM, = 0
gpu_avg_L2_WH, = 9.24138
gpu_avg_L2_WM, = 0
gpu_avg_NOC_A, = 75.4483
gpu_avg_PIPE_A, = 0.00525517
gpu_avg_IDLE_CORE_N, = 11.0119
gpu_avg_CONST_DYNAMICN = 0

Kernel Maximum Power Data:
kernel_max_power = 31.8667
gpu_max_IBP, = 0.000283346
gpu_max_ICP, = 0.0142795
gpu_max_DCP, = 0.0633812
gpu_max_TCP, = 0
gpu_max_CCP, = 0
gpu_max_SHRDP, = 0.0563777
gpu_max_RFP, = 0.0865631
gpu_max_SPP, = 0
gpu_max_SFUP, = 0
gpu_max_FPUP, = 0
gpu_max_SCHEDP, = 0.00399597
gpu_max_L2CP, = 1.96322
gpu_max_MCP, = 1.20388
gpu_max_NOCP, = 0.531946
gpu_max_DRAMP, = 0
gpu_max_PIPEP, = 0.117124
gpu_max_IDLE_COREP, = 18.002
gpu_max_CONST_DYNAMICP = 9.82366
gpu_max_TOT_INST, = 56
gpu_max_FP_INT, = 52
gpu_max_IC_H, = 24
gpu_max_IC_M, = 4
gpu_max_DC_RH, = 0
gpu_max_DC_RM, = 0
gpu_max_DC_WH, = 23
gpu_max_DC_WM, = 23
gpu_max_TC_H, = 0
gpu_max_TC_M, = 0
gpu_max_CC_H, = 0
gpu_max_CC_M, = 0
gpu_max_SHRD_ACC, = 19
gpu_max_REG_RD, = 3200
gpu_max_REG_WR, = 1344
gpu_max_NON_REG_OPs, = 576
gpu_max_SP_ACC, = 0
gpu_max_SFU_ACC, = 0
gpu_max_FPU_ACC, = 0
gpu_max_MEM_RD, = 0
gpu_max_MEM_WR, = 0
gpu_max_MEM_PRE, = 0
gpu_max_L2_RH, = 16
gpu_max_L2_RM, = 0
gpu_max_L2_WH, = 98
gpu_max_L2_WM, = 0
gpu_max_NOC_A, = 196
gpu_max_PIPE_A, = 0.0046
gpu_max_IDLE_CORE_N, = 11.322
gpu_max_CONST_DYNAMICN = 0

Kernel Minimum Power Data:
kernel_min_power = 29.112
gpu_min_IBP, = 0.000242868
gpu_min_ICP, = 0.0139243
gpu_min_DCP, = 0.0205378
gpu_min_TCP, = 0
gpu_min_CCP, = 0.0072331
gpu_min_SHRDP, = 0.023738
gpu_min_RFP, = 0.0719315
gpu_min_SPP, = 0.0193161
gpu_min_SFUP, = 0.0238278
gpu_min_FPUP, = 0
gpu_min_SCHEDP, = 0.00307382
gpu_min_L2CP, = 0.188499
gpu_min_MCP, = 1.1817
gpu_min_NOCP, = 0.162841
gpu_min_DRAMP, = 0
gpu_min_PIPEP, = 0.0814775
gpu_min_IDLE_COREP, = 17.49
gpu_min_CONST_DYNAMICP = 9.82366
gpu_min_TOT_INST, = 48
gpu_min_FP_INT, = 40
gpu_min_IC_H, = 20
gpu_min_IC_M, = 4
gpu_min_DC_RH, = 0
gpu_min_DC_RM, = 8
gpu_min_DC_WH, = 0
gpu_min_DC_WM, = 0
gpu_min_TC_H, = 0
gpu_min_TC_M, = 0
gpu_min_CC_H, = 4
gpu_min_CC_M, = 0
gpu_min_SHRD_ACC, = 8
gpu_min_REG_RD, = 1664
gpu_min_REG_WR, = 896
gpu_min_NON_REG_OPs, = 640
gpu_min_SP_ACC, = 5120
gpu_min_SFU_ACC, = 352
gpu_min_FPU_ACC, = 0
gpu_min_MEM_RD, = 0
gpu_min_MEM_WR, = 0
gpu_min_MEM_PRE, = 0
gpu_min_L2_RH, = 48
gpu_min_L2_RM, = 0
gpu_min_L2_WH, = 0
gpu_min_L2_WM, = 0
gpu_min_NOC_A, = 60
gpu_min_PIPE_A, = 0.0032
gpu_min_IDLE_CORE_N, = 11
gpu_min_CONST_DYNAMICN = 0

Accumulative Power Statistics Over Previous Kernels:
gpu_tot_avg_power = 25.8469
gpu_tot_max_power = 34.0712
gpu_tot_min_power = 17.5244


kernel_name = _Z20needle_cuda_shared_2PiS_iiii 
kernel_launch_uid = 21 

Kernel Average Power Data:
kernel_avg_power = 30.8499
gpu_avg_IBP, = 0.000309956
gpu_avg_ICP, = 0.0141855
gpu_avg_DCP, = 0.0103934
gpu_avg_TCP, = 0
gpu_avg_CCP, = 0.00200919
gpu_avg_SHRDP, = 0.199795
gpu_avg_RFP, = 0.0941452
gpu_avg_SPP, = 0.0118043
gpu_avg_SFUP, = 0.00824345
gpu_avg_FPUP, = 0
gpu_avg_SCHEDP, = 0.00414397
gpu_avg_L2CP, = 0.190096
gpu_avg_MCP, = 1.17878
gpu_avg_NOCP, = 0.126151
gpu_avg_DRAMP, = 0
gpu_avg_PIPEP, = 0.103544
gpu_avg_IDLE_COREP, = 19.0826
gpu_avg_CONST_DYNAMICP = 9.82366
gpu_avg_TOT_INST, = 61.2593
gpu_avg_FP_INT, = 53.9259
gpu_avg_IC_H, = 26.7407
gpu_avg_IC_M, = 3.88889
gpu_avg_DC_RH, = 0.111111
gpu_avg_DC_RM, = 3.77778
gpu_avg_DC_WH, = 1.11111
gpu_avg_DC_WM, = 0
gpu_avg_TC_H, = 0
gpu_avg_TC_M, = 0
gpu_avg_CC_H, = 1.11111
gpu_avg_CC_M, = 0
gpu_avg_SHRD_ACC, = 67.3333
gpu_avg_REG_RD, = 2634.67
gpu_avg_REG_WR, = 1518.22
gpu_avg_NON_REG_OPs, = 736
gpu_avg_SP_ACC, = 3128.89
gpu_avg_SFU_ACC, = 121.778
gpu_avg_FPU_ACC, = 0
gpu_avg_MEM_RD, = 0
gpu_avg_MEM_WR, = 0
gpu_avg_MEM_PRE, = 0
gpu_avg_L2_RH, = 30.6667
gpu_avg_L2_RM, = 0
gpu_avg_L2_WH, = 3.59259
gpu_avg_L2_WM, = 0
gpu_avg_NOC_A, = 46.4815
gpu_avg_PIPE_A, = 0.00406667
gpu_avg_IDLE_CORE_N, = 12.0016
gpu_avg_CONST_DYNAMICN = 0

Kernel Maximum Power Data:
kernel_max_power = 32.9614
gpu_max_IBP, = 0.000414899
gpu_max_ICP, = 0.0122194
gpu_max_DCP, = 0.00580422
gpu_max_TCP, = 0
gpu_max_CCP, = 0
gpu_max_SHRDP, = 0.0801157
gpu_max_RFP, = 0.11979
gpu_max_SPP, = 0
gpu_max_SFUP, = 0
gpu_max_FPUP, = 0
gpu_max_SCHEDP, = 0.00630133
gpu_max_L2CP, = 1.95585
gpu_max_MCP, = 1.17731
gpu_max_NOCP, = 0.572657
gpu_max_DRAMP, = 0
gpu_max_PIPEP, = 0.127309
gpu_max_IDLE_COREP, = 19.08
gpu_max_CONST_DYNAMICP = 9.82366
gpu_max_TOT_INST, = 82
gpu_max_FP_INT, = 82
gpu_max_IC_H, = 35
gpu_max_IC_M, = 3
gpu_max_DC_RH, = 0
gpu_max_DC_RM, = 0
gpu_max_DC_WH, = 22
gpu_max_DC_WM, = 0
gpu_max_TC_H, = 0
gpu_max_TC_M, = 0
gpu_max_CC_H, = 0
gpu_max_CC_M, = 0
gpu_max_SHRD_ACC, = 27
gpu_max_REG_RD, = 4128
gpu_max_REG_WR, = 1632
gpu_max_NON_REG_OPs, = 864
gpu_max_SP_ACC, = 0
gpu_max_SFU_ACC, = 0
gpu_max_FPU_ACC, = 0
gpu_max_MEM_RD, = 0
gpu_max_MEM_WR, = 0
gpu_max_MEM_PRE, = 0
gpu_max_L2_RH, = 24
gpu_max_L2_RM, = 0
gpu_max_L2_WH, = 96
gpu_max_L2_WM, = 0
gpu_max_NOC_A, = 211
gpu_max_PIPE_A, = 0.005
gpu_max_IDLE_CORE_N, = 12
gpu_max_CONST_DYNAMICN = 0

Kernel Minimum Power Data:
kernel_min_power = 30.364
gpu_min_IBP, = 9.10754e-05
gpu_min_ICP, = 0.000799274
gpu_min_DCP, = 0.0154033
gpu_min_TCP, = 0
gpu_min_CCP, = 0
gpu_min_SHRDP, = 0.0178035
gpu_min_RFP, = 0.0272329
gpu_min_SPP, = 0
gpu_min_SFUP, = 0
gpu_min_FPUP, = 0
gpu_min_SCHEDP, = 0.00138322
gpu_min_L2CP, = 0.106031
gpu_min_MCP, = 1.17962
gpu_min_NOCP, = 0.0814204
gpu_min_DRAMP, = 0
gpu_min_PIPEP, = 0.0305541
gpu_min_IDLE_COREP, = 19.08
gpu_min_CONST_DYNAMICP = 9.82366
gpu_min_TOT_INST, = 18
gpu_min_FP_INT, = 18
gpu_min_IC_H, = 9
gpu_min_IC_M, = 0
gpu_min_DC_RH, = 0
gpu_min_DC_RM, = 6
gpu_min_DC_WH, = 0
gpu_min_DC_WM, = 0
gpu_min_TC_H, = 0
gpu_min_TC_M, = 0
gpu_min_CC_H, = 0
gpu_min_CC_M, = 0
gpu_min_SHRD_ACC, = 6
gpu_min_REG_RD, = 960
gpu_min_REG_WR, = 384
gpu_min_NON_REG_OPs, = 192
gpu_min_SP_ACC, = 0
gpu_min_SFU_ACC, = 0
gpu_min_FPU_ACC, = 0
gpu_min_MEM_RD, = 0
gpu_min_MEM_WR, = 0
gpu_min_MEM_PRE, = 0
gpu_min_L2_RH, = 27
gpu_min_L2_RM, = 0
gpu_min_L2_WH, = 0
gpu_min_L2_WM, = 0
gpu_min_NOC_A, = 30
gpu_min_PIPE_A, = 0.0012
gpu_min_IDLE_CORE_N, = 12
gpu_min_CONST_DYNAMICN = 0

Accumulative Power Statistics Over Previous Kernels:
gpu_tot_avg_power = 26.064
gpu_tot_max_power = 34.0712
gpu_tot_min_power = 17.5244


kernel_name = _Z20needle_cuda_shared_2PiS_iiii 
kernel_launch_uid = 22 

Kernel Average Power Data:
kernel_avg_power = 32.2452
gpu_avg_IBP, = 0.000203437
gpu_avg_ICP, = 0.00941006
gpu_avg_DCP, = 0.0120201
gpu_avg_TCP, = 0
gpu_avg_CCP, = 0.00124709
gpu_avg_SHRDP, = 0.126057
gpu_avg_RFP, = 0.0619826
gpu_avg_SPP, = 0.00732681
gpu_avg_SFUP, = 0.00511662
gpu_avg_FPUP, = 0
gpu_avg_SCHEDP, = 0.00272669
gpu_avg_L2CP, = 0.205631
gpu_avg_MCP, = 1.17974
gpu_avg_NOCP, = 0.110245
gpu_avg_DRAMP, = 0
gpu_avg_PIPEP, = 0.0686589
gpu_avg_IDLE_COREP, = 20.6312
gpu_avg_CONST_DYNAMICP = 9.82366
gpu_avg_TOT_INST, = 40.2069
gpu_avg_FP_INT, = 35.4828
gpu_avg_IC_H, = 17.5172
gpu_avg_IC_M, = 2.58621
gpu_avg_DC_RH, = 0.0689655
gpu_avg_DC_RM, = 3.31034
gpu_avg_DC_WH, = 1.65517
gpu_avg_DC_WM, = 1.13793
gpu_avg_TC_H, = 0
gpu_avg_TC_M, = 0
gpu_avg_CC_H, = 0.689655
gpu_avg_CC_M, = 0
gpu_avg_SHRD_ACC, = 42.4828
gpu_avg_REG_RD, = 1756.69
gpu_avg_REG_WR, = 1022.9
gpu_avg_NON_REG_OPs, = 478.897
gpu_avg_SP_ACC, = 1942.07
gpu_avg_SFU_ACC, = 75.5862
gpu_avg_FPU_ACC, = 0
gpu_avg_MEM_RD, = 0
gpu_avg_MEM_WR, = 0
gpu_avg_MEM_PRE, = 0
gpu_avg_L2_RH, = 23.5862
gpu_avg_L2_RM, = 0
gpu_avg_L2_WH, = 5.82759
gpu_avg_L2_WM, = 0
gpu_avg_NOC_A, = 40.6207
gpu_avg_PIPE_A, = 0.00269655
gpu_avg_IDLE_CORE_N, = 12.9756
gpu_avg_CONST_DYNAMICN = 0

Kernel Maximum Power Data:
kernel_max_power = 33.2437
gpu_max_IBP, = 0.000242868
gpu_max_ICP, = 0.00785023
gpu_max_DCP, = 0.0385798
gpu_max_TCP, = 0
gpu_max_CCP, = 0
gpu_max_SHRDP, = 0.0415415
gpu_max_RFP, = 0.0666841
gpu_max_SPP, = 0
gpu_max_SFUP, = 0
gpu_max_FPUP, = 0
gpu_max_SCHEDP, = 0.00353489
gpu_max_L2CP, = 1.01302
gpu_max_MCP, = 1.1931
gpu_max_NOCP, = 0.303969
gpu_max_DRAMP, = 0
gpu_max_PIPEP, = 0.0814775
gpu_max_IDLE_COREP, = 20.67
gpu_max_CONST_DYNAMICP = 9.82366
gpu_max_TOT_INST, = 48
gpu_max_FP_INT, = 46
gpu_max_IC_H, = 20
gpu_max_IC_M, = 2
gpu_max_DC_RH, = 0
gpu_max_DC_RM, = 0
gpu_max_DC_WH, = 14
gpu_max_DC_WM, = 14
gpu_max_TC_H, = 0
gpu_max_TC_M, = 0
gpu_max_CC_H, = 0
gpu_max_CC_M, = 0
gpu_max_SHRD_ACC, = 14
gpu_max_REG_RD, = 2496
gpu_max_REG_WR, = 960
gpu_max_NON_REG_OPs, = 448
gpu_max_SP_ACC, = 0
gpu_max_SFU_ACC, = 0
gpu_max_FPU_ACC, = 0
gpu_max_MEM_RD, = 0
gpu_max_MEM_WR, = 0
gpu_max_MEM_PRE, = 0
gpu_max_L2_RH, = 16
gpu_max_L2_RM, = 0
gpu_max_L2_WH, = 49
gpu_max_L2_WM, = 0
gpu_max_NOC_A, = 112
gpu_max_PIPE_A, = 0.0032
gpu_max_IDLE_CORE_N, = 13
gpu_max_CONST_DYNAMICN = 0

Kernel Minimum Power Data:
kernel_min_power = 31.9345
gpu_min_IBP, = 4.0478e-05
gpu_min_ICP, = 0.00625168
gpu_min_DCP, = 0.0205378
gpu_min_TCP, = 0
gpu_min_CCP, = 0
gpu_min_SHRDP, = 0.0059345
gpu_min_RFP, = 0.0125824
gpu_min_SPP, = 0
gpu_min_SFUP, = 0
gpu_min_FPUP, = 0
gpu_min_SCHEDP, = 0.000614764
gpu_min_L2CP, = 0.109958
gpu_min_MCP, = 1.18072
gpu_min_NOCP, = 0.0922764
gpu_min_DRAMP, = 0
gpu_min_PIPEP, = 0.0118821
gpu_min_IDLE_COREP, = 20.67
gpu_min_CONST_DYNAMICP = 9.82366
gpu_min_TOT_INST, = 8
gpu_min_FP_INT, = 8
gpu_min_IC_H, = 2
gpu_min_IC_M, = 2
gpu_min_DC_RH, = 0
gpu_min_DC_RM, = 8
gpu_min_DC_WH, = 0
gpu_min_DC_WM, = 0
gpu_min_TC_H, = 0
gpu_min_TC_M, = 0
gpu_min_CC_H, = 0
gpu_min_CC_M, = 0
gpu_min_SHRD_ACC, = 2
gpu_min_REG_RD, = 352
gpu_min_REG_WR, = 224
gpu_min_NON_REG_OPs, = 96
gpu_min_SP_ACC, = 0
gpu_min_SFU_ACC, = 0
gpu_min_FPU_ACC, = 0
gpu_min_MEM_RD, = 0
gpu_min_MEM_WR, = 0
gpu_min_MEM_PRE, = 0
gpu_min_L2_RH, = 28
gpu_min_L2_RM, = 0
gpu_min_L2_WH, = 0
gpu_min_L2_WM, = 0
gpu_min_NOC_A, = 34
gpu_min_PIPE_A, = 0.000466667
gpu_min_IDLE_CORE_N, = 13
gpu_min_CONST_DYNAMICN = 0

Accumulative Power Statistics Over Previous Kernels:
gpu_tot_avg_power = 26.3394
gpu_tot_max_power = 34.0712
gpu_tot_min_power = 17.5244


kernel_name = _Z20needle_cuda_shared_2PiS_iiii 
kernel_launch_uid = 23 

Kernel Average Power Data:
kernel_avg_power = 33.5352
gpu_avg_IBP, = 0.000101918
gpu_avg_ICP, = 0.004685
gpu_avg_DCP, = 0.00348626
gpu_avg_TCP, = 0
gpu_avg_CCP, = 0.000645812
gpu_avg_SHRDP, = 0.0646436
gpu_avg_RFP, = 0.0309422
gpu_avg_SPP, = 0.00379424
gpu_avg_SFUP, = 0.00264968
gpu_avg_FPUP, = 0
gpu_avg_SCHEDP, = 0.00136401
gpu_avg_L2CP, = 0.0831736
gpu_avg_MCP, = 1.17738
gpu_avg_NOCP, = 0.0463321
gpu_avg_DRAMP, = 0.0038348
gpu_avg_PIPEP, = 0.0341915
gpu_avg_IDLE_COREP, = 22.2543
gpu_avg_CONST_DYNAMICP = 9.82366
gpu_avg_TOT_INST, = 20.1429
gpu_avg_FP_INT, = 17.75
gpu_avg_IC_H, = 8.78571
gpu_avg_IC_M, = 1.28571
gpu_avg_DC_RH, = 0.0357143
gpu_avg_DC_RM, = 1.21429
gpu_avg_DC_WH, = 0.571429
gpu_avg_DC_WM, = 0.0357143
gpu_avg_TC_H, = 0
gpu_avg_TC_M, = 0
gpu_avg_CC_H, = 0.357143
gpu_avg_CC_M, = 0
gpu_avg_SHRD_ACC, = 21.7857
gpu_avg_REG_RD, = 872
gpu_avg_REG_WR, = 498.286
gpu_avg_NON_REG_OPs, = 241.143
gpu_avg_SP_ACC, = 1005.71
gpu_avg_SFU_ACC, = 39.1429
gpu_avg_FPU_ACC, = 0
gpu_avg_MEM_RD, = 0.107143
gpu_avg_MEM_WR, = 0
gpu_avg_MEM_PRE, = 0
gpu_avg_L2_RH, = 9.89286
gpu_avg_L2_RM, = 0
gpu_avg_L2_WH, = 2.28571
gpu_avg_L2_WM, = 0
gpu_avg_NOC_A, = 17.0714
gpu_avg_PIPE_A, = 0.00134286
gpu_avg_IDLE_CORE_N, = 13.9964
gpu_avg_CONST_DYNAMICN = 0

Kernel Maximum Power Data:
kernel_max_power = 34.2087
gpu_max_IBP, = 0.000121434
gpu_max_ICP, = 0.00392511
gpu_max_DCP, = 0.0046025
gpu_max_TCP, = 0
gpu_max_CCP, = 0
gpu_max_SHRDP, = 0.0207707
gpu_max_RFP, = 0.0333421
gpu_max_SPP, = 0
gpu_max_SFUP, = 0
gpu_max_FPUP, = 0
gpu_max_SCHEDP, = 0.00176745
gpu_max_L2CP, = 0.65195
gpu_max_MCP, = 1.17784
gpu_max_NOCP, = 0.189981
gpu_max_DRAMP, = 0
gpu_max_PIPEP, = 0.0407388
gpu_max_IDLE_COREP, = 22.26
gpu_max_CONST_DYNAMICP = 9.82366
gpu_max_TOT_INST, = 24
gpu_max_FP_INT, = 23
gpu_max_IC_H, = 10
gpu_max_IC_M, = 1
gpu_max_DC_RH, = 0
gpu_max_DC_RM, = 0
gpu_max_DC_WH, = 8
gpu_max_DC_WM, = 1
gpu_max_TC_H, = 0
gpu_max_TC_M, = 0
gpu_max_CC_H, = 0
gpu_max_CC_M, = 0
gpu_max_SHRD_ACC, = 7
gpu_max_REG_RD, = 1248
gpu_max_REG_WR, = 480
gpu_max_NON_REG_OPs, = 224
gpu_max_SP_ACC, = 0
gpu_max_SFU_ACC, = 0
gpu_max_FPU_ACC, = 0
gpu_max_MEM_RD, = 0
gpu_max_MEM_WR, = 0
gpu_max_MEM_PRE, = 0
gpu_max_L2_RH, = 8
gpu_max_L2_RM, = 0
gpu_max_L2_WH, = 32
gpu_max_L2_WM, = 0
gpu_max_NOC_A, = 70
gpu_max_PIPE_A, = 0.0016
gpu_max_IDLE_CORE_N, = 14
gpu_max_CONST_DYNAMICN = 0

Kernel Minimum Power Data:
kernel_min_power = 33.3621
gpu_min_IBP, = 4.0478e-05
gpu_min_ICP, = 0.000355233
gpu_min_DCP, = 0.00770167
gpu_min_TCP, = 0
gpu_min_CCP, = 0
gpu_min_SHRDP, = 0.0059345
gpu_min_RFP, = 0.0126971
gpu_min_SPP, = 0
gpu_min_SFUP, = 0
gpu_min_FPUP, = 0
gpu_min_SCHEDP, = 0.000614764
gpu_min_L2CP, = 0.0314165
gpu_min_MCP, = 1.17798
gpu_min_NOCP, = 0.0298541
gpu_min_DRAMP, = 0
gpu_min_PIPEP, = 0.0118821
gpu_min_IDLE_COREP, = 22.26
gpu_min_CONST_DYNAMICP = 9.82366
gpu_min_TOT_INST, = 8
gpu_min_FP_INT, = 8
gpu_min_IC_H, = 4
gpu_min_IC_M, = 0
gpu_min_DC_RH, = 0
gpu_min_DC_RM, = 3
gpu_min_DC_WH, = 0
gpu_min_DC_WM, = 0
gpu_min_TC_H, = 0
gpu_min_TC_M, = 0
gpu_min_CC_H, = 0
gpu_min_CC_M, = 0
gpu_min_SHRD_ACC, = 2
gpu_min_REG_RD, = 416
gpu_min_REG_WR, = 160
gpu_min_NON_REG_OPs, = 96
gpu_min_SP_ACC, = 0
gpu_min_SFU_ACC, = 0
gpu_min_FPU_ACC, = 0
gpu_min_MEM_RD, = 0
gpu_min_MEM_WR, = 0
gpu_min_MEM_PRE, = 0
gpu_min_L2_RH, = 8
gpu_min_L2_RM, = 0
gpu_min_L2_WH, = 0
gpu_min_L2_WM, = 0
gpu_min_NOC_A, = 11
gpu_min_PIPE_A, = 0.000466667
gpu_min_IDLE_CORE_N, = 14
gpu_min_CONST_DYNAMICN = 0

Accumulative Power Statistics Over Previous Kernels:
gpu_tot_avg_power = 26.6361
gpu_tot_max_power = 34.2087
gpu_tot_min_power = 17.5244


