kernel_name = _Z20needle_cuda_shared_1PiS_iiii 
kernel_launch_uid = 1 

Kernel Average Power Data:
kernel_avg_power = 33.599
gpu_avg_IBP, = 7.72277e-05
gpu_avg_ICP, = 0.00354838
gpu_avg_DCP, = 0.00256882
gpu_avg_TCP, = 0
gpu_avg_CCP, = 0.000406827
gpu_avg_SHRDP, = 0.0476321
gpu_avg_RFP, = 0.0238604
gpu_avg_SPP, = 0.00358365
gpu_avg_SFUP, = 0.00255094
gpu_avg_FPUP, = 0
gpu_avg_SCHEDP, = 0.00103741
gpu_avg_L2CP, = 0.0437954
gpu_avg_MCP, = 1.1846
gpu_avg_NOCP, = 0.034068
gpu_avg_DRAMP, = 0.141594
gpu_avg_PIPEP, = 0.0259084
gpu_avg_IDLE_COREP, = 22.2601
gpu_avg_CONST_DYNAMICP = 9.82366
gpu_avg_TOT_INST, = 15.2632
gpu_avg_FP_INT, = 13.5
gpu_avg_IC_H, = 6.65789
gpu_avg_IC_M, = 0.973684
gpu_avg_DC_RH, = 0.0263158
gpu_avg_DC_RM, = 0.894737
gpu_avg_DC_WH, = 0.421053
gpu_avg_DC_WM, = 0.0263158
gpu_avg_TC_H, = 0
gpu_avg_TC_M, = 0
gpu_avg_CC_H, = 0.131579
gpu_avg_CC_M, = 0.131579
gpu_avg_SHRD_ACC, = 16.0526
gpu_avg_REG_RD, = 658.526
gpu_avg_REG_WR, = 384.842
gpu_avg_NON_REG_OPs, = 187.789
gpu_avg_SP_ACC, = 949.895
gpu_avg_SFU_ACC, = 37.6842
gpu_avg_FPU_ACC, = 0
gpu_avg_MEM_RD, = 3.94737
gpu_avg_MEM_WR, = 0
gpu_avg_MEM_PRE, = 0.0526316
gpu_avg_L2_RH, = 3.57895
gpu_avg_L2_RM, = 1
gpu_avg_L2_WH, = 1.52632
gpu_avg_L2_WM, = 0
gpu_avg_NOC_A, = 12.5526
gpu_avg_PIPE_A, = 0.00101754
gpu_avg_IDLE_CORE_N, = 14.0001
gpu_avg_CONST_DYNAMICN = 0

Kernel Maximum Power Data:
kernel_max_power = 34.0712
gpu_max_IBP, = 9.10754e-05
gpu_max_ICP, = 0.00365869
gpu_max_DCP, = 0.00105531
gpu_max_TCP, = 0
gpu_max_CCP, = 0
gpu_max_SHRDP, = 0.0148362
gpu_max_RFP, = 0.03068
gpu_max_SPP, = 0.00869226
gpu_max_SFUP, = 0
gpu_max_FPUP, = 0
gpu_max_SCHEDP, = 0.00138322
gpu_max_L2CP, = 0.310409
gpu_max_MCP, = 1.192
gpu_max_NOCP, = 0.111275
gpu_max_DRAMP, = 0.286332
gpu_max_PIPEP, = 0.0271592
gpu_max_IDLE_COREP, = 22.26
gpu_max_CONST_DYNAMICP = 9.82366
gpu_max_TOT_INST, = 18
gpu_max_FP_INT, = 18
gpu_max_IC_H, = 7
gpu_max_IC_M, = 1
gpu_max_DC_RH, = 0
gpu_max_DC_RM, = 0
gpu_max_DC_WH, = 4
gpu_max_DC_WM, = 0
gpu_max_TC_H, = 0
gpu_max_TC_M, = 0
gpu_max_CC_H, = 0
gpu_max_CC_M, = 0
gpu_max_SHRD_ACC, = 5
gpu_max_REG_RD, = 832
gpu_max_REG_WR, = 384
gpu_max_NON_REG_OPs, = 256
gpu_max_SP_ACC, = 2304
gpu_max_SFU_ACC, = 0
gpu_max_FPU_ACC, = 0
gpu_max_MEM_RD, = 8
gpu_max_MEM_WR, = 0
gpu_max_MEM_PRE, = 0
gpu_max_L2_RH, = 0
gpu_max_L2_RM, = 1
gpu_max_L2_WH, = 16
gpu_max_L2_WM, = 0
gpu_max_NOC_A, = 41
gpu_max_PIPE_A, = 0.00106667
gpu_max_IDLE_CORE_N, = 14
gpu_max_CONST_DYNAMICN = 0

Kernel Minimum Power Data:
kernel_min_power = 33.3622
gpu_min_IBP, = 2.0239e-05
gpu_min_ICP, = 0.00321465
gpu_min_DCP, = 0.00770167
gpu_min_TCP, = 0
gpu_min_CCP, = 0
gpu_min_SHRDP, = 0.0059345
gpu_min_RFP, = 0.00907762
gpu_min_SPP, = 0
gpu_min_SFUP, = 0
gpu_min_FPUP, = 0
gpu_min_SCHEDP, = 0.000307382
gpu_min_L2CP, = 0.0315593
gpu_min_MCP, = 1.17798
gpu_min_NOCP, = 0.0325681
gpu_min_DRAMP, = 0
gpu_min_PIPEP, = 0.0101847
gpu_min_IDLE_COREP, = 22.26
gpu_min_CONST_DYNAMICP = 9.82366
gpu_min_TOT_INST, = 4
gpu_min_FP_INT, = 4
gpu_min_IC_H, = 2
gpu_min_IC_M, = 1
gpu_min_DC_RH, = 0
gpu_min_DC_RM, = 3
gpu_min_DC_WH, = 0
gpu_min_DC_WM, = 0
gpu_min_TC_H, = 0
gpu_min_TC_M, = 0
gpu_min_CC_H, = 0
gpu_min_CC_M, = 0
gpu_min_SHRD_ACC, = 2
gpu_min_REG_RD, = 320
gpu_min_REG_WR, = 128
gpu_min_NON_REG_OPs, = 64
gpu_min_SP_ACC, = 0
gpu_min_SFU_ACC, = 0
gpu_min_FPU_ACC, = 0
gpu_min_MEM_RD, = 0
gpu_min_MEM_WR, = 0
gpu_min_MEM_PRE, = 0
gpu_min_L2_RH, = 8
gpu_min_L2_RM, = 1
gpu_min_L2_WH, = 0
gpu_min_L2_WM, = 0
gpu_min_NOC_A, = 12
gpu_min_PIPE_A, = 0.0004
gpu_min_IDLE_CORE_N, = 14
gpu_min_CONST_DYNAMICN = 0

Accumulative Power Statistics Over Previous Kernels:
gpu_tot_avg_power = 33.599
gpu_tot_max_power = 34.0712
gpu_tot_min_power = 33.3622


kernel_name = _Z20needle_cuda_shared_1PiS_iiii 
kernel_launch_uid = 2 

Kernel Average Power Data:
kernel_avg_power = 32.1976
gpu_avg_IBP, = 0.00020239
gpu_avg_ICP, = 0.00929921
gpu_avg_DCP, = 0.012458
gpu_avg_TCP, = 0
gpu_avg_CCP, = 0.00106617
gpu_avg_SHRDP, = 0.124829
gpu_avg_RFP, = 0.0625307
gpu_avg_SPP, = 0.00939164
gpu_avg_SFUP, = 0.00668522
gpu_avg_FPUP, = 0
gpu_avg_SCHEDP, = 0.00271874
gpu_avg_L2CP, = 0.139645
gpu_avg_MCP, = 1.17947
gpu_avg_NOCP, = 0.0844151
gpu_avg_DRAMP, = 0
gpu_avg_PIPEP, = 0.0678979
gpu_avg_IDLE_COREP, = 20.6733
gpu_avg_CONST_DYNAMICP = 9.82366
gpu_avg_TOT_INST, = 40
gpu_avg_FP_INT, = 35.3793
gpu_avg_IC_H, = 17.4483
gpu_avg_IC_M, = 2.55172
gpu_avg_DC_RH, = 1.03448
gpu_avg_DC_RM, = 2.34483
gpu_avg_DC_WH, = 1.10345
gpu_avg_DC_WM, = 0.965517
gpu_avg_TC_H, = 0
gpu_avg_TC_M, = 0
gpu_avg_CC_H, = 0.344828
gpu_avg_CC_M, = 0.344828
gpu_avg_SHRD_ACC, = 42.069
gpu_avg_REG_RD, = 1725.79
gpu_avg_REG_WR, = 1008.55
gpu_avg_NON_REG_OPs, = 492.138
gpu_avg_SP_ACC, = 2489.38
gpu_avg_SFU_ACC, = 98.7586
gpu_avg_FPU_ACC, = 0
gpu_avg_MEM_RD, = 0
gpu_avg_MEM_WR, = 0
gpu_avg_MEM_PRE, = 0
gpu_avg_L2_RH, = 19.7241
gpu_avg_L2_RM, = 0
gpu_avg_L2_WH, = 3.2069
gpu_avg_L2_WM, = 0
gpu_avg_NOC_A, = 31.1034
gpu_avg_PIPE_A, = 0.00266667
gpu_avg_IDLE_CORE_N, = 13.0021
gpu_avg_CONST_DYNAMICN = 0

Kernel Maximum Power Data:
kernel_max_power = 33.2369
gpu_max_IBP, = 0.000263107
gpu_max_ICP, = 0.0141019
gpu_max_DCP, = 0.0446189
gpu_max_TCP, = 0
gpu_max_CCP, = 0
gpu_max_SHRDP, = 0.047476
gpu_max_RFP, = 0.0807793
gpu_max_SPP, = 0.00289742
gpu_max_SFUP, = 0
gpu_max_FPUP, = 0
gpu_max_SCHEDP, = 0.00399597
gpu_max_L2CP, = 0.954849
gpu_max_MCP, = 1.19559
gpu_max_NOCP, = 0.312111
gpu_max_DRAMP, = 0
gpu_max_PIPEP, = 0.0865699
gpu_max_IDLE_COREP, = 20.67
gpu_max_CONST_DYNAMICP = 9.82366
gpu_max_TOT_INST, = 52
gpu_max_FP_INT, = 52
gpu_max_IC_H, = 22
gpu_max_IC_M, = 4
gpu_max_DC_RH, = 0
gpu_max_DC_RM, = 0
gpu_max_DC_WH, = 18
gpu_max_DC_WM, = 16
gpu_max_TC_H, = 0
gpu_max_TC_M, = 0
gpu_max_CC_H, = 0
gpu_max_CC_M, = 0
gpu_max_SHRD_ACC, = 16
gpu_max_REG_RD, = 2816
gpu_max_REG_WR, = 1120
gpu_max_NON_REG_OPs, = 576
gpu_max_SP_ACC, = 768
gpu_max_SFU_ACC, = 0
gpu_max_FPU_ACC, = 0
gpu_max_MEM_RD, = 0
gpu_max_MEM_WR, = 0
gpu_max_MEM_PRE, = 0
gpu_max_L2_RH, = 16
gpu_max_L2_RM, = 0
gpu_max_L2_WH, = 46
gpu_max_L2_WM, = 0
gpu_max_NOC_A, = 115
gpu_max_PIPE_A, = 0.0034
gpu_max_IDLE_CORE_N, = 13
gpu_max_CONST_DYNAMICN = 0

Kernel Minimum Power Data:
kernel_min_power = 31.8679
gpu_min_IBP, = 6.0717e-05
gpu_min_ICP, = 0.000532849
gpu_min_DCP, = 0.0247351
gpu_min_TCP, = 0
gpu_min_CCP, = 0
gpu_min_SHRDP, = 0.011869
gpu_min_RFP, = 0.0181552
gpu_min_SPP, = 0
gpu_min_SFUP, = 0
gpu_min_FPUP, = 0
gpu_min_SCHEDP, = 0.000922146
gpu_min_L2CP, = 0.0628329
gpu_min_MCP, = 1.1805
gpu_min_NOCP, = 0.0542802
gpu_min_DRAMP, = 0
gpu_min_PIPEP, = 0.0203694
gpu_min_IDLE_COREP, = 20.67
gpu_min_CONST_DYNAMICP = 9.82366
gpu_min_TOT_INST, = 12
gpu_min_FP_INT, = 12
gpu_min_IC_H, = 6
gpu_min_IC_M, = 0
gpu_min_DC_RH, = 4
gpu_min_DC_RM, = 4
gpu_min_DC_WH, = 0
gpu_min_DC_WM, = 0
gpu_min_TC_H, = 0
gpu_min_TC_M, = 0
gpu_min_CC_H, = 0
gpu_min_CC_M, = 0
gpu_min_SHRD_ACC, = 4
gpu_min_REG_RD, = 640
gpu_min_REG_WR, = 256
gpu_min_NON_REG_OPs, = 128
gpu_min_SP_ACC, = 0
gpu_min_SFU_ACC, = 0
gpu_min_FPU_ACC, = 0
gpu_min_MEM_RD, = 0
gpu_min_MEM_WR, = 0
gpu_min_MEM_PRE, = 0
gpu_min_L2_RH, = 16
gpu_min_L2_RM, = 0
gpu_min_L2_WH, = 0
gpu_min_L2_WM, = 0
gpu_min_NOC_A, = 20
gpu_min_PIPE_A, = 0.0008
gpu_min_IDLE_CORE_N, = 13
gpu_min_CONST_DYNAMICN = 0

Accumulative Power Statistics Over Previous Kernels:
gpu_tot_avg_power = 32.9924
gpu_tot_max_power = 34.0712
gpu_tot_min_power = 31.8679


kernel_name = _Z20needle_cuda_shared_2PiS_iiii 
kernel_launch_uid = 3 

Kernel Average Power Data:
kernel_avg_power = 33.6052
gpu_avg_IBP, = 7.92694e-05
gpu_avg_ICP, = 0.00364389
gpu_avg_DCP, = 0.00262766
gpu_avg_TCP, = 0
gpu_avg_CCP, = 0.000429429
gpu_avg_SHRDP, = 0.0502784
gpu_avg_RFP, = 0.0240779
gpu_avg_SPP, = 0.00295108
gpu_avg_SFUP, = 0.00206086
gpu_avg_FPUP, = 0
gpu_avg_SCHEDP, = 0.00106089
gpu_avg_L2CP, = 0.0454665
gpu_avg_MCP, = 1.18465
gpu_avg_NOCP, = 0.0351314
gpu_avg_DRAMP, = 0.142501
gpu_avg_PIPEP, = 0.0264519
gpu_avg_IDLE_COREP, = 22.2601
gpu_avg_CONST_DYNAMICP = 9.82366
gpu_avg_TOT_INST, = 15.6667
gpu_avg_FP_INT, = 13.8056
gpu_avg_IC_H, = 6.83333
gpu_avg_IC_M, = 1
gpu_avg_DC_RH, = 0.0277778
gpu_avg_DC_RM, = 0.944444
gpu_avg_DC_WH, = 0.388889
gpu_avg_DC_WM, = 0
gpu_avg_TC_H, = 0
gpu_avg_TC_M, = 0
gpu_avg_CC_H, = 0.138889
gpu_avg_CC_M, = 0.138889
gpu_avg_SHRD_ACC, = 16.9444
gpu_avg_REG_RD, = 676.444
gpu_avg_REG_WR, = 391.111
gpu_avg_NON_REG_OPs, = 187.556
gpu_avg_SP_ACC, = 782.222
gpu_avg_SFU_ACC, = 30.4444
gpu_avg_FPU_ACC, = 0
gpu_avg_MEM_RD, = 3.97222
gpu_avg_MEM_WR, = 0
gpu_avg_MEM_PRE, = 0.0555556
gpu_avg_L2_RH, = 3.86111
gpu_avg_L2_RM, = 0.972222
gpu_avg_L2_WH, = 1.55556
gpu_avg_L2_WM, = 0
gpu_avg_NOC_A, = 12.9444
gpu_avg_PIPE_A, = 0.00103889
gpu_avg_IDLE_CORE_N, = 14.0001
gpu_avg_CONST_DYNAMICN = 0

Kernel Maximum Power Data:
kernel_max_power = 34.1901
gpu_max_IBP, = 0.000121434
gpu_max_ICP, = 0.00392511
gpu_max_DCP, = 0.00158297
gpu_max_TCP, = 0
gpu_max_CCP, = 0
gpu_max_SHRDP, = 0.0207707
gpu_max_RFP, = 0.0324228
gpu_max_SPP, = 0
gpu_max_SFUP, = 0
gpu_max_FPUP, = 0
gpu_max_SCHEDP, = 0.00176745
gpu_max_L2CP, = 0.387976
gpu_max_MCP, = 1.19209
gpu_max_NOCP, = 0.143843
gpu_max_DRAMP, = 0.286332
gpu_max_PIPEP, = 0.0356464
gpu_max_IDLE_COREP, = 22.26
gpu_max_CONST_DYNAMICP = 9.82366
gpu_max_TOT_INST, = 24
gpu_max_FP_INT, = 23
gpu_max_IC_H, = 10
gpu_max_IC_M, = 1
gpu_max_DC_RH, = 0
gpu_max_DC_RM, = 0
gpu_max_DC_WH, = 6
gpu_max_DC_WM, = 0
gpu_max_TC_H, = 0
gpu_max_TC_M, = 0
gpu_max_CC_H, = 0
gpu_max_CC_M, = 0
gpu_max_SHRD_ACC, = 7
gpu_max_REG_RD, = 1184
gpu_max_REG_WR, = 448
gpu_max_NON_REG_OPs, = 224
gpu_max_SP_ACC, = 0
gpu_max_SFU_ACC, = 0
gpu_max_FPU_ACC, = 0
gpu_max_MEM_RD, = 8
gpu_max_MEM_WR, = 0
gpu_max_MEM_PRE, = 0
gpu_max_L2_RH, = 0
gpu_max_L2_RM, = 1
gpu_max_L2_WH, = 20
gpu_max_L2_WM, = 0
gpu_max_NOC_A, = 53
gpu_max_PIPE_A, = 0.0014
gpu_max_IDLE_CORE_N, = 14
gpu_max_CONST_DYNAMICN = 0

Kernel Minimum Power Data:
kernel_min_power = 33.3479
gpu_min_IBP, = 2.0239e-05
gpu_min_ICP, = 0.00321465
gpu_min_DCP, = 0.00256722
gpu_min_TCP, = 0
gpu_min_CCP, = 0
gpu_min_SHRDP, = 0.0059345
gpu_min_RFP, = 0.00637737
gpu_min_SPP, = 0
gpu_min_SFUP, = 0
gpu_min_FPUP, = 0
gpu_min_SCHEDP, = 0.000307382
gpu_min_L2CP, = 0.0315593
gpu_min_MCP, = 1.17688
gpu_min_NOCP, = 0.0271401
gpu_min_DRAMP, = 0
gpu_min_PIPEP, = 0.0101847
gpu_min_IDLE_COREP, = 22.26
gpu_min_CONST_DYNAMICP = 9.82366
gpu_min_TOT_INST, = 4
gpu_min_FP_INT, = 4
gpu_min_IC_H, = 2
gpu_min_IC_M, = 1
gpu_min_DC_RH, = 0
gpu_min_DC_RM, = 1
gpu_min_DC_WH, = 0
gpu_min_DC_WM, = 0
gpu_min_TC_H, = 0
gpu_min_TC_M, = 0
gpu_min_CC_H, = 0
gpu_min_CC_M, = 0
gpu_min_SHRD_ACC, = 2
gpu_min_REG_RD, = 288
gpu_min_REG_WR, = 128
gpu_min_NON_REG_OPs, = 32
gpu_min_SP_ACC, = 0
gpu_min_SFU_ACC, = 0
gpu_min_FPU_ACC, = 0
gpu_min_MEM_RD, = 0
gpu_min_MEM_WR, = 0
gpu_min_MEM_PRE, = 0
gpu_min_L2_RH, = 8
gpu_min_L2_RM, = 1
gpu_min_L2_WH, = 0
gpu_min_L2_WM, = 0
gpu_min_NOC_A, = 10
gpu_min_PIPE_A, = 0.0004
gpu_min_IDLE_CORE_N, = 14
gpu_min_CONST_DYNAMICN = 0

Accumulative Power Statistics Over Previous Kernels:
gpu_tot_avg_power = 33.2066
gpu_tot_max_power = 34.1901
gpu_tot_min_power = 31.8679


