kernel_name = _Z20needle_cuda_shared_1PiS_iiii 
kernel_launch_uid = 1 

Kernel Average Power Data:
kernel_avg_power = 33.599
gpu_avg_IBP, = 7.72277e-05
gpu_avg_ICP, = 0.00354838
gpu_avg_DCP, = 0.00256882
gpu_avg_TCP, = 0
gpu_avg_CCP, = 0.000406827
gpu_avg_SHRDP, = 0.0476321
gpu_avg_RFP, = 0.0238604
gpu_avg_SPP, = 0.00358365
gpu_avg_SFUP, = 0.00255094
gpu_avg_FPUP, = 0
gpu_avg_SCHEDP, = 0.00103741
gpu_avg_L2CP, = 0.0437954
gpu_avg_MCP, = 1.1846
gpu_avg_NOCP, = 0.034068
gpu_avg_DRAMP, = 0.141594
gpu_avg_PIPEP, = 0.0259084
gpu_avg_IDLE_COREP, = 22.2601
gpu_avg_CONST_DYNAMICP = 9.82366
gpu_avg_TOT_INST, = 15.2632
gpu_avg_FP_INT, = 13.5
gpu_avg_IC_H, = 6.65789
gpu_avg_IC_M, = 0.973684
gpu_avg_DC_RH, = 0.0263158
gpu_avg_DC_RM, = 0.894737
gpu_avg_DC_WH, = 0.421053
gpu_avg_DC_WM, = 0.0263158
gpu_avg_TC_H, = 0
gpu_avg_TC_M, = 0
gpu_avg_CC_H, = 0.131579
gpu_avg_CC_M, = 0.131579
gpu_avg_SHRD_ACC, = 16.0526
gpu_avg_REG_RD, = 658.526
gpu_avg_REG_WR, = 384.842
gpu_avg_NON_REG_OPs, = 187.789
gpu_avg_SP_ACC, = 949.895
gpu_avg_SFU_ACC, = 37.6842
gpu_avg_FPU_ACC, = 0
gpu_avg_MEM_RD, = 3.94737
gpu_avg_MEM_WR, = 0
gpu_avg_MEM_PRE, = 0.0526316
gpu_avg_L2_RH, = 3.57895
gpu_avg_L2_RM, = 1
gpu_avg_L2_WH, = 1.52632
gpu_avg_L2_WM, = 0
gpu_avg_NOC_A, = 12.5526
gpu_avg_PIPE_A, = 0.00101754
gpu_avg_IDLE_CORE_N, = 14.0001
gpu_avg_CONST_DYNAMICN = 0

Kernel Maximum Power Data:
kernel_max_power = 34.0712
gpu_max_IBP, = 9.10754e-05
gpu_max_ICP, = 0.00365869
gpu_max_DCP, = 0.00105531
gpu_max_TCP, = 0
gpu_max_CCP, = 0
gpu_max_SHRDP, = 0.0148362
gpu_max_RFP, = 0.03068
gpu_max_SPP, = 0.00869226
gpu_max_SFUP, = 0
gpu_max_FPUP, = 0
gpu_max_SCHEDP, = 0.00138322
gpu_max_L2CP, = 0.310409
gpu_max_MCP, = 1.192
gpu_max_NOCP, = 0.111275
gpu_max_DRAMP, = 0.286332
gpu_max_PIPEP, = 0.0271592
gpu_max_IDLE_COREP, = 22.26
gpu_max_CONST_DYNAMICP = 9.82366
gpu_max_TOT_INST, = 18
gpu_max_FP_INT, = 18
gpu_max_IC_H, = 7
gpu_max_IC_M, = 1
gpu_max_DC_RH, = 0
gpu_max_DC_RM, = 0
gpu_max_DC_WH, = 4
gpu_max_DC_WM, = 0
gpu_max_TC_H, = 0
gpu_max_TC_M, = 0
gpu_max_CC_H, = 0
gpu_max_CC_M, = 0
gpu_max_SHRD_ACC, = 5
gpu_max_REG_RD, = 832
gpu_max_REG_WR, = 384
gpu_max_NON_REG_OPs, = 256
gpu_max_SP_ACC, = 2304
gpu_max_SFU_ACC, = 0
gpu_max_FPU_ACC, = 0
gpu_max_MEM_RD, = 8
gpu_max_MEM_WR, = 0
gpu_max_MEM_PRE, = 0
gpu_max_L2_RH, = 0
gpu_max_L2_RM, = 1
gpu_max_L2_WH, = 16
gpu_max_L2_WM, = 0
gpu_max_NOC_A, = 41
gpu_max_PIPE_A, = 0.00106667
gpu_max_IDLE_CORE_N, = 14
gpu_max_CONST_DYNAMICN = 0

Kernel Minimum Power Data:
kernel_min_power = 33.3622
gpu_min_IBP, = 2.0239e-05
gpu_min_ICP, = 0.00321465
gpu_min_DCP, = 0.00770167
gpu_min_TCP, = 0
gpu_min_CCP, = 0
gpu_min_SHRDP, = 0.0059345
gpu_min_RFP, = 0.00907762
gpu_min_SPP, = 0
gpu_min_SFUP, = 0
gpu_min_FPUP, = 0
gpu_min_SCHEDP, = 0.000307382
gpu_min_L2CP, = 0.0315593
gpu_min_MCP, = 1.17798
gpu_min_NOCP, = 0.0325681
gpu_min_DRAMP, = 0
gpu_min_PIPEP, = 0.0101847
gpu_min_IDLE_COREP, = 22.26
gpu_min_CONST_DYNAMICP = 9.82366
gpu_min_TOT_INST, = 4
gpu_min_FP_INT, = 4
gpu_min_IC_H, = 2
gpu_min_IC_M, = 1
gpu_min_DC_RH, = 0
gpu_min_DC_RM, = 3
gpu_min_DC_WH, = 0
gpu_min_DC_WM, = 0
gpu_min_TC_H, = 0
gpu_min_TC_M, = 0
gpu_min_CC_H, = 0
gpu_min_CC_M, = 0
gpu_min_SHRD_ACC, = 2
gpu_min_REG_RD, = 320
gpu_min_REG_WR, = 128
gpu_min_NON_REG_OPs, = 64
gpu_min_SP_ACC, = 0
gpu_min_SFU_ACC, = 0
gpu_min_FPU_ACC, = 0
gpu_min_MEM_RD, = 0
gpu_min_MEM_WR, = 0
gpu_min_MEM_PRE, = 0
gpu_min_L2_RH, = 8
gpu_min_L2_RM, = 1
gpu_min_L2_WH, = 0
gpu_min_L2_WM, = 0
gpu_min_NOC_A, = 12
gpu_min_PIPE_A, = 0.0004
gpu_min_IDLE_CORE_N, = 14
gpu_min_CONST_DYNAMICN = 0

Accumulative Power Statistics Over Previous Kernels:
gpu_tot_avg_power = 33.599
gpu_tot_max_power = 34.0712
gpu_tot_min_power = 33.3622


kernel_name = _Z20needle_cuda_shared_1PiS_iiii 
kernel_launch_uid = 2 

Kernel Average Power Data:
kernel_avg_power = 32.2224
gpu_avg_IBP, = 0.00020239
gpu_avg_ICP, = 0.00929921
gpu_avg_DCP, = 0.0115985
gpu_avg_TCP, = 0
gpu_avg_CCP, = 0.00106617
gpu_avg_SHRDP, = 0.124829
gpu_avg_RFP, = 0.0627896
gpu_avg_SPP, = 0.00939164
gpu_avg_SFUP, = 0.00668522
gpu_avg_FPUP, = 0
gpu_avg_SCHEDP, = 0.00271874
gpu_avg_L2CP, = 0.152137
gpu_avg_MCP, = 1.1796
gpu_avg_NOCP, = 0.0972365
gpu_avg_DRAMP, = 0
gpu_avg_PIPEP, = 0.0678979
gpu_avg_IDLE_COREP, = 20.6733
gpu_avg_CONST_DYNAMICP = 9.82366
gpu_avg_TOT_INST, = 40
gpu_avg_FP_INT, = 35.3793
gpu_avg_IC_H, = 17.4483
gpu_avg_IC_M, = 2.55172
gpu_avg_DC_RH, = 0.0689655
gpu_avg_DC_RM, = 3.31034
gpu_avg_DC_WH, = 1.03448
gpu_avg_DC_WM, = 1.03448
gpu_avg_TC_H, = 0
gpu_avg_TC_M, = 0
gpu_avg_CC_H, = 0.344828
gpu_avg_CC_M, = 0.344828
gpu_avg_SHRD_ACC, = 42.069
gpu_avg_REG_RD, = 1725.79
gpu_avg_REG_WR, = 1039.45
gpu_avg_NON_REG_OPs, = 492.138
gpu_avg_SP_ACC, = 2489.38
gpu_avg_SFU_ACC, = 98.7586
gpu_avg_FPU_ACC, = 0
gpu_avg_MEM_RD, = 0
gpu_avg_MEM_WR, = 0
gpu_avg_MEM_PRE, = 0
gpu_avg_L2_RH, = 23.5862
gpu_avg_L2_RM, = 0
gpu_avg_L2_WH, = 3.06897
gpu_avg_L2_WM, = 0
gpu_avg_NOC_A, = 35.8276
gpu_avg_PIPE_A, = 0.00266667
gpu_avg_IDLE_CORE_N, = 13.0021
gpu_avg_CONST_DYNAMICN = 0

Kernel Maximum Power Data:
kernel_max_power = 33.2846
gpu_max_IBP, = 0.00020239
gpu_max_ICP, = 0.00749499
gpu_max_DCP, = 0.0330684
gpu_max_TCP, = 0
gpu_max_CCP, = 0
gpu_max_SHRDP, = 0.035607
gpu_max_RFP, = 0.0557679
gpu_max_SPP, = 0
gpu_max_SFUP, = 0
gpu_max_FPUP, = 0
gpu_max_SCHEDP, = 0.00292013
gpu_max_L2CP, = 1.09059
gpu_max_MCP, = 1.19071
gpu_max_NOCP, = 0.306683
gpu_max_DRAMP, = 0
gpu_max_PIPEP, = 0.0678979
gpu_max_IDLE_COREP, = 20.67
gpu_max_CONST_DYNAMICP = 9.82366
gpu_max_TOT_INST, = 40
gpu_max_FP_INT, = 38
gpu_max_IC_H, = 16
gpu_max_IC_M, = 2
gpu_max_DC_RH, = 0
gpu_max_DC_RM, = 0
gpu_max_DC_WH, = 12
gpu_max_DC_WM, = 12
gpu_max_TC_H, = 0
gpu_max_TC_M, = 0
gpu_max_CC_H, = 0
gpu_max_CC_M, = 0
gpu_max_SHRD_ACC, = 12
gpu_max_REG_RD, = 2048
gpu_max_REG_WR, = 768
gpu_max_NON_REG_OPs, = 384
gpu_max_SP_ACC, = 0
gpu_max_SFU_ACC, = 0
gpu_max_FPU_ACC, = 0
gpu_max_MEM_RD, = 0
gpu_max_MEM_WR, = 0
gpu_max_MEM_PRE, = 0
gpu_max_L2_RH, = 16
gpu_max_L2_RM, = 0
gpu_max_L2_WH, = 53
gpu_max_L2_WM, = 0
gpu_max_NOC_A, = 113
gpu_max_PIPE_A, = 0.00266667
gpu_max_IDLE_CORE_N, = 13
gpu_max_CONST_DYNAMICN = 0

Kernel Minimum Power Data:
kernel_min_power = 32.0052
gpu_min_IBP, = 0.000222629
gpu_min_ICP, = 0.00767261
gpu_min_DCP, = 0
gpu_min_TCP, = 0
gpu_min_CCP, = 0
gpu_min_SHRDP, = 0.0890175
gpu_min_RFP, = 0.0592537
gpu_min_SPP, = 0
gpu_min_SFUP, = 0
gpu_min_FPUP, = 0
gpu_min_SCHEDP, = 0.00284328
gpu_min_L2CP, = 0.0628329
gpu_min_MCP, = 1.17634
gpu_min_NOCP, = 0.0488522
gpu_min_DRAMP, = 0
gpu_min_PIPEP, = 0.0645031
gpu_min_IDLE_COREP, = 20.67
gpu_min_CONST_DYNAMICP = 9.82366
gpu_min_TOT_INST, = 44
gpu_min_FP_INT, = 37
gpu_min_IC_H, = 18
gpu_min_IC_M, = 2
gpu_min_DC_RH, = 0
gpu_min_DC_RM, = 0
gpu_min_DC_WH, = 0
gpu_min_DC_WM, = 0
gpu_min_TC_H, = 0
gpu_min_TC_M, = 0
gpu_min_CC_H, = 0
gpu_min_CC_M, = 0
gpu_min_SHRD_ACC, = 30
gpu_min_REG_RD, = 1792
gpu_min_REG_WR, = 928
gpu_min_NON_REG_OPs, = 448
gpu_min_SP_ACC, = 0
gpu_min_SFU_ACC, = 0
gpu_min_FPU_ACC, = 0
gpu_min_MEM_RD, = 0
gpu_min_MEM_WR, = 0
gpu_min_MEM_PRE, = 0
gpu_min_L2_RH, = 16
gpu_min_L2_RM, = 0
gpu_min_L2_WH, = 0
gpu_min_L2_WM, = 0
gpu_min_NOC_A, = 18
gpu_min_PIPE_A, = 0.00253333
gpu_min_IDLE_CORE_N, = 13
gpu_min_CONST_DYNAMICN = 0

Accumulative Power Statistics Over Previous Kernels:
gpu_tot_avg_power = 33.0031
gpu_tot_max_power = 34.0712
gpu_tot_min_power = 32.0052


kernel_name = _Z20needle_cuda_shared_1PiS_iiii 
kernel_launch_uid = 3 

Kernel Average Power Data:
kernel_avg_power = 30.9099
gpu_avg_IBP, = 0.000303585
gpu_avg_ICP, = 0.0139488
gpu_avg_DCP, = 0.0100981
gpu_avg_TCP, = 0
gpu_avg_CCP, = 0.00159925
gpu_avg_SHRDP, = 0.187244
gpu_avg_RFP, = 0.093796
gpu_avg_SPP, = 0.0140875
gpu_avg_SFUP, = 0.0100278
gpu_avg_FPUP, = 0
gpu_avg_SCHEDP, = 0.00407811
gpu_avg_L2CP, = 0.237886
gpu_avg_MCP, = 1.17878
gpu_avg_NOCP, = 0.134671
gpu_avg_DRAMP, = 0
gpu_avg_PIPEP, = 0.101847
gpu_avg_IDLE_COREP, = 19.0979
gpu_avg_CONST_DYNAMICP = 9.82366
gpu_avg_TOT_INST, = 60
gpu_avg_FP_INT, = 53.069
gpu_avg_IC_H, = 26.1724
gpu_avg_IC_M, = 3.82759
gpu_avg_DC_RH, = 0.103448
gpu_avg_DC_RM, = 3.51724
gpu_avg_DC_WH, = 1.65517
gpu_avg_DC_WM, = 0.103448
gpu_avg_TC_H, = 0
gpu_avg_TC_M, = 0
gpu_avg_CC_H, = 0.517241
gpu_avg_CC_M, = 0.517241
gpu_avg_SHRD_ACC, = 63.1034
gpu_avg_REG_RD, = 2588.69
gpu_avg_REG_WR, = 1512.83
gpu_avg_NON_REG_OPs, = 738.207
gpu_avg_SP_ACC, = 3734.07
gpu_avg_SFU_ACC, = 148.138
gpu_avg_FPU_ACC, = 0
gpu_avg_MEM_RD, = 0
gpu_avg_MEM_WR, = 0
gpu_avg_MEM_PRE, = 0
gpu_avg_L2_RH, = 29.5862
gpu_avg_L2_RM, = 0
gpu_avg_L2_WH, = 6.27586
gpu_avg_L2_WM, = 0
gpu_avg_NOC_A, = 49.6207
gpu_avg_PIPE_A, = 0.004
gpu_avg_IDLE_CORE_N, = 12.0112
gpu_avg_CONST_DYNAMICN = 0

Kernel Maximum Power Data:
kernel_max_power = 33.3535
gpu_max_IBP, = 0.000303585
gpu_max_ICP, = 0.0112425
gpu_max_DCP, = 0.013016
gpu_max_TCP, = 0
gpu_max_CCP, = 0
gpu_max_SHRDP, = 0.0534105
gpu_max_RFP, = 0.0836519
gpu_max_SPP, = 0
gpu_max_SFUP, = 0
gpu_max_FPUP, = 0
gpu_max_SCHEDP, = 0.00438019
gpu_max_L2CP, = 2.38247
gpu_max_MCP, = 1.18073
gpu_max_NOCP, = 0.618795
gpu_max_DRAMP, = 0
gpu_max_PIPEP, = 0.101847
gpu_max_IDLE_COREP, = 19.08
gpu_max_CONST_DYNAMICP = 9.82366
gpu_max_TOT_INST, = 60
gpu_max_FP_INT, = 57
gpu_max_IC_H, = 24
gpu_max_IC_M, = 3
gpu_max_DC_RH, = 0
gpu_max_DC_RM, = 0
gpu_max_DC_WH, = 21
gpu_max_DC_WM, = 3
gpu_max_TC_H, = 0
gpu_max_TC_M, = 0
gpu_max_CC_H, = 0
gpu_max_CC_M, = 0
gpu_max_SHRD_ACC, = 18
gpu_max_REG_RD, = 3072
gpu_max_REG_WR, = 1152
gpu_max_NON_REG_OPs, = 576
gpu_max_SP_ACC, = 0
gpu_max_SFU_ACC, = 0
gpu_max_FPU_ACC, = 0
gpu_max_MEM_RD, = 0
gpu_max_MEM_WR, = 0
gpu_max_MEM_PRE, = 0
gpu_max_L2_RH, = 24
gpu_max_L2_RM, = 0
gpu_max_L2_WH, = 118
gpu_max_L2_WM, = 0
gpu_max_NOC_A, = 228
gpu_max_PIPE_A, = 0.004
gpu_max_IDLE_CORE_N, = 12
gpu_max_CONST_DYNAMICN = 0

Kernel Minimum Power Data:
kernel_min_power = 30.3522
gpu_min_IBP, = 9.10754e-05
gpu_min_ICP, = 0.000799274
gpu_min_DCP, = 0.0154033
gpu_min_TCP, = 0
gpu_min_CCP, = 0
gpu_min_SHRDP, = 0.0178035
gpu_min_RFP, = 0.0272329
gpu_min_SPP, = 0
gpu_min_SFUP, = 0
gpu_min_FPUP, = 0
gpu_min_SCHEDP, = 0.00138322
gpu_min_L2CP, = 0.0942494
gpu_min_MCP, = 1.17962
gpu_min_NOCP, = 0.0814204
gpu_min_DRAMP, = 0
gpu_min_PIPEP, = 0.0305541
gpu_min_IDLE_COREP, = 19.08
gpu_min_CONST_DYNAMICP = 9.82366
gpu_min_TOT_INST, = 18
gpu_min_FP_INT, = 18
gpu_min_IC_H, = 9
gpu_min_IC_M, = 0
gpu_min_DC_RH, = 0
gpu_min_DC_RM, = 6
gpu_min_DC_WH, = 0
gpu_min_DC_WM, = 0
gpu_min_TC_H, = 0
gpu_min_TC_M, = 0
gpu_min_CC_H, = 0
gpu_min_CC_M, = 0
gpu_min_SHRD_ACC, = 6
gpu_min_REG_RD, = 960
gpu_min_REG_WR, = 384
gpu_min_NON_REG_OPs, = 192
gpu_min_SP_ACC, = 0
gpu_min_SFU_ACC, = 0
gpu_min_FPU_ACC, = 0
gpu_min_MEM_RD, = 0
gpu_min_MEM_WR, = 0
gpu_min_MEM_PRE, = 0
gpu_min_L2_RH, = 24
gpu_min_L2_RM, = 0
gpu_min_L2_WH, = 0
gpu_min_L2_WM, = 0
gpu_min_NOC_A, = 30
gpu_min_PIPE_A, = 0.0012
gpu_min_IDLE_CORE_N, = 12
gpu_min_CONST_DYNAMICN = 0

Accumulative Power Statistics Over Previous Kernels:
gpu_tot_avg_power = 32.3708
gpu_tot_max_power = 34.0712
gpu_tot_min_power = 30.3522


kernel_name = _Z20needle_cuda_shared_1PiS_iiii 
kernel_launch_uid = 4 

Kernel Average Power Data:
kernel_avg_power = 29.592
gpu_avg_IBP, = 0.000403384
gpu_avg_ICP, = 0.0185923
gpu_avg_DCP, = 0.0231607
gpu_avg_TCP, = 0
gpu_avg_CCP, = 0.00213234
gpu_avg_SHRDP, = 0.249351
gpu_avg_RFP, = 0.125225
gpu_avg_SPP, = 0.0187833
gpu_avg_SFUP, = 0.0133704
gpu_avg_FPUP, = 0
gpu_avg_SCHEDP, = 0.00542158
gpu_avg_L2CP, = 0.295166
gpu_avg_MCP, = 1.18286
gpu_avg_NOCP, = 0.190823
gpu_avg_DRAMP, = 0
gpu_avg_PIPEP, = 0.135093
gpu_avg_IDLE_COREP, = 17.508
gpu_avg_CONST_DYNAMICP = 9.82366
gpu_avg_TOT_INST, = 79.7241
gpu_avg_FP_INT, = 70.5517
gpu_avg_IC_H, = 34.8276
gpu_avg_IC_M, = 5.10345
gpu_avg_DC_RH, = 0.137931
gpu_avg_DC_RM, = 6.62069
gpu_avg_DC_WH, = 1.93103
gpu_avg_DC_WM, = 2.06897
gpu_avg_TC_H, = 0
gpu_avg_TC_M, = 0
gpu_avg_CC_H, = 0.689655
gpu_avg_CC_M, = 0.689655
gpu_avg_SHRD_ACC, = 84.0345
gpu_avg_REG_RD, = 3438.34
gpu_avg_REG_WR, = 2072.28
gpu_avg_NON_REG_OPs, = 982.069
gpu_avg_SP_ACC, = 4978.76
gpu_avg_SFU_ACC, = 197.517
gpu_avg_FPU_ACC, = 0
gpu_avg_MEM_RD, = 0
gpu_avg_MEM_WR, = 0
gpu_avg_MEM_PRE, = 0
gpu_avg_L2_RH, = 46.8966
gpu_avg_L2_RM, = 0
gpu_avg_L2_WH, = 5.72414
gpu_avg_L2_WM, = 0
gpu_avg_NOC_A, = 70.3103
gpu_avg_PIPE_A, = 0.00530575
gpu_avg_IDLE_CORE_N, = 11.0113
gpu_avg_CONST_DYNAMICN = 0

Kernel Maximum Power Data:
kernel_max_power = 31.9605
gpu_max_IBP, = 0.000485736
gpu_max_ICP, = 0.0280262
gpu_max_DCP, = 0.103661
gpu_max_TCP, = 0
gpu_max_CCP, = 0
gpu_max_SHRDP, = 0.0919847
gpu_max_RFP, = 0.147732
gpu_max_SPP, = 0
gpu_max_SFUP, = 0
gpu_max_FPUP, = 0
gpu_max_SCHEDP, = 0.00722348
gpu_max_L2CP, = 2.20794
gpu_max_MCP, = 1.22167
gpu_max_NOCP, = 0.664933
gpu_max_DRAMP, = 0
gpu_max_PIPEP, = 0.17314
gpu_max_IDLE_COREP, = 17.49
gpu_max_CONST_DYNAMICP = 9.82366
gpu_max_TOT_INST, = 96
gpu_max_FP_INT, = 94
gpu_max_IC_H, = 42
gpu_max_IC_M, = 8
gpu_max_DC_RH, = 0
gpu_max_DC_RM, = 0
gpu_max_DC_WH, = 34
gpu_max_DC_WM, = 38
gpu_max_TC_H, = 0
gpu_max_TC_M, = 0
gpu_max_CC_H, = 0
gpu_max_CC_M, = 0
gpu_max_SHRD_ACC, = 31
gpu_max_REG_RD, = 5312
gpu_max_REG_WR, = 2112
gpu_max_NON_REG_OPs, = 1024
gpu_max_SP_ACC, = 0
gpu_max_SFU_ACC, = 0
gpu_max_FPU_ACC, = 0
gpu_max_MEM_RD, = 0
gpu_max_MEM_WR, = 0
gpu_max_MEM_PRE, = 0
gpu_max_L2_RH, = 24
gpu_max_L2_RM, = 0
gpu_max_L2_WH, = 109
gpu_max_L2_WM, = 0
gpu_max_NOC_A, = 245
gpu_max_PIPE_A, = 0.0068
gpu_max_IDLE_CORE_N, = 11
gpu_max_CONST_DYNAMICN = 0

Kernel Minimum Power Data:
kernel_min_power = 29.0403
gpu_min_IBP, = 0.000283346
gpu_min_ICP, = 0.0021314
gpu_min_DCP, = 0.0308067
gpu_min_TCP, = 0
gpu_min_CCP, = 0
gpu_min_SHRDP, = 0.011869
gpu_min_RFP, = 0.0909299
gpu_min_SPP, = 0.0347691
gpu_min_SFUP, = 0.0303263
gpu_min_FPUP, = 0
gpu_min_SCHEDP, = 0.00430335
gpu_min_L2CP, = 0.137447
gpu_min_MCP, = 1.18291
gpu_min_NOCP, = 0.119417
gpu_min_DRAMP, = 0
gpu_min_PIPEP, = 0.0814775
gpu_min_IDLE_COREP, = 17.49
gpu_min_CONST_DYNAMICP = 9.82366
gpu_min_TOT_INST, = 56
gpu_min_FP_INT, = 56
gpu_min_IC_H, = 24
gpu_min_IC_M, = 0
gpu_min_DC_RH, = 0
gpu_min_DC_RM, = 12
gpu_min_DC_WH, = 0
gpu_min_DC_WM, = 0
gpu_min_TC_H, = 0
gpu_min_TC_M, = 0
gpu_min_CC_H, = 0
gpu_min_CC_M, = 0
gpu_min_SHRD_ACC, = 4
gpu_min_REG_RD, = 2176
gpu_min_REG_WR, = 1408
gpu_min_NON_REG_OPs, = 768
gpu_min_SP_ACC, = 9216
gpu_min_SFU_ACC, = 448
gpu_min_FPU_ACC, = 0
gpu_min_MEM_RD, = 0
gpu_min_MEM_WR, = 0
gpu_min_MEM_PRE, = 0
gpu_min_L2_RH, = 35
gpu_min_L2_RM, = 0
gpu_min_L2_WH, = 0
gpu_min_L2_WM, = 0
gpu_min_NOC_A, = 44
gpu_min_PIPE_A, = 0.0032
gpu_min_IDLE_CORE_N, = 11
gpu_min_CONST_DYNAMICN = 0

Accumulative Power Statistics Over Previous Kernels:
gpu_tot_avg_power = 31.7261
gpu_tot_max_power = 34.0712
gpu_tot_min_power = 29.0403


kernel_name = _Z20needle_cuda_shared_2PiS_iiii 
kernel_launch_uid = 5 

Kernel Average Power Data:
kernel_avg_power = 30.8274
gpu_avg_IBP, = 0.000235559
gpu_avg_ICP, = 0.0109144
gpu_avg_DCP, = 0.00789031
gpu_avg_TCP, = 0
gpu_avg_CCP, = 0.00128829
gpu_avg_SHRDP, = 0.150588
gpu_avg_RFP, = 0.0717846
gpu_avg_SPP, = 0.00885323
gpu_avg_SFUP, = 0.00618259
gpu_avg_FPUP, = 0
gpu_avg_SCHEDP, = 0.00315067
gpu_avg_L2CP, = 0.16495
gpu_avg_MCP, = 1.18551
gpu_avg_NOCP, = 0.105017
gpu_avg_DRAMP, = 0.135212
gpu_avg_PIPEP, = 0.0792143
gpu_avg_IDLE_COREP, = 19.0729
gpu_avg_CONST_DYNAMICP = 9.82366
gpu_avg_TOT_INST, = 46.5556
gpu_avg_FP_INT, = 41
gpu_avg_IC_H, = 20.3056
gpu_avg_IC_M, = 3
gpu_avg_DC_RH, = 0.0833333
gpu_avg_DC_RM, = 2.83333
gpu_avg_DC_WH, = 1.19444
gpu_avg_DC_WM, = 0
gpu_avg_TC_H, = 0
gpu_avg_TC_M, = 0
gpu_avg_CC_H, = 0.416667
gpu_avg_CC_M, = 0.416667
gpu_avg_SHRD_ACC, = 50.75
gpu_avg_REG_RD, = 2013.33
gpu_avg_REG_WR, = 1170.67
gpu_avg_NON_REG_OPs, = 559.111
gpu_avg_SP_ACC, = 2346.67
gpu_avg_SFU_ACC, = 91.3333
gpu_avg_FPU_ACC, = 0
gpu_avg_MEM_RD, = 3.77778
gpu_avg_MEM_WR, = 0
gpu_avg_MEM_PRE, = 0
gpu_avg_L2_RH, = 19.6111
gpu_avg_L2_RM, = 0.944444
gpu_avg_L2_WH, = 4.52778
gpu_avg_L2_WM, = 0
gpu_avg_NOC_A, = 38.6944
gpu_avg_PIPE_A, = 0.00311111
gpu_avg_IDLE_CORE_N, = 11.9956
gpu_avg_CONST_DYNAMICN = 0

Kernel Maximum Power Data:
kernel_max_power = 32.8439
gpu_max_IBP, = 0.000242868
gpu_max_ICP, = 0.0109761
gpu_max_DCP, = 0.00474891
gpu_max_TCP, = 0
gpu_max_CCP, = 0
gpu_max_SHRDP, = 0.0445087
gpu_max_RFP, = 0.0716445
gpu_max_SPP, = 0
gpu_max_SFUP, = 0
gpu_max_FPUP, = 0
gpu_max_SCHEDP, = 0.00368858
gpu_max_L2CP, = 1.89316
gpu_max_MCP, = 1.18488
gpu_max_NOCP, = 0.496664
gpu_max_DRAMP, = 0.143166
gpu_max_PIPEP, = 0.0865699
gpu_max_IDLE_COREP, = 19.08
gpu_max_CONST_DYNAMICP = 9.82366
gpu_max_TOT_INST, = 48
gpu_max_FP_INT, = 48
gpu_max_IC_H, = 21
gpu_max_IC_M, = 3
gpu_max_DC_RH, = 0
gpu_max_DC_RM, = 0
gpu_max_DC_WH, = 18
gpu_max_DC_WM, = 0
gpu_max_TC_H, = 0
gpu_max_TC_M, = 0
gpu_max_CC_H, = 0
gpu_max_CC_M, = 0
gpu_max_SHRD_ACC, = 15
gpu_max_REG_RD, = 2592
gpu_max_REG_WR, = 1152
gpu_max_NON_REG_OPs, = 480
gpu_max_SP_ACC, = 0
gpu_max_SFU_ACC, = 0
gpu_max_FPU_ACC, = 0
gpu_max_MEM_RD, = 4
gpu_max_MEM_WR, = 0
gpu_max_MEM_PRE, = 0
gpu_max_L2_RH, = 8
gpu_max_L2_RM, = 1
gpu_max_L2_WH, = 96
gpu_max_L2_WM, = 0
gpu_max_NOC_A, = 183
gpu_max_PIPE_A, = 0.0034
gpu_max_IDLE_CORE_N, = 12
gpu_max_CONST_DYNAMICN = 0

Kernel Minimum Power Data:
kernel_min_power = 30.3697
gpu_min_IBP, = 9.10754e-05
gpu_min_ICP, = 0.000799274
gpu_min_DCP, = 0.023105
gpu_min_TCP, = 0
gpu_min_CCP, = 0
gpu_min_SHRDP, = 0.0178035
gpu_min_RFP, = 0.0272329
gpu_min_SPP, = 0
gpu_min_SFUP, = 0
gpu_min_FPUP, = 0
gpu_min_SCHEDP, = 0.00138322
gpu_min_L2CP, = 0.0942494
gpu_min_MCP, = 1.18127
gpu_min_NOCP, = 0.0895624
gpu_min_DRAMP, = 0
gpu_min_PIPEP, = 0.0305541
gpu_min_IDLE_COREP, = 19.08
gpu_min_CONST_DYNAMICP = 9.82366
gpu_min_TOT_INST, = 18
gpu_min_FP_INT, = 18
gpu_min_IC_H, = 9
gpu_min_IC_M, = 0
gpu_min_DC_RH, = 0
gpu_min_DC_RM, = 9
gpu_min_DC_WH, = 0
gpu_min_DC_WM, = 0
gpu_min_TC_H, = 0
gpu_min_TC_M, = 0
gpu_min_CC_H, = 0
gpu_min_CC_M, = 0
gpu_min_SHRD_ACC, = 6
gpu_min_REG_RD, = 960
gpu_min_REG_WR, = 384
gpu_min_NON_REG_OPs, = 192
gpu_min_SP_ACC, = 0
gpu_min_SFU_ACC, = 0
gpu_min_FPU_ACC, = 0
gpu_min_MEM_RD, = 0
gpu_min_MEM_WR, = 0
gpu_min_MEM_PRE, = 0
gpu_min_L2_RH, = 24
gpu_min_L2_RM, = 0
gpu_min_L2_WH, = 0
gpu_min_L2_WM, = 0
gpu_min_NOC_A, = 33
gpu_min_PIPE_A, = 0.0012
gpu_min_IDLE_CORE_N, = 12
gpu_min_CONST_DYNAMICN = 0

Accumulative Power Statistics Over Previous Kernels:
gpu_tot_avg_power = 31.5252
gpu_tot_max_power = 34.0712
gpu_tot_min_power = 29.0403


kernel_name = _Z20needle_cuda_shared_2PiS_iiii 
kernel_launch_uid = 6 

Kernel Average Power Data:
kernel_avg_power = 32.2103
gpu_avg_IBP, = 0.000200994
gpu_avg_ICP, = 0.00907445
gpu_avg_DCP, = 0.0119382
gpu_avg_TCP, = 0
gpu_avg_CCP, = 0.00106617
gpu_avg_SHRDP, = 0.125443
gpu_avg_RFP, = 0.0611083
gpu_avg_SPP, = 0.00732681
gpu_avg_SFUP, = 0.00511662
gpu_avg_FPUP, = 0
gpu_avg_SCHEDP, = 0.00268959
gpu_avg_L2CP, = 0.177551
gpu_avg_MCP, = 1.18
gpu_avg_NOCP, = 0.103507
gpu_avg_DRAMP, = 0.00493675
gpu_avg_PIPEP, = 0.0674297
gpu_avg_IDLE_COREP, = 20.6292
gpu_avg_CONST_DYNAMICP = 9.82366
gpu_avg_TOT_INST, = 39.7241
gpu_avg_FP_INT, = 35
gpu_avg_IC_H, = 17.2759
gpu_avg_IC_M, = 2.48276
gpu_avg_DC_RH, = 0.0689655
gpu_avg_DC_RM, = 3.31034
gpu_avg_DC_WH, = 1.34483
gpu_avg_DC_WM, = 1.13793
gpu_avg_TC_H, = 0
gpu_avg_TC_M, = 0
gpu_avg_CC_H, = 0.344828
gpu_avg_CC_M, = 0.344828
gpu_avg_SHRD_ACC, = 42.2759
gpu_avg_REG_RD, = 1723.59
gpu_avg_REG_WR, = 1017.38
gpu_avg_NON_REG_OPs, = 472.276
gpu_avg_SP_ACC, = 1942.07
gpu_avg_SFU_ACC, = 75.5862
gpu_avg_FPU_ACC, = 0
gpu_avg_MEM_RD, = 0.137931
gpu_avg_MEM_WR, = 0
gpu_avg_MEM_PRE, = 0
gpu_avg_L2_RH, = 23.5862
gpu_avg_L2_RM, = 0.0344828
gpu_avg_L2_WH, = 4.37931
gpu_avg_L2_WM, = 0
gpu_avg_NOC_A, = 38.1379
gpu_avg_PIPE_A, = 0.00264828
gpu_avg_IDLE_CORE_N, = 12.9743
gpu_avg_CONST_DYNAMICN = 0

Kernel Maximum Power Data:
kernel_max_power = 33.26
gpu_max_IBP, = 0.000242868
gpu_max_ICP, = 0.00785023
gpu_max_DCP, = 0.0385798
gpu_max_TCP, = 0
gpu_max_CCP, = 0
gpu_max_SHRDP, = 0.0415415
gpu_max_RFP, = 0.0666841
gpu_max_SPP, = 0
gpu_max_SFUP, = 0
gpu_max_FPUP, = 0
gpu_max_SCHEDP, = 0.00353489
gpu_max_L2CP, = 1.01302
gpu_max_MCP, = 1.1931
gpu_max_NOCP, = 0.320253
gpu_max_DRAMP, = 0
gpu_max_PIPEP, = 0.0814775
gpu_max_IDLE_COREP, = 20.67
gpu_max_CONST_DYNAMICP = 9.82366
gpu_max_TOT_INST, = 48
gpu_max_FP_INT, = 46
gpu_max_IC_H, = 20
gpu_max_IC_M, = 2
gpu_max_DC_RH, = 0
gpu_max_DC_RM, = 0
gpu_max_DC_WH, = 14
gpu_max_DC_WM, = 14
gpu_max_TC_H, = 0
gpu_max_TC_M, = 0
gpu_max_CC_H, = 0
gpu_max_CC_M, = 0
gpu_max_SHRD_ACC, = 14
gpu_max_REG_RD, = 2496
gpu_max_REG_WR, = 960
gpu_max_NON_REG_OPs, = 448
gpu_max_SP_ACC, = 0
gpu_max_SFU_ACC, = 0
gpu_max_FPU_ACC, = 0
gpu_max_MEM_RD, = 0
gpu_max_MEM_WR, = 0
gpu_max_MEM_PRE, = 0
gpu_max_L2_RH, = 16
gpu_max_L2_RM, = 0
gpu_max_L2_WH, = 49
gpu_max_L2_WM, = 0
gpu_max_NOC_A, = 118
gpu_max_PIPE_A, = 0.0032
gpu_max_IDLE_CORE_N, = 13
gpu_max_CONST_DYNAMICN = 0

Kernel Minimum Power Data:
kernel_min_power = 31.9938
gpu_min_IBP, = 6.0717e-05
gpu_min_ICP, = 0.000532849
gpu_min_DCP, = 0.0256722
gpu_min_TCP, = 0
gpu_min_CCP, = 0
gpu_min_SHRDP, = 0.011869
gpu_min_RFP, = 0.0192279
gpu_min_SPP, = 0
gpu_min_SFUP, = 0
gpu_min_FPUP, = 0
gpu_min_SCHEDP, = 0.000922146
gpu_min_L2CP, = 0.125666
gpu_min_MCP, = 1.18181
gpu_min_NOCP, = 0.113989
gpu_min_DRAMP, = 0
gpu_min_PIPEP, = 0.0203694
gpu_min_IDLE_COREP, = 20.67
gpu_min_CONST_DYNAMICP = 9.82366
gpu_min_TOT_INST, = 12
gpu_min_FP_INT, = 12
gpu_min_IC_H, = 6
gpu_min_IC_M, = 0
gpu_min_DC_RH, = 0
gpu_min_DC_RM, = 10
gpu_min_DC_WH, = 0
gpu_min_DC_WM, = 0
gpu_min_TC_H, = 0
gpu_min_TC_M, = 0
gpu_min_CC_H, = 0
gpu_min_CC_M, = 0
gpu_min_SHRD_ACC, = 4
gpu_min_REG_RD, = 640
gpu_min_REG_WR, = 384
gpu_min_NON_REG_OPs, = 128
gpu_min_SP_ACC, = 0
gpu_min_SFU_ACC, = 0
gpu_min_FPU_ACC, = 0
gpu_min_MEM_RD, = 0
gpu_min_MEM_WR, = 0
gpu_min_MEM_PRE, = 0
gpu_min_L2_RH, = 32
gpu_min_L2_RM, = 0
gpu_min_L2_WH, = 0
gpu_min_L2_WM, = 0
gpu_min_NOC_A, = 42
gpu_min_PIPE_A, = 0.0008
gpu_min_IDLE_CORE_N, = 13
gpu_min_CONST_DYNAMICN = 0

Accumulative Power Statistics Over Previous Kernels:
gpu_tot_avg_power = 31.6297
gpu_tot_max_power = 34.0712
gpu_tot_min_power = 29.0403


kernel_name = _Z20needle_cuda_shared_2PiS_iiii 
kernel_launch_uid = 7 

Kernel Average Power Data:
kernel_avg_power = 33.5197
gpu_avg_IBP, = 0.000102694
gpu_avg_ICP, = 0.00461382
gpu_avg_DCP, = 0.00344492
gpu_avg_TCP, = 0
gpu_avg_CCP, = 0.000669731
gpu_avg_SHRDP, = 0.0663784
gpu_avg_RFP, = 0.0310916
gpu_avg_SPP, = 0.00393477
gpu_avg_SFUP, = 0.00274782
gpu_avg_FPUP, = 0
gpu_avg_SCHEDP, = 0.00137183
gpu_avg_L2CP, = 0.0750356
gpu_avg_MCP, = 1.17736
gpu_avg_NOCP, = 0.042419
gpu_avg_DRAMP, = 0.00419628
gpu_avg_PIPEP, = 0.0342005
gpu_avg_IDLE_COREP, = 22.2485
gpu_avg_CONST_DYNAMICP = 9.82366
gpu_avg_TOT_INST, = 20.2963
gpu_avg_FP_INT, = 17.8519
gpu_avg_IC_H, = 8.88889
gpu_avg_IC_M, = 1.25926
gpu_avg_DC_RH, = 0.037037
gpu_avg_DC_RM, = 1.25926
gpu_avg_DC_WH, = 0.296296
gpu_avg_DC_WM, = 0
gpu_avg_TC_H, = 0
gpu_avg_TC_M, = 0
gpu_avg_CC_H, = 0.37037
gpu_avg_CC_M, = 0
gpu_avg_SHRD_ACC, = 22.3704
gpu_avg_REG_RD, = 869.926
gpu_avg_REG_WR, = 502.519
gpu_avg_NON_REG_OPs, = 242.963
gpu_avg_SP_ACC, = 1042.96
gpu_avg_SFU_ACC, = 40.5926
gpu_avg_FPU_ACC, = 0
gpu_avg_MEM_RD, = 0.111111
gpu_avg_MEM_WR, = 0
gpu_avg_MEM_PRE, = 0.037037
gpu_avg_L2_RH, = 9.96296
gpu_avg_L2_RM, = 0
gpu_avg_L2_WH, = 1.85185
gpu_avg_L2_WM, = 0
gpu_avg_NOC_A, = 15.6296
gpu_avg_PIPE_A, = 0.00134321
gpu_avg_IDLE_CORE_N, = 13.9927
gpu_avg_CONST_DYNAMICN = 0

Kernel Maximum Power Data:
kernel_max_power = 34.2041
gpu_max_IBP, = 0.000121434
gpu_max_ICP, = 0.00696214
gpu_max_DCP, = 0.0018468
gpu_max_TCP, = 0
gpu_max_CCP, = 0
gpu_max_SHRDP, = 0.0207707
gpu_max_RFP, = 0.0330165
gpu_max_SPP, = 0
gpu_max_SFUP, = 0
gpu_max_FPUP, = 0
gpu_max_SCHEDP, = 0.00184429
gpu_max_L2CP, = 0.65195
gpu_max_MCP, = 1.17665
gpu_max_NOCP, = 0.189981
gpu_max_DRAMP, = 0
gpu_max_PIPEP, = 0.0373439
gpu_max_IDLE_COREP, = 22.26
gpu_max_CONST_DYNAMICP = 9.82366
gpu_max_TOT_INST, = 24
gpu_max_FP_INT, = 24
gpu_max_IC_H, = 10
gpu_max_IC_M, = 2
gpu_max_DC_RH, = 0
gpu_max_DC_RM, = 0
gpu_max_DC_WH, = 7
gpu_max_DC_WM, = 0
gpu_max_TC_H, = 0
gpu_max_TC_M, = 0
gpu_max_CC_H, = 0
gpu_max_CC_M, = 0
gpu_max_SHRD_ACC, = 7
gpu_max_REG_RD, = 1216
gpu_max_REG_WR, = 480
gpu_max_NON_REG_OPs, = 224
gpu_max_SP_ACC, = 0
gpu_max_SFU_ACC, = 0
gpu_max_FPU_ACC, = 0
gpu_max_MEM_RD, = 0
gpu_max_MEM_WR, = 0
gpu_max_MEM_PRE, = 0
gpu_max_L2_RH, = 8
gpu_max_L2_RM, = 0
gpu_max_L2_WH, = 32
gpu_max_L2_WM, = 0
gpu_max_NOC_A, = 70
gpu_max_PIPE_A, = 0.00146667
gpu_max_IDLE_CORE_N, = 14
gpu_max_CONST_DYNAMICN = 0

Kernel Minimum Power Data:
kernel_min_power = 33.3659
gpu_min_IBP, = 3.03585e-05
gpu_min_ICP, = 0.000266425
gpu_min_DCP, = 0.00770167
gpu_min_TCP, = 0
gpu_min_CCP, = 0
gpu_min_SHRDP, = 0.00890175
gpu_min_RFP, = 0.012046
gpu_min_SPP, = 0
gpu_min_SFUP, = 0
gpu_min_FPUP, = 0
gpu_min_SCHEDP, = 0.000461073
gpu_min_L2CP, = 0.0314165
gpu_min_MCP, = 1.17798
gpu_min_NOCP, = 0.0298541
gpu_min_DRAMP, = 0
gpu_min_PIPEP, = 0.0135796
gpu_min_IDLE_COREP, = 22.26
gpu_min_CONST_DYNAMICP = 9.82366
gpu_min_TOT_INST, = 6
gpu_min_FP_INT, = 6
gpu_min_IC_H, = 3
gpu_min_IC_M, = 0
gpu_min_DC_RH, = 0
gpu_min_DC_RM, = 3
gpu_min_DC_WH, = 0
gpu_min_DC_WM, = 0
gpu_min_TC_H, = 0
gpu_min_TC_M, = 0
gpu_min_CC_H, = 0
gpu_min_CC_M, = 0
gpu_min_SHRD_ACC, = 3
gpu_min_REG_RD, = 352
gpu_min_REG_WR, = 160
gpu_min_NON_REG_OPs, = 96
gpu_min_SP_ACC, = 0
gpu_min_SFU_ACC, = 0
gpu_min_FPU_ACC, = 0
gpu_min_MEM_RD, = 0
gpu_min_MEM_WR, = 0
gpu_min_MEM_PRE, = 0
gpu_min_L2_RH, = 8
gpu_min_L2_RM, = 0
gpu_min_L2_WH, = 0
gpu_min_L2_WM, = 0
gpu_min_NOC_A, = 11
gpu_min_PIPE_A, = 0.000533333
gpu_min_IDLE_CORE_N, = 14
gpu_min_CONST_DYNAMICN = 0

Accumulative Power Statistics Over Previous Kernels:
gpu_tot_avg_power = 31.8649
gpu_tot_max_power = 34.2041
gpu_tot_min_power = 29.0403


